WARNING:tensorflow:From /home/stud/minawoi/miniconda3/envs/conda-venv/lib/python3.7/site-packages/tensorflow_core/python/ops/resource_variable_ops.py:1630: calling BaseResourceVariable.__init__ (from tensorflow.python.ops.resource_variable_ops) with constraint is deprecated and will be removed in a future version.
Instructions for updating:
If using Keras pass *_constraint arguments to layers.
2024-04-08 16:07:30.367693: I tensorflow/stream_executor/platform/default/dso_loader.cc:44] Successfully opened dynamic library libcuda.so.1
2024-04-08 16:07:30.589938: I tensorflow/core/common_runtime/gpu/gpu_device.cc:1618] Found device 0 with properties: 
name: Tesla V100-PCIE-32GB major: 7 minor: 0 memoryClockRate(GHz): 1.38
pciBusID: 0000:8a:00.0
2024-04-08 16:07:30.590646: I tensorflow/stream_executor/platform/default/dso_loader.cc:44] Successfully opened dynamic library libcudart.so.10.0
2024-04-08 16:07:30.593882: I tensorflow/stream_executor/platform/default/dso_loader.cc:44] Successfully opened dynamic library libcublas.so.10.0
2024-04-08 16:07:30.595918: I tensorflow/stream_executor/platform/default/dso_loader.cc:44] Successfully opened dynamic library libcufft.so.10.0
2024-04-08 16:07:30.596804: I tensorflow/stream_executor/platform/default/dso_loader.cc:44] Successfully opened dynamic library libcurand.so.10.0
2024-04-08 16:07:30.599645: I tensorflow/stream_executor/platform/default/dso_loader.cc:44] Successfully opened dynamic library libcusolver.so.10.0
2024-04-08 16:07:30.601738: I tensorflow/stream_executor/platform/default/dso_loader.cc:44] Successfully opened dynamic library libcusparse.so.10.0
2024-04-08 16:07:30.607815: I tensorflow/stream_executor/platform/default/dso_loader.cc:44] Successfully opened dynamic library libcudnn.so.7
2024-04-08 16:07:30.614843: I tensorflow/core/common_runtime/gpu/gpu_device.cc:1746] Adding visible gpu devices: 0
2024-04-08 16:07:30.615828: I tensorflow/core/platform/cpu_feature_guard.cc:142] Your CPU supports instructions that this TensorFlow binary was not compiled to use: AVX2 FMA
2024-04-08 16:07:30.630368: I tensorflow/core/platform/profile_utils/cpu_utils.cc:94] CPU Frequency: 2199835000 Hz
2024-04-08 16:07:30.633640: I tensorflow/compiler/xla/service/service.cc:168] XLA service 0x59ade50 initialized for platform Host (this does not guarantee that XLA will be used). Devices:
2024-04-08 16:07:30.633718: I tensorflow/compiler/xla/service/service.cc:176]   StreamExecutor device (0): Host, Default Version
2024-04-08 16:07:31.030194: I tensorflow/compiler/xla/service/service.cc:168] XLA service 0x3d37630 initialized for platform CUDA (this does not guarantee that XLA will be used). Devices:
2024-04-08 16:07:31.030276: I tensorflow/compiler/xla/service/service.cc:176]   StreamExecutor device (0): Tesla V100-PCIE-32GB, Compute Capability 7.0
2024-04-08 16:07:31.032762: I tensorflow/core/common_runtime/gpu/gpu_device.cc:1618] Found device 0 with properties: 
name: Tesla V100-PCIE-32GB major: 7 minor: 0 memoryClockRate(GHz): 1.38
pciBusID: 0000:8a:00.0
2024-04-08 16:07:31.032935: I tensorflow/stream_executor/platform/default/dso_loader.cc:44] Successfully opened dynamic library libcudart.so.10.0
2024-04-08 16:07:31.032978: I tensorflow/stream_executor/platform/default/dso_loader.cc:44] Successfully opened dynamic library libcublas.so.10.0
2024-04-08 16:07:31.033022: I tensorflow/stream_executor/platform/default/dso_loader.cc:44] Successfully opened dynamic library libcufft.so.10.0
2024-04-08 16:07:31.033054: I tensorflow/stream_executor/platform/default/dso_loader.cc:44] Successfully opened dynamic library libcurand.so.10.0
2024-04-08 16:07:31.033098: I tensorflow/stream_executor/platform/default/dso_loader.cc:44] Successfully opened dynamic library libcusolver.so.10.0
2024-04-08 16:07:31.033129: I tensorflow/stream_executor/platform/default/dso_loader.cc:44] Successfully opened dynamic library libcusparse.so.10.0
2024-04-08 16:07:31.033166: I tensorflow/stream_executor/platform/default/dso_loader.cc:44] Successfully opened dynamic library libcudnn.so.7
2024-04-08 16:07:31.037712: I tensorflow/core/common_runtime/gpu/gpu_device.cc:1746] Adding visible gpu devices: 0
2024-04-08 16:07:31.037967: I tensorflow/stream_executor/platform/default/dso_loader.cc:44] Successfully opened dynamic library libcudart.so.10.0
2024-04-08 16:07:31.042158: I tensorflow/core/common_runtime/gpu/gpu_device.cc:1159] Device interconnect StreamExecutor with strength 1 edge matrix:
2024-04-08 16:07:31.042222: I tensorflow/core/common_runtime/gpu/gpu_device.cc:1165]      0 
2024-04-08 16:07:31.042238: I tensorflow/core/common_runtime/gpu/gpu_device.cc:1178] 0:   N 
2024-04-08 16:07:31.048368: I tensorflow/core/common_runtime/gpu/gpu_device.cc:1304] Created TensorFlow device (/job:localhost/replica:0/task:0/device:GPU:0 with 555 MB memory) -> physical GPU (device: 0, name: Tesla V100-PCIE-32GB, pci bus id: 0000:8a:00.0, compute capability: 7.0)
WARNING:tensorflow:Output bob missing from loss dictionary. We assume this was done on purpose. The fit and evaluate APIs will not be expecting any data to be passed to bob.
WARNING:tensorflow:Output bob_1 missing from loss dictionary. We assume this was done on purpose. The fit and evaluate APIs will not be expecting any data to be passed to bob_1.
WARNING:tensorflow:Output eve missing from loss dictionary. We assume this was done on purpose. The fit and evaluate APIs will not be expecting any data to be passed to eve.
WARNING:tensorflow:Output eve_1 missing from loss dictionary. We assume this was done on purpose. The fit and evaluate APIs will not be expecting any data to be passed to eve_1.
2024-04-08 16:07:36.603791: I tensorflow/stream_executor/platform/default/dso_loader.cc:44] Successfully opened dynamic library libcublas.so.10.0
Train on 384 samples, validate on 384 samples
Epoch 1/512
384/384 - 1s - loss: 0.7321 - val_loss: 0.0038
Epoch 2/512
384/384 - 0s - loss: 0.2471 - val_loss: 7.8933e-04
Epoch 3/512
384/384 - 0s - loss: 0.0527 - val_loss: 2.1163e-04
Epoch 4/512
384/384 - 0s - loss: 0.0163 - val_loss: 1.0259e-04
Epoch 5/512
384/384 - 0s - loss: 0.0092 - val_loss: 7.6157e-05
Epoch 6/512
384/384 - 0s - loss: 0.0071 - val_loss: 6.1640e-05
Epoch 7/512
384/384 - 0s - loss: 0.0057 - val_loss: 4.8528e-05
Epoch 8/512
384/384 - 0s - loss: 0.0044 - val_loss: 3.6316e-05
Epoch 9/512
384/384 - 0s - loss: 0.0033 - val_loss: 2.5508e-05
Epoch 10/512
384/384 - 0s - loss: 0.0022 - val_loss: 1.6571e-05
Epoch 11/512
384/384 - 0s - loss: 0.0014 - val_loss: 9.7741e-06
Epoch 12/512
384/384 - 0s - loss: 8.0705e-04 - val_loss: 5.1175e-06
Epoch 13/512
384/384 - 0s - loss: 4.0621e-04 - val_loss: 2.3145e-06
Epoch 14/512
384/384 - 0s - loss: 1.7547e-04 - val_loss: 8.7686e-07
Epoch 15/512
384/384 - 0s - loss: 6.3065e-05 - val_loss: 2.6954e-07
Epoch 16/512
384/384 - 0s - loss: 1.8683e-05 - val_loss: 9.6656e-08
Epoch 17/512
384/384 - 0s - loss: 2.7981e-05 - val_loss: 2.8498e-06
Epoch 18/512
384/384 - 0s - loss: 0.0025 - val_loss: 8.8173e-05
Epoch 19/512
384/384 - 0s - loss: 0.0051 - val_loss: 9.6681e-06
Epoch 20/512
384/384 - 0s - loss: 6.3605e-04 - val_loss: 2.9479e-06
Epoch 21/512
384/384 - 0s - loss: 2.9024e-04 - val_loss: 3.9701e-06
Epoch 22/512
384/384 - 0s - loss: 6.6907e-04 - val_loss: 1.8080e-05
Epoch 23/512
384/384 - 0s - loss: 0.0028 - val_loss: 3.2228e-05
Epoch 24/512
384/384 - 0s - loss: 0.0026 - val_loss: 1.4017e-05
Epoch 25/512
384/384 - 0s - loss: 0.0011 - val_loss: 7.2498e-06
Epoch 26/512
384/384 - 0s - loss: 7.9599e-04 - val_loss: 1.1270e-05
Epoch 27/512
384/384 - 0s - loss: 0.0014 - val_loss: 2.0633e-05
Epoch 28/512
384/384 - 0s - loss: 0.0022 - val_loss: 2.1529e-05
Epoch 29/512
384/384 - 0s - loss: 0.0018 - val_loss: 1.1321e-05
Epoch 30/512
384/384 - 0s - loss: 0.0011 - val_loss: 1.1075e-05
Epoch 31/512
384/384 - 0s - loss: 0.0012 - val_loss: 1.4258e-05
Epoch 32/512
384/384 - 0s - loss: 0.0016 - val_loss: 1.9416e-05
Epoch 33/512
384/384 - 0s - loss: 0.0018 - val_loss: 1.4259e-05
Epoch 34/512
384/384 - 0s - loss: 0.0014 - val_loss: 1.2654e-05
Epoch 35/512
384/384 - 0s - loss: 0.0012 - val_loss: 1.2072e-05
Epoch 36/512
384/384 - 0s - loss: 0.0013 - val_loss: 1.5681e-05
Epoch 37/512
384/384 - 0s - loss: 0.0016 - val_loss: 1.4357e-05
Epoch 38/512
384/384 - 0s - loss: 0.0014 - val_loss: 1.3736e-05
Epoch 39/512
384/384 - 0s - loss: 0.0013 - val_loss: 1.1765e-05
Epoch 40/512
384/384 - 0s - loss: 0.0012 - val_loss: 1.3549e-05
Epoch 41/512
384/384 - 0s - loss: 0.0013 - val_loss: 1.3209e-05
Epoch 42/512
384/384 - 0s - loss: 0.0014 - val_loss: 1.3944e-05
Epoch 43/512
384/384 - 0s - loss: 0.0013 - val_loss: 1.1907e-05
Epoch 44/512
384/384 - 0s - loss: 0.0012 - val_loss: 1.2841e-05
Epoch 45/512
384/384 - 0s - loss: 0.0013 - val_loss: 1.2080e-05
Epoch 46/512
384/384 - 0s - loss: 0.0013 - val_loss: 1.3158e-05
Epoch 47/512
384/384 - 0s - loss: 0.0013 - val_loss: 1.1622e-05
Epoch 48/512
384/384 - 0s - loss: 0.0012 - val_loss: 1.2344e-05
Epoch 49/512
384/384 - 0s - loss: 0.0012 - val_loss: 1.1279e-05
Epoch 50/512
384/384 - 0s - loss: 0.0012 - val_loss: 1.2339e-05
Epoch 51/512
384/384 - 0s - loss: 0.0012 - val_loss: 1.1178e-05
Epoch 52/512
384/384 - 0s - loss: 0.0011 - val_loss: 1.1804e-05
Epoch 53/512
384/384 - 0s - loss: 0.0011 - val_loss: 1.0632e-05
Epoch 54/512
384/384 - 0s - loss: 0.0011 - val_loss: 1.1613e-05
Epoch 55/512
384/384 - 0s - loss: 0.0011 - val_loss: 1.0634e-05
Epoch 56/512
384/384 - 0s - loss: 0.0011 - val_loss: 1.1271e-05
Epoch 57/512
384/384 - 0s - loss: 0.0011 - val_loss: 1.0294e-05
Epoch 58/512
384/384 - 0s - loss: 0.0011 - val_loss: 1.1039e-05
Epoch 59/512
384/384 - 0s - loss: 0.0011 - val_loss: 1.0010e-05
Epoch 60/512
384/384 - 0s - loss: 0.0010 - val_loss: 1.0651e-05
Epoch 61/512
384/384 - 0s - loss: 0.0010 - val_loss: 9.9052e-06
Epoch 62/512
384/384 - 0s - loss: 0.0010 - val_loss: 1.0586e-05
Epoch 63/512
384/384 - 0s - loss: 0.0010 - val_loss: 9.6392e-06
Epoch 64/512
384/384 - 0s - loss: 9.8273e-04 - val_loss: 1.0109e-05
Epoch 65/512
384/384 - 0s - loss: 9.7363e-04 - val_loss: 9.3404e-06
Epoch 66/512
384/384 - 0s - loss: 9.5688e-04 - val_loss: 9.9431e-06
Epoch 67/512
384/384 - 0s - loss: 9.6710e-04 - val_loss: 9.1490e-06
Epoch 68/512
384/384 - 0s - loss: 9.2842e-04 - val_loss: 9.6625e-06
Epoch 69/512
384/384 - 0s - loss: 9.4553e-04 - val_loss: 8.8274e-06
Epoch 70/512
384/384 - 0s - loss: 8.9420e-04 - val_loss: 9.3891e-06
Epoch 71/512
384/384 - 0s - loss: 9.1985e-04 - val_loss: 8.7191e-06
Epoch 72/512
384/384 - 0s - loss: 8.8650e-04 - val_loss: 9.1520e-06
Epoch 73/512
384/384 - 0s - loss: 9.0074e-04 - val_loss: 8.3359e-06
Epoch 74/512
384/384 - 0s - loss: 8.4657e-04 - val_loss: 8.7883e-06
Epoch 75/512
384/384 - 0s - loss: 8.6682e-04 - val_loss: 8.3153e-06
Epoch 76/512
384/384 - 0s - loss: 8.5132e-04 - val_loss: 8.7481e-06
Epoch 77/512
384/384 - 0s - loss: 8.4779e-04 - val_loss: 8.0770e-06
Epoch 78/512
384/384 - 0s - loss: 8.2226e-04 - val_loss: 8.4014e-06
Epoch 79/512
384/384 - 0s - loss: 8.2217e-04 - val_loss: 7.8412e-06
Epoch 80/512
384/384 - 0s - loss: 7.9466e-04 - val_loss: 8.2921e-06
Epoch 81/512
384/384 - 0s - loss: 8.1426e-04 - val_loss: 7.7711e-06
Epoch 82/512
384/384 - 0s - loss: 7.8982e-04 - val_loss: 7.9808e-06
Epoch 83/512
384/384 - 0s - loss: 7.7820e-04 - val_loss: 7.4373e-06
Epoch 84/512
384/384 - 0s - loss: 7.5859e-04 - val_loss: 7.8571e-06
Epoch 85/512
384/384 - 0s - loss: 7.7385e-04 - val_loss: 7.3845e-06
Epoch 86/512
384/384 - 0s - loss: 7.4903e-04 - val_loss: 7.6111e-06
Epoch 87/512
384/384 - 0s - loss: 7.4237e-04 - val_loss: 7.1625e-06
Epoch 88/512
384/384 - 0s - loss: 7.3021e-04 - val_loss: 7.4553e-06
Epoch 89/512
384/384 - 0s - loss: 7.3608e-04 - val_loss: 6.9663e-06
Epoch 90/512
384/384 - 0s - loss: 7.0334e-04 - val_loss: 7.2433e-06
Epoch 91/512
384/384 - 0s - loss: 7.1090e-04 - val_loss: 6.9409e-06
Epoch 92/512
384/384 - 0s - loss: 7.0209e-04 - val_loss: 7.2051e-06
Epoch 93/512
384/384 - 0s - loss: 7.0524e-04 - val_loss: 6.6765e-06
Epoch 94/512
384/384 - 0s - loss: 6.6591e-04 - val_loss: 6.9117e-06
Epoch 95/512
384/384 - 0s - loss: 6.8030e-04 - val_loss: 6.6516e-06
Epoch 96/512
384/384 - 0s - loss: 6.6903e-04 - val_loss: 6.8952e-06
Epoch 97/512
384/384 - 0s - loss: 6.7405e-04 - val_loss: 6.4145e-06
Epoch 98/512
384/384 - 0s - loss: 6.3970e-04 - val_loss: 6.5837e-06
Epoch 99/512
384/384 - 0s - loss: 6.4614e-04 - val_loss: 6.3559e-06
Epoch 100/512
384/384 - 0s - loss: 6.4023e-04 - val_loss: 6.5741e-06
Epoch 101/512
384/384 - 0s - loss: 6.4274e-04 - val_loss: 6.1672e-06
Epoch 102/512
384/384 - 0s - loss: 6.2191e-04 - val_loss: 6.2216e-06
Epoch 103/512
384/384 - 0s - loss: 6.0900e-04 - val_loss: 6.0042e-06
Epoch 104/512
384/384 - 0s - loss: 6.0910e-04 - val_loss: 6.2871e-06
Epoch 105/512
384/384 - 0s - loss: 6.2236e-04 - val_loss: 5.9216e-06
Epoch 106/512
384/384 - 0s - loss: 5.8994e-04 - val_loss: 5.9941e-06
Epoch 107/512
384/384 - 0s - loss: 5.9291e-04 - val_loss: 5.7356e-06
Epoch 108/512
384/384 - 0s - loss: 5.7569e-04 - val_loss: 5.9770e-06
Epoch 109/512
384/384 - 0s - loss: 5.9323e-04 - val_loss: 5.7054e-06
Epoch 110/512
384/384 - 0s - loss: 5.7005e-04 - val_loss: 5.7527e-06
Epoch 111/512
384/384 - 0s - loss: 5.7217e-04 - val_loss: 5.4613e-06
Epoch 112/512
384/384 - 0s - loss: 5.5168e-04 - val_loss: 5.5883e-06
Epoch 113/512
384/384 - 0s - loss: 5.5644e-04 - val_loss: 5.4799e-06
Epoch 114/512
384/384 - 0s - loss: 5.5201e-04 - val_loss: 5.6378e-06
Epoch 115/512
384/384 - 0s - loss: 5.5504e-04 - val_loss: 5.3332e-06
Epoch 116/512
384/384 - 0s - loss: 5.3212e-04 - val_loss: 5.3637e-06
Epoch 117/512
384/384 - 0s - loss: 5.2864e-04 - val_loss: 5.2569e-06
Epoch 118/512
384/384 - 0s - loss: 5.3255e-04 - val_loss: 5.3834e-06
Epoch 119/512
384/384 - 0s - loss: 5.3004e-04 - val_loss: 5.1326e-06
Epoch 120/512
384/384 - 0s - loss: 5.1206e-04 - val_loss: 5.1836e-06
Epoch 121/512
384/384 - 0s - loss: 5.1207e-04 - val_loss: 5.0603e-06
Epoch 122/512
384/384 - 0s - loss: 5.0687e-04 - val_loss: 5.1781e-06
Epoch 123/512
384/384 - 0s - loss: 5.1165e-04 - val_loss: 4.9721e-06
Epoch 124/512
384/384 - 0s - loss: 4.9645e-04 - val_loss: 4.9684e-06
Epoch 125/512
384/384 - 0s - loss: 4.9143e-04 - val_loss: 4.8341e-06
Epoch 126/512
384/384 - 0s - loss: 4.8909e-04 - val_loss: 4.9015e-06
Epoch 127/512
384/384 - 0s - loss: 4.8486e-04 - val_loss: 4.7769e-06
Epoch 128/512
384/384 - 0s - loss: 4.8052e-04 - val_loss: 4.8322e-06
Epoch 129/512
384/384 - 0s - loss: 4.7970e-04 - val_loss: 4.6713e-06
Epoch 130/512
384/384 - 0s - loss: 4.6956e-04 - val_loss: 4.6865e-06
Epoch 131/512
384/384 - 0s - loss: 4.6271e-04 - val_loss: 4.6123e-06
Epoch 132/512
384/384 - 0s - loss: 4.6411e-04 - val_loss: 4.6952e-06
Epoch 133/512
384/384 - 0s - loss: 4.6443e-04 - val_loss: 4.5306e-06
Epoch 134/512
384/384 - 0s - loss: 4.5298e-04 - val_loss: 4.5100e-06
Epoch 135/512
384/384 - 0s - loss: 4.4668e-04 - val_loss: 4.4220e-06
Epoch 136/512
384/384 - 0s - loss: 4.4470e-04 - val_loss: 4.5015e-06
Epoch 137/512
384/384 - 0s - loss: 4.4858e-04 - val_loss: 4.3803e-06
Epoch 138/512
384/384 - 0s - loss: 4.3748e-04 - val_loss: 4.3770e-06
Epoch 139/512
384/384 - 0s - loss: 4.3480e-04 - val_loss: 4.2670e-06
Epoch 140/512
384/384 - 0s - loss: 4.3123e-04 - val_loss: 4.2723e-06
Epoch 141/512
384/384 - 0s - loss: 4.2413e-04 - val_loss: 4.2189e-06
Epoch 142/512
384/384 - 0s - loss: 4.2563e-04 - val_loss: 4.2542e-06
Epoch 143/512
384/384 - 0s - loss: 4.2125e-04 - val_loss: 4.1548e-06
Epoch 144/512
384/384 - 0s - loss: 4.1651e-04 - val_loss: 4.1567e-06
Epoch 145/512
384/384 - 0s - loss: 4.1259e-04 - val_loss: 4.0773e-06
Epoch 146/512
384/384 - 0s - loss: 4.0821e-04 - val_loss: 4.0950e-06
Epoch 147/512
384/384 - 0s - loss: 4.0755e-04 - val_loss: 4.0273e-06
Epoch 148/512
384/384 - 0s - loss: 4.0436e-04 - val_loss: 4.0158e-06
Epoch 149/512
384/384 - 0s - loss: 3.9949e-04 - val_loss: 3.9187e-06
Epoch 150/512
384/384 - 0s - loss: 3.9019e-04 - val_loss: 3.9776e-06
Epoch 151/512
384/384 - 0s - loss: 3.9421e-04 - val_loss: 3.9704e-06
Epoch 152/512
384/384 - 0s - loss: 3.9611e-04 - val_loss: 3.9280e-06
Epoch 153/512
384/384 - 0s - loss: 3.8719e-04 - val_loss: 3.7906e-06
Epoch 154/512
384/384 - 0s - loss: 3.7852e-04 - val_loss: 3.7964e-06
Epoch 155/512
384/384 - 0s - loss: 3.7819e-04 - val_loss: 3.7949e-06
Epoch 156/512
384/384 - 0s - loss: 3.8101e-04 - val_loss: 3.8070e-06
Epoch 157/512
384/384 - 0s - loss: 3.7710e-04 - val_loss: 3.7066e-06
Epoch 158/512
384/384 - 0s - loss: 3.6898e-04 - val_loss: 3.6827e-06
Epoch 159/512
384/384 - 0s - loss: 3.6565e-04 - val_loss: 3.6655e-06
Epoch 160/512
384/384 - 0s - loss: 3.6681e-04 - val_loss: 3.6848e-06
Epoch 161/512
384/384 - 0s - loss: 3.6531e-04 - val_loss: 3.6210e-06
Epoch 162/512
384/384 - 0s - loss: 3.5888e-04 - val_loss: 3.5893e-06
Epoch 163/512
384/384 - 0s - loss: 3.5594e-04 - val_loss: 3.5503e-06
Epoch 164/512
384/384 - 0s - loss: 3.5478e-04 - val_loss: 3.5501e-06
Epoch 165/512
384/384 - 0s - loss: 3.5208e-04 - val_loss: 3.4982e-06
Epoch 166/512
384/384 - 0s - loss: 3.4791e-04 - val_loss: 3.4846e-06
Epoch 167/512
384/384 - 0s - loss: 3.4675e-04 - val_loss: 3.4450e-06
Epoch 168/512
384/384 - 0s - loss: 3.4425e-04 - val_loss: 3.4239e-06
Epoch 169/512
384/384 - 0s - loss: 3.3981e-04 - val_loss: 3.3926e-06
Epoch 170/512
384/384 - 0s - loss: 3.3869e-04 - val_loss: 3.3829e-06
Epoch 171/512
384/384 - 0s - loss: 3.3872e-04 - val_loss: 3.3153e-06
Epoch 172/512
384/384 - 0s - loss: 3.2944e-04 - val_loss: 3.2948e-06
Epoch 173/512
384/384 - 0s - loss: 3.2872e-04 - val_loss: 3.3163e-06
Epoch 174/512
384/384 - 0s - loss: 3.3267e-04 - val_loss: 3.2971e-06
Epoch 175/512
384/384 - 0s - loss: 3.2585e-04 - val_loss: 3.2294e-06
Epoch 176/512
384/384 - 0s - loss: 3.2102e-04 - val_loss: 3.2135e-06
Epoch 177/512
384/384 - 0s - loss: 3.2056e-04 - val_loss: 3.2162e-06
Epoch 178/512
384/384 - 0s - loss: 3.2083e-04 - val_loss: 3.1947e-06
Epoch 179/512
384/384 - 0s - loss: 3.1656e-04 - val_loss: 3.1463e-06
Epoch 180/512
384/384 - 0s - loss: 3.1130e-04 - val_loss: 3.1429e-06
Epoch 181/512
384/384 - 0s - loss: 3.1288e-04 - val_loss: 3.1343e-06
Epoch 182/512
384/384 - 0s - loss: 3.1198e-04 - val_loss: 3.0820e-06
Epoch 183/512
384/384 - 0s - loss: 3.0599e-04 - val_loss: 3.0354e-06
Epoch 184/512
384/384 - 0s - loss: 3.0262e-04 - val_loss: 3.0299e-06
Epoch 185/512
384/384 - 0s - loss: 3.0500e-04 - val_loss: 3.0066e-06
Epoch 186/512
384/384 - 0s - loss: 3.0094e-04 - val_loss: 2.9664e-06
Epoch 187/512
384/384 - 0s - loss: 2.9493e-04 - val_loss: 2.9703e-06
Epoch 188/512
384/384 - 0s - loss: 2.9671e-04 - val_loss: 2.9879e-06
Epoch 189/512
384/384 - 0s - loss: 2.9457e-04 - val_loss: 2.9803e-06
Epoch 190/512
384/384 - 0s - loss: 2.9632e-04 - val_loss: 2.9170e-06
Epoch 191/512
384/384 - 0s - loss: 2.9037e-04 - val_loss: 2.8292e-06
Epoch 192/512
384/384 - 0s - loss: 2.8315e-04 - val_loss: 2.8127e-06
Epoch 193/512
384/384 - 0s - loss: 2.8311e-04 - val_loss: 2.8638e-06
Epoch 194/512
384/384 - 0s - loss: 2.8512e-04 - val_loss: 2.8827e-06
Epoch 195/512
384/384 - 0s - loss: 2.8811e-04 - val_loss: 2.8053e-06
Epoch 196/512
384/384 - 0s - loss: 2.7669e-04 - val_loss: 2.7430e-06
Epoch 197/512
384/384 - 0s - loss: 2.7458e-04 - val_loss: 2.7479e-06
Epoch 198/512
384/384 - 0s - loss: 2.7744e-04 - val_loss: 2.7406e-06
Epoch 199/512
384/384 - 0s - loss: 2.7505e-04 - val_loss: 2.7119e-06
Epoch 200/512
384/384 - 0s - loss: 2.7100e-04 - val_loss: 2.6792e-06
Epoch 201/512
384/384 - 0s - loss: 2.6744e-04 - val_loss: 2.6893e-06
Epoch 202/512
384/384 - 0s - loss: 2.6824e-04 - val_loss: 2.6972e-06
Epoch 203/512
384/384 - 0s - loss: 2.6834e-04 - val_loss: 2.6719e-06
Epoch 204/512
384/384 - 0s - loss: 2.6591e-04 - val_loss: 2.6101e-06
Epoch 205/512
384/384 - 0s - loss: 2.6029e-04 - val_loss: 2.5863e-06
Epoch 206/512
384/384 - 0s - loss: 2.5847e-04 - val_loss: 2.5903e-06
Epoch 207/512
384/384 - 0s - loss: 2.6038e-04 - val_loss: 2.5885e-06
Epoch 208/512
384/384 - 0s - loss: 2.5900e-04 - val_loss: 2.5427e-06
Epoch 209/512
384/384 - 0s - loss: 2.5204e-04 - val_loss: 2.5331e-06
Epoch 210/512
384/384 - 0s - loss: 2.5303e-04 - val_loss: 2.5264e-06
Epoch 211/512
384/384 - 0s - loss: 2.5417e-04 - val_loss: 2.5027e-06
Epoch 212/512
384/384 - 0s - loss: 2.4904e-04 - val_loss: 2.4569e-06
Epoch 213/512
384/384 - 0s - loss: 2.4554e-04 - val_loss: 2.4671e-06
Epoch 214/512
384/384 - 0s - loss: 2.4602e-04 - val_loss: 2.4799e-06
Epoch 215/512
384/384 - 0s - loss: 2.4850e-04 - val_loss: 2.4451e-06
Epoch 216/512
384/384 - 0s - loss: 2.4198e-04 - val_loss: 2.3875e-06
Epoch 217/512
384/384 - 0s - loss: 2.4182e-04 - val_loss: 2.3518e-06
Epoch 218/512
384/384 - 0s - loss: 2.3490e-04 - val_loss: 2.3621e-06
Epoch 219/512
384/384 - 0s - loss: 2.3839e-04 - val_loss: 2.3992e-06
Epoch 220/512
384/384 - 0s - loss: 2.4129e-04 - val_loss: 2.3338e-06
Epoch 221/512
384/384 - 0s - loss: 2.3151e-04 - val_loss: 2.3029e-06
Epoch 222/512
384/384 - 0s - loss: 2.3094e-04 - val_loss: 2.3025e-06
Epoch 223/512
384/384 - 0s - loss: 2.3047e-04 - val_loss: 2.3272e-06
Epoch 224/512
384/384 - 0s - loss: 2.3212e-04 - val_loss: 2.2968e-06
Epoch 225/512
384/384 - 0s - loss: 2.2984e-04 - val_loss: 2.2477e-06
Epoch 226/512
384/384 - 0s - loss: 2.2323e-04 - val_loss: 2.2205e-06
Epoch 227/512
384/384 - 0s - loss: 2.2268e-04 - val_loss: 2.2552e-06
Epoch 228/512
384/384 - 0s - loss: 2.2598e-04 - val_loss: 2.2337e-06
Epoch 229/512
384/384 - 0s - loss: 2.2170e-04 - val_loss: 2.2046e-06
Epoch 230/512
384/384 - 0s - loss: 2.1863e-04 - val_loss: 2.1849e-06
Epoch 231/512
384/384 - 0s - loss: 2.1743e-04 - val_loss: 2.1977e-06
Epoch 232/512
384/384 - 0s - loss: 2.1876e-04 - val_loss: 2.1750e-06
Epoch 233/512
384/384 - 0s - loss: 2.1667e-04 - val_loss: 2.1371e-06
Epoch 234/512
384/384 - 0s - loss: 2.1193e-04 - val_loss: 2.1015e-06
Epoch 235/512
384/384 - 0s - loss: 2.1188e-04 - val_loss: 2.1090e-06
Epoch 236/512
384/384 - 0s - loss: 2.1078e-04 - val_loss: 2.0964e-06
Epoch 237/512
384/384 - 0s - loss: 2.0973e-04 - val_loss: 2.0896e-06
Epoch 238/512
384/384 - 0s - loss: 2.0809e-04 - val_loss: 2.0551e-06
Epoch 239/512
384/384 - 0s - loss: 2.0526e-04 - val_loss: 2.0545e-06
Epoch 240/512
384/384 - 0s - loss: 2.0192e-04 - val_loss: 2.0660e-06
Epoch 241/512
384/384 - 0s - loss: 2.0733e-04 - val_loss: 2.0578e-06
Epoch 242/512
384/384 - 0s - loss: 2.0329e-04 - val_loss: 1.9883e-06
Epoch 243/512
384/384 - 0s - loss: 1.9841e-04 - val_loss: 1.9651e-06
Epoch 244/512
384/384 - 0s - loss: 1.9517e-04 - val_loss: 1.9783e-06
Epoch 245/512
384/384 - 0s - loss: 2.0024e-04 - val_loss: 1.9943e-06
Epoch 246/512
384/384 - 0s - loss: 1.9787e-04 - val_loss: 1.9379e-06
Epoch 247/512
384/384 - 0s - loss: 1.9253e-04 - val_loss: 1.9263e-06
Epoch 248/512
384/384 - 0s - loss: 1.9367e-04 - val_loss: 1.9008e-06
Epoch 249/512
384/384 - 0s - loss: 1.9040e-04 - val_loss: 1.9081e-06
Epoch 250/512
384/384 - 0s - loss: 1.9011e-04 - val_loss: 1.8925e-06
Epoch 251/512
384/384 - 0s - loss: 1.8937e-04 - val_loss: 1.8984e-06
Epoch 252/512
384/384 - 0s - loss: 1.8959e-04 - val_loss: 1.8446e-06
Epoch 253/512
384/384 - 0s - loss: 1.8430e-04 - val_loss: 1.8291e-06
Epoch 254/512
384/384 - 0s - loss: 1.8175e-04 - val_loss: 1.8336e-06
Epoch 255/512
384/384 - 0s - loss: 1.8457e-04 - val_loss: 1.8566e-06
Epoch 256/512
384/384 - 0s - loss: 1.8390e-04 - val_loss: 1.8135e-06
Epoch 257/512
384/384 - 0s - loss: 1.8009e-04 - val_loss: 1.7915e-06
Epoch 258/512
384/384 - 0s - loss: 1.7883e-04 - val_loss: 1.7519e-06
Epoch 259/512
384/384 - 0s - loss: 1.7564e-04 - val_loss: 1.7643e-06
Epoch 260/512
384/384 - 0s - loss: 1.7517e-04 - val_loss: 1.7744e-06
Epoch 261/512
384/384 - 0s - loss: 1.7710e-04 - val_loss: 1.7760e-06
Epoch 262/512
384/384 - 0s - loss: 1.7561e-04 - val_loss: 1.7135e-06
Epoch 263/512
384/384 - 0s - loss: 1.7053e-04 - val_loss: 1.6969e-06
Epoch 264/512
384/384 - 0s - loss: 1.6867e-04 - val_loss: 1.6936e-06
Epoch 265/512
384/384 - 0s - loss: 1.7041e-04 - val_loss: 1.7073e-06
Epoch 266/512
384/384 - 0s - loss: 1.6958e-04 - val_loss: 1.6679e-06
Epoch 267/512
384/384 - 0s - loss: 1.6726e-04 - val_loss: 1.6445e-06
Epoch 268/512
384/384 - 0s - loss: 1.6432e-04 - val_loss: 1.6075e-06
Epoch 269/512
384/384 - 0s - loss: 1.6155e-04 - val_loss: 1.6410e-06
Epoch 270/512
384/384 - 0s - loss: 1.6408e-04 - val_loss: 1.6350e-06
Epoch 271/512
384/384 - 0s - loss: 1.6357e-04 - val_loss: 1.6151e-06
Epoch 272/512
384/384 - 0s - loss: 1.5863e-04 - val_loss: 1.5823e-06
Epoch 273/512
384/384 - 0s - loss: 1.5761e-04 - val_loss: 1.5997e-06
Epoch 274/512
384/384 - 0s - loss: 1.6115e-04 - val_loss: 1.5528e-06
Epoch 275/512
384/384 - 0s - loss: 1.5511e-04 - val_loss: 1.5273e-06
Epoch 276/512
384/384 - 0s - loss: 1.5159e-04 - val_loss: 1.5313e-06
Epoch 277/512
384/384 - 0s - loss: 1.5640e-04 - val_loss: 1.5362e-06
Epoch 278/512
384/384 - 0s - loss: 1.5189e-04 - val_loss: 1.4995e-06
Epoch 279/512
384/384 - 0s - loss: 1.4993e-04 - val_loss: 1.5114e-06
Epoch 280/512
384/384 - 0s - loss: 1.5009e-04 - val_loss: 1.4930e-06
Epoch 281/512
384/384 - 0s - loss: 1.4939e-04 - val_loss: 1.4841e-06
Epoch 282/512
384/384 - 0s - loss: 1.4765e-04 - val_loss: 1.4400e-06
Epoch 283/512
384/384 - 0s - loss: 1.4321e-04 - val_loss: 1.4551e-06
Epoch 284/512
384/384 - 0s - loss: 1.4503e-04 - val_loss: 1.4467e-06
Epoch 285/512
384/384 - 0s - loss: 1.4527e-04 - val_loss: 1.4353e-06
Epoch 286/512
384/384 - 0s - loss: 1.4197e-04 - val_loss: 1.3869e-06
Epoch 287/512
384/384 - 0s - loss: 1.3895e-04 - val_loss: 1.3944e-06
Epoch 288/512
384/384 - 0s - loss: 1.3870e-04 - val_loss: 1.3908e-06
Epoch 289/512
384/384 - 0s - loss: 1.4014e-04 - val_loss: 1.3876e-06
Epoch 290/512
384/384 - 0s - loss: 1.3681e-04 - val_loss: 1.3489e-06
Epoch 291/512
384/384 - 0s - loss: 1.3487e-04 - val_loss: 1.3562e-06
Epoch 292/512
384/384 - 0s - loss: 1.3455e-04 - val_loss: 1.3347e-06
Epoch 293/512
384/384 - 0s - loss: 1.3402e-04 - val_loss: 1.3324e-06
Epoch 294/512
384/384 - 0s - loss: 1.3220e-04 - val_loss: 1.2956e-06
Epoch 295/512
384/384 - 0s - loss: 1.3059e-04 - val_loss: 1.2829e-06
Epoch 296/512
384/384 - 0s - loss: 1.2815e-04 - val_loss: 1.2676e-06
Epoch 297/512
384/384 - 0s - loss: 1.2668e-04 - val_loss: 1.3018e-06
Epoch 298/512
384/384 - 0s - loss: 1.2939e-04 - val_loss: 1.2776e-06
Epoch 299/512
384/384 - 0s - loss: 1.2812e-04 - val_loss: 1.2398e-06
Epoch 300/512
384/384 - 0s - loss: 1.2184e-04 - val_loss: 1.2031e-06
Epoch 301/512
384/384 - 0s - loss: 1.2091e-04 - val_loss: 1.2421e-06
Epoch 302/512
384/384 - 0s - loss: 1.2510e-04 - val_loss: 1.2188e-06
Epoch 303/512
384/384 - 0s - loss: 1.2189e-04 - val_loss: 1.1924e-06
Epoch 304/512
384/384 - 0s - loss: 1.1779e-04 - val_loss: 1.1612e-06
Epoch 305/512
384/384 - 0s - loss: 1.1768e-04 - val_loss: 1.1824e-06
Epoch 306/512
384/384 - 0s - loss: 1.1797e-04 - val_loss: 1.1631e-06
Epoch 307/512
384/384 - 0s - loss: 1.1669e-04 - val_loss: 1.1586e-06
Epoch 308/512
384/384 - 0s - loss: 1.1432e-04 - val_loss: 1.1301e-06
Epoch 309/512
384/384 - 0s - loss: 1.1297e-04 - val_loss: 1.1383e-06
Epoch 310/512
384/384 - 0s - loss: 1.1317e-04 - val_loss: 1.1180e-06
Epoch 311/512
384/384 - 0s - loss: 1.1078e-04 - val_loss: 1.1239e-06
Epoch 312/512
384/384 - 0s - loss: 1.1114e-04 - val_loss: 1.0917e-06
Epoch 313/512
384/384 - 0s - loss: 1.1005e-04 - val_loss: 1.0721e-06
Epoch 314/512
384/384 - 0s - loss: 1.0710e-04 - val_loss: 1.0305e-06
Epoch 315/512
384/384 - 0s - loss: 1.0298e-04 - val_loss: 1.0673e-06
Epoch 316/512
384/384 - 0s - loss: 1.0629e-04 - val_loss: 1.0798e-06
Epoch 317/512
384/384 - 0s - loss: 1.0805e-04 - val_loss: 1.0539e-06
Epoch 318/512
384/384 - 0s - loss: 1.0298e-04 - val_loss: 9.8454e-07
Epoch 319/512
384/384 - 0s - loss: 9.8374e-05 - val_loss: 1.0032e-06
Epoch 320/512
384/384 - 0s - loss: 1.0205e-04 - val_loss: 9.9484e-07
Epoch 321/512
384/384 - 0s - loss: 9.9650e-05 - val_loss: 1.0027e-06
Epoch 322/512
384/384 - 0s - loss: 9.9611e-05 - val_loss: 9.6763e-07
Epoch 323/512
384/384 - 0s - loss: 9.6522e-05 - val_loss: 9.6772e-07
Epoch 324/512
384/384 - 0s - loss: 9.5694e-05 - val_loss: 9.4815e-07
Epoch 325/512
384/384 - 0s - loss: 9.5019e-05 - val_loss: 9.6031e-07
Epoch 326/512
384/384 - 0s - loss: 9.5013e-05 - val_loss: 9.2870e-07
Epoch 327/512
384/384 - 0s - loss: 9.2535e-05 - val_loss: 9.2452e-07
Epoch 328/512
384/384 - 0s - loss: 9.1765e-05 - val_loss: 8.9598e-07
Epoch 329/512
384/384 - 0s - loss: 8.9495e-05 - val_loss: 9.1159e-07
Epoch 330/512
384/384 - 0s - loss: 9.0178e-05 - val_loss: 8.9311e-07
Epoch 331/512
384/384 - 0s - loss: 8.9392e-05 - val_loss: 8.8707e-07
Epoch 332/512
384/384 - 0s - loss: 8.7349e-05 - val_loss: 8.4887e-07
Epoch 333/512
384/384 - 0s - loss: 8.5277e-05 - val_loss: 8.5674e-07
Epoch 334/512
384/384 - 0s - loss: 8.5046e-05 - val_loss: 8.4455e-07
Epoch 335/512
384/384 - 0s - loss: 8.5095e-05 - val_loss: 8.4373e-07
Epoch 336/512
384/384 - 0s - loss: 8.3024e-05 - val_loss: 8.1057e-07
Epoch 337/512
384/384 - 0s - loss: 8.1011e-05 - val_loss: 8.1899e-07
Epoch 338/512
384/384 - 0s - loss: 8.1155e-05 - val_loss: 8.0176e-07
Epoch 339/512
384/384 - 0s - loss: 8.0408e-05 - val_loss: 8.0482e-07
Epoch 340/512
384/384 - 0s - loss: 7.9178e-05 - val_loss: 7.7034e-07
Epoch 341/512
384/384 - 0s - loss: 7.7085e-05 - val_loss: 7.7369e-07
Epoch 342/512
384/384 - 0s - loss: 7.6869e-05 - val_loss: 7.5498e-07
Epoch 343/512
384/384 - 0s - loss: 7.5865e-05 - val_loss: 7.6256e-07
Epoch 344/512
384/384 - 0s - loss: 7.4906e-05 - val_loss: 7.3641e-07
Epoch 345/512
384/384 - 0s - loss: 7.3785e-05 - val_loss: 7.3724e-07
Epoch 346/512
384/384 - 0s - loss: 7.2796e-05 - val_loss: 7.0926e-07
Epoch 347/512
384/384 - 0s - loss: 7.0408e-05 - val_loss: 7.2541e-07
Epoch 348/512
384/384 - 0s - loss: 7.1621e-05 - val_loss: 7.0725e-07
Epoch 349/512
384/384 - 0s - loss: 7.0601e-05 - val_loss: 6.9975e-07
Epoch 350/512
384/384 - 0s - loss: 6.8791e-05 - val_loss: 6.6462e-07
Epoch 351/512
384/384 - 0s - loss: 6.7615e-05 - val_loss: 6.6109e-07
Epoch 352/512
384/384 - 0s - loss: 6.5193e-05 - val_loss: 6.5356e-07
Epoch 353/512
384/384 - 0s - loss: 6.6228e-05 - val_loss: 6.7565e-07
Epoch 354/512
384/384 - 0s - loss: 6.6718e-05 - val_loss: 6.3958e-07
Epoch 355/512
384/384 - 0s - loss: 6.3405e-05 - val_loss: 6.2988e-07
Epoch 356/512
384/384 - 0s - loss: 6.1981e-05 - val_loss: 6.1425e-07
Epoch 357/512
384/384 - 0s - loss: 6.2203e-05 - val_loss: 6.2874e-07
Epoch 358/512
384/384 - 0s - loss: 6.1661e-05 - val_loss: 6.0874e-07
Epoch 359/512
384/384 - 0s - loss: 6.0563e-05 - val_loss: 6.0563e-07
Epoch 360/512
384/384 - 0s - loss: 5.9674e-05 - val_loss: 5.7353e-07
Epoch 361/512
384/384 - 0s - loss: 5.7129e-05 - val_loss: 5.8451e-07
Epoch 362/512
384/384 - 0s - loss: 5.8076e-05 - val_loss: 5.6923e-07
Epoch 363/512
384/384 - 0s - loss: 5.7336e-05 - val_loss: 5.6639e-07
Epoch 364/512
384/384 - 0s - loss: 5.6110e-05 - val_loss: 5.3328e-07
Epoch 365/512
384/384 - 0s - loss: 5.3407e-05 - val_loss: 5.4410e-07
Epoch 366/512
384/384 - 0s - loss: 5.4198e-05 - val_loss: 5.3840e-07
Epoch 367/512
384/384 - 0s - loss: 5.4256e-05 - val_loss: 5.3811e-07
Epoch 368/512
384/384 - 0s - loss: 5.2257e-05 - val_loss: 5.0827e-07
Epoch 369/512
384/384 - 0s - loss: 5.1107e-05 - val_loss: 5.1296e-07
Epoch 370/512
384/384 - 0s - loss: 5.0543e-05 - val_loss: 4.9888e-07
Epoch 371/512
384/384 - 0s - loss: 5.0513e-05 - val_loss: 5.0097e-07
Epoch 372/512
384/384 - 0s - loss: 4.9055e-05 - val_loss: 4.7514e-07
Epoch 373/512
384/384 - 0s - loss: 4.7682e-05 - val_loss: 4.8164e-07
Epoch 374/512
384/384 - 0s - loss: 4.7847e-05 - val_loss: 4.6464e-07
Epoch 375/512
384/384 - 0s - loss: 4.7003e-05 - val_loss: 4.6338e-07
Epoch 376/512
384/384 - 0s - loss: 4.5709e-05 - val_loss: 4.4198e-07
Epoch 377/512
384/384 - 0s - loss: 4.4692e-05 - val_loss: 4.5046e-07
Epoch 378/512
384/384 - 0s - loss: 4.5011e-05 - val_loss: 4.2940e-07
Epoch 379/512
384/384 - 0s - loss: 4.3019e-05 - val_loss: 4.3480e-07
Epoch 380/512
384/384 - 0s - loss: 4.2959e-05 - val_loss: 4.2054e-07
Epoch 381/512
384/384 - 0s - loss: 4.2272e-05 - val_loss: 4.2572e-07
Epoch 382/512
384/384 - 0s - loss: 4.1900e-05 - val_loss: 4.0025e-07
Epoch 383/512
384/384 - 0s - loss: 4.0051e-05 - val_loss: 4.0236e-07
Epoch 384/512
384/384 - 0s - loss: 3.9930e-05 - val_loss: 3.8967e-07
Epoch 385/512
384/384 - 0s - loss: 3.9297e-05 - val_loss: 3.9585e-07
Epoch 386/512
384/384 - 0s - loss: 3.8818e-05 - val_loss: 3.7734e-07
Epoch 387/512
384/384 - 0s - loss: 3.7779e-05 - val_loss: 3.8015e-07
Epoch 388/512
384/384 - 0s - loss: 3.7301e-05 - val_loss: 3.6200e-07
Epoch 389/512
384/384 - 0s - loss: 3.6043e-05 - val_loss: 3.6870e-07
Epoch 390/512
384/384 - 0s - loss: 3.5992e-05 - val_loss: 3.5628e-07
Epoch 391/512
384/384 - 0s - loss: 3.5764e-05 - val_loss: 3.5528e-07
Epoch 392/512
384/384 - 0s - loss: 3.4390e-05 - val_loss: 3.3397e-07
Epoch 393/512
384/384 - 0s - loss: 3.3692e-05 - val_loss: 3.3776e-07
Epoch 394/512
384/384 - 0s - loss: 3.3205e-05 - val_loss: 3.2442e-07
Epoch 395/512
384/384 - 0s - loss: 3.2486e-05 - val_loss: 3.3261e-07
Epoch 396/512
384/384 - 0s - loss: 3.2328e-05 - val_loss: 3.1717e-07
Epoch 397/512
384/384 - 0s - loss: 3.1560e-05 - val_loss: 3.1877e-07
Epoch 398/512
384/384 - 0s - loss: 3.1116e-05 - val_loss: 2.9778e-07
Epoch 399/512
384/384 - 0s - loss: 2.9700e-05 - val_loss: 3.0163e-07
Epoch 400/512
384/384 - 0s - loss: 2.9587e-05 - val_loss: 2.9191e-07
Epoch 401/512
384/384 - 0s - loss: 2.9634e-05 - val_loss: 2.9325e-07
Epoch 402/512
384/384 - 0s - loss: 2.8431e-05 - val_loss: 2.7515e-07
Epoch 403/512
384/384 - 0s - loss: 2.7536e-05 - val_loss: 2.8287e-07
Epoch 404/512
384/384 - 0s - loss: 2.8002e-05 - val_loss: 2.6734e-07
Epoch 405/512
384/384 - 0s - loss: 2.6714e-05 - val_loss: 2.6726e-07
Epoch 406/512
384/384 - 0s - loss: 2.6444e-05 - val_loss: 2.5224e-07
Epoch 407/512
384/384 - 0s - loss: 2.5431e-05 - val_loss: 2.5855e-07
Epoch 408/512
384/384 - 0s - loss: 2.5507e-05 - val_loss: 2.4750e-07
Epoch 409/512
384/384 - 0s - loss: 2.5048e-05 - val_loss: 2.4939e-07
Epoch 410/512
384/384 - 0s - loss: 2.4375e-05 - val_loss: 2.3259e-07
Epoch 411/512
384/384 - 0s - loss: 2.3588e-05 - val_loss: 2.3472e-07
Epoch 412/512
384/384 - 0s - loss: 2.3256e-05 - val_loss: 2.2383e-07
Epoch 413/512
384/384 - 0s - loss: 2.2733e-05 - val_loss: 2.3035e-07
Epoch 414/512
384/384 - 0s - loss: 2.2602e-05 - val_loss: 2.1830e-07
Epoch 415/512
384/384 - 0s - loss: 2.1777e-05 - val_loss: 2.2184e-07
Epoch 416/512
384/384 - 0s - loss: 2.1657e-05 - val_loss: 2.0857e-07
Epoch 417/512
384/384 - 0s - loss: 2.1014e-05 - val_loss: 2.0971e-07
Epoch 418/512
384/384 - 0s - loss: 2.0544e-05 - val_loss: 1.9705e-07
Epoch 419/512
384/384 - 0s - loss: 1.9777e-05 - val_loss: 2.0328e-07
Epoch 420/512
384/384 - 0s - loss: 1.9997e-05 - val_loss: 1.9399e-07
Epoch 421/512
384/384 - 0s - loss: 1.9324e-05 - val_loss: 1.9525e-07
Epoch 422/512
384/384 - 0s - loss: 1.9066e-05 - val_loss: 1.8083e-07
Epoch 423/512
384/384 - 0s - loss: 1.7967e-05 - val_loss: 1.8573e-07
Epoch 424/512
384/384 - 0s - loss: 1.8476e-05 - val_loss: 1.7522e-07
Epoch 425/512
384/384 - 0s - loss: 1.7495e-05 - val_loss: 1.7807e-07
Epoch 426/512
384/384 - 0s - loss: 1.7470e-05 - val_loss: 1.6697e-07
Epoch 427/512
384/384 - 0s - loss: 1.6770e-05 - val_loss: 1.6984e-07
Epoch 428/512
384/384 - 0s - loss: 1.6751e-05 - val_loss: 1.5845e-07
Epoch 429/512
384/384 - 0s - loss: 1.5762e-05 - val_loss: 1.6420e-07
Epoch 430/512
384/384 - 0s - loss: 1.6036e-05 - val_loss: 1.5638e-07
Epoch 431/512
384/384 - 0s - loss: 1.5582e-05 - val_loss: 1.5736e-07
Epoch 432/512
384/384 - 0s - loss: 1.5306e-05 - val_loss: 1.4448e-07
Epoch 433/512
384/384 - 0s - loss: 1.4619e-05 - val_loss: 1.4570e-07
Epoch 434/512
384/384 - 0s - loss: 1.4328e-05 - val_loss: 1.3820e-07
Epoch 435/512
384/384 - 0s - loss: 1.4019e-05 - val_loss: 1.4343e-07
Epoch 436/512
384/384 - 0s - loss: 1.4062e-05 - val_loss: 1.3449e-07
Epoch 437/512
384/384 - 0s - loss: 1.3518e-05 - val_loss: 1.3480e-07
Epoch 438/512
384/384 - 0s - loss: 1.3202e-05 - val_loss: 1.2474e-07
Epoch 439/512
384/384 - 0s - loss: 1.2759e-05 - val_loss: 1.2730e-07
Epoch 440/512
384/384 - 0s - loss: 1.2565e-05 - val_loss: 1.2070e-07
Epoch 441/512
384/384 - 0s - loss: 1.2228e-05 - val_loss: 1.2476e-07
Epoch 442/512
384/384 - 0s - loss: 1.2182e-05 - val_loss: 1.1645e-07
Epoch 443/512
384/384 - 0s - loss: 1.1743e-05 - val_loss: 1.1704e-07
Epoch 444/512
384/384 - 0s - loss: 1.1486e-05 - val_loss: 1.0804e-07
Epoch 445/512
384/384 - 0s - loss: 1.0961e-05 - val_loss: 1.1126e-07
Epoch 446/512
384/384 - 0s - loss: 1.1021e-05 - val_loss: 1.0548e-07
Epoch 447/512
384/384 - 0s - loss: 1.0617e-05 - val_loss: 1.0821e-07
Epoch 448/512
384/384 - 0s - loss: 1.0467e-05 - val_loss: 1.0115e-07
Epoch 449/512
384/384 - 0s - loss: 1.0068e-05 - val_loss: 1.0417e-07
Epoch 450/512
384/384 - 0s - loss: 1.0198e-05 - val_loss: 9.5381e-08
Epoch 451/512
384/384 - 0s - loss: 9.6142e-06 - val_loss: 9.4935e-08
Epoch 452/512
384/384 - 0s - loss: 9.3247e-06 - val_loss: 8.8763e-08
Epoch 453/512
384/384 - 0s - loss: 9.0241e-06 - val_loss: 9.4072e-08
Epoch 454/512
384/384 - 0s - loss: 9.2724e-06 - val_loss: 8.8030e-08
Epoch 455/512
384/384 - 0s - loss: 8.8256e-06 - val_loss: 8.7806e-08
Epoch 456/512
384/384 - 0s - loss: 8.5031e-06 - val_loss: 8.0501e-08
Epoch 457/512
384/384 - 0s - loss: 8.1297e-06 - val_loss: 8.4493e-08
Epoch 458/512
384/384 - 0s - loss: 8.2568e-06 - val_loss: 8.0468e-08
Epoch 459/512
384/384 - 0s - loss: 8.0674e-06 - val_loss: 8.1334e-08
Epoch 460/512
384/384 - 0s - loss: 7.8374e-06 - val_loss: 7.3321e-08
Epoch 461/512
384/384 - 0s - loss: 7.4483e-06 - val_loss: 7.4322e-08
Epoch 462/512
384/384 - 0s - loss: 7.2167e-06 - val_loss: 7.0535e-08
Epoch 463/512
384/384 - 0s - loss: 7.2621e-06 - val_loss: 7.3630e-08
Epoch 464/512
384/384 - 0s - loss: 7.1393e-06 - val_loss: 6.7282e-08
Epoch 465/512
384/384 - 0s - loss: 6.8020e-06 - val_loss: 6.7593e-08
Epoch 466/512
384/384 - 0s - loss: 6.5703e-06 - val_loss: 6.2882e-08
Epoch 467/512
384/384 - 0s - loss: 6.3939e-06 - val_loss: 6.6081e-08
Epoch 468/512
384/384 - 0s - loss: 6.5182e-06 - val_loss: 6.1013e-08
Epoch 469/512
384/384 - 0s - loss: 6.1082e-06 - val_loss: 6.1804e-08
Epoch 470/512
384/384 - 0s - loss: 6.0330e-06 - val_loss: 5.6633e-08
Epoch 471/512
384/384 - 0s - loss: 5.7095e-06 - val_loss: 5.9015e-08
Epoch 472/512
384/384 - 0s - loss: 5.7725e-06 - val_loss: 5.5523e-08
Epoch 473/512
384/384 - 0s - loss: 5.6154e-06 - val_loss: 5.6229e-08
Epoch 474/512
384/384 - 0s - loss: 5.4231e-06 - val_loss: 5.1017e-08
Epoch 475/512
384/384 - 0s - loss: 5.1770e-06 - val_loss: 5.2968e-08
Epoch 476/512
384/384 - 0s - loss: 5.1673e-06 - val_loss: 4.9297e-08
Epoch 477/512
384/384 - 0s - loss: 4.9925e-06 - val_loss: 5.0886e-08
Epoch 478/512
384/384 - 0s - loss: 4.9272e-06 - val_loss: 4.6394e-08
Epoch 479/512
384/384 - 0s - loss: 4.6553e-06 - val_loss: 4.7943e-08
Epoch 480/512
384/384 - 0s - loss: 4.6446e-06 - val_loss: 4.4553e-08
Epoch 481/512
384/384 - 0s - loss: 4.5172e-06 - val_loss: 4.5690e-08
Epoch 482/512
384/384 - 0s - loss: 4.3953e-06 - val_loss: 4.1594e-08
Epoch 483/512
384/384 - 0s - loss: 4.1816e-06 - val_loss: 4.3342e-08
Epoch 484/512
384/384 - 0s - loss: 4.2387e-06 - val_loss: 3.9729e-08
Epoch 485/512
384/384 - 0s - loss: 3.9976e-06 - val_loss: 4.0480e-08
Epoch 486/512
384/384 - 0s - loss: 3.9026e-06 - val_loss: 3.7490e-08
Epoch 487/512
384/384 - 0s - loss: 3.7980e-06 - val_loss: 3.9358e-08
Epoch 488/512
384/384 - 0s - loss: 3.8262e-06 - val_loss: 3.5604e-08
Epoch 489/512
384/384 - 0s - loss: 3.5721e-06 - val_loss: 3.6042e-08
Epoch 490/512
384/384 - 0s - loss: 3.5278e-06 - val_loss: 3.2969e-08
Epoch 491/512
384/384 - 0s - loss: 3.3645e-06 - val_loss: 3.4654e-08
Epoch 492/512
384/384 - 0s - loss: 3.4038e-06 - val_loss: 3.1765e-08
Epoch 493/512
384/384 - 0s - loss: 3.2141e-06 - val_loss: 3.2708e-08
Epoch 494/512
384/384 - 0s - loss: 3.2081e-06 - val_loss: 2.9481e-08
Epoch 495/512
384/384 - 0s - loss: 3.0051e-06 - val_loss: 3.0330e-08
Epoch 496/512
384/384 - 0s - loss: 2.9832e-06 - val_loss: 2.8217e-08
Epoch 497/512
384/384 - 0s - loss: 2.8948e-06 - val_loss: 2.9511e-08
Epoch 498/512
384/384 - 0s - loss: 2.8555e-06 - val_loss: 2.6980e-08
Epoch 499/512
384/384 - 0s - loss: 2.7257e-06 - val_loss: 2.7891e-08
Epoch 500/512
384/384 - 0s - loss: 2.6968e-06 - val_loss: 2.5199e-08
Epoch 501/512
384/384 - 0s - loss: 2.5572e-06 - val_loss: 2.6008e-08
Epoch 502/512
384/384 - 0s - loss: 2.5436e-06 - val_loss: 2.3830e-08
Epoch 503/512
384/384 - 0s - loss: 2.4060e-06 - val_loss: 2.5120e-08
Epoch 504/512
384/384 - 0s - loss: 2.4502e-06 - val_loss: 2.2752e-08
Epoch 505/512
384/384 - 0s - loss: 2.2871e-06 - val_loss: 2.3286e-08
Epoch 506/512
384/384 - 0s - loss: 2.2617e-06 - val_loss: 2.1143e-08
Epoch 507/512
384/384 - 0s - loss: 2.1579e-06 - val_loss: 2.2063e-08
Epoch 508/512
384/384 - 0s - loss: 2.1483e-06 - val_loss: 2.0174e-08
Epoch 509/512
384/384 - 0s - loss: 2.0198e-06 - val_loss: 2.1341e-08
Epoch 510/512
384/384 - 0s - loss: 2.0728e-06 - val_loss: 1.9274e-08
Epoch 511/512
384/384 - 0s - loss: 1.9340e-06 - val_loss: 1.9623e-08
Epoch 512/512
384/384 - 0s - loss: 1.8999e-06 - val_loss: 1.7656e-08
2024-04-08 16:07:55.103663: I tensorflow/stream_executor/platform/default/dso_loader.cc:44] Successfully opened dynamic library libcudnn.so.7
2024-04-08 16:07:55.121013: E tensorflow/stream_executor/cuda/cuda_dnn.cc:329] Could not create cudnn handle: CUDNN_STATUS_INTERNAL_ERROR
2024-04-08 16:07:55.125497: E tensorflow/stream_executor/cuda/cuda_dnn.cc:329] Could not create cudnn handle: CUDNN_STATUS_INTERNAL_ERROR
2024-04-08 16:07:55.132594: E tensorflow/stream_executor/cuda/cuda_dnn.cc:329] Could not create cudnn handle: CUDNN_STATUS_INTERNAL_ERROR
2024-04-08 16:07:55.138484: E tensorflow/stream_executor/cuda/cuda_dnn.cc:329] Could not create cudnn handle: CUDNN_STATUS_INTERNAL_ERROR
Traceback (most recent call last):
  File "training_nn.py", line 84, in <module>
    X1_cipher_train_a, X2_cipher_train_a, y_cipher_train_a = generate_cipher_dataset(p1_bits, p2_bits, batch_size, public_arr, alice, task_a, nonce_bits, 0)
  File "/mnt/beegfs/home/minawoi/master-thesis/data_utils/dataset_generator.py", line 88, in generate_cipher_dataset
    cipher1, cipher2 = alice.predict([public_arr, p1_batch, p2_batch, nonce])
  File "/home/stud/minawoi/miniconda3/envs/conda-venv/lib/python3.7/site-packages/tensorflow_core/python/keras/engine/training.py", line 908, in predict
    use_multiprocessing=use_multiprocessing)
  File "/home/stud/minawoi/miniconda3/envs/conda-venv/lib/python3.7/site-packages/tensorflow_core/python/keras/engine/training_arrays.py", line 723, in predict
    callbacks=callbacks)
  File "/home/stud/minawoi/miniconda3/envs/conda-venv/lib/python3.7/site-packages/tensorflow_core/python/keras/engine/training_arrays.py", line 394, in model_iteration
    batch_outs = f(ins_batch)
  File "/home/stud/minawoi/miniconda3/envs/conda-venv/lib/python3.7/site-packages/tensorflow_core/python/keras/backend.py", line 3476, in __call__
    run_metadata=self.run_metadata)
  File "/home/stud/minawoi/miniconda3/envs/conda-venv/lib/python3.7/site-packages/tensorflow_core/python/client/session.py", line 1472, in __call__
    run_metadata_ptr)
tensorflow.python.framework.errors_impl.UnknownError: 2 root error(s) found.
  (0) Unknown: Failed to get convolution algorithm. This is probably because cuDNN failed to initialize, so try looking to see if a warning log message was printed above.
	 [[{{node conv1d_4/conv1d}}]]
	 [[flatten/Reshape/_199]]
  (1) Unknown: Failed to get convolution algorithm. This is probably because cuDNN failed to initialize, so try looking to see if a warning log message was printed above.
	 [[{{node conv1d_4/conv1d}}]]
0 successful operations.
0 derived errors ignored.
