WARNING:tensorflow:From /home/stud/minawoi/miniconda3/envs/conda-venv/lib/python3.7/site-packages/tensorflow_core/python/ops/resource_variable_ops.py:1630: calling BaseResourceVariable.__init__ (from tensorflow.python.ops.resource_variable_ops) with constraint is deprecated and will be removed in a future version.
Instructions for updating:
If using Keras pass *_constraint arguments to layers.
2024-03-30 06:25:09.079755: I tensorflow/stream_executor/platform/default/dso_loader.cc:44] Successfully opened dynamic library libcuda.so.1
2024-03-30 06:25:09.202200: I tensorflow/core/common_runtime/gpu/gpu_device.cc:1618] Found device 0 with properties: 
name: Tesla V100-PCIE-32GB major: 7 minor: 0 memoryClockRate(GHz): 1.38
pciBusID: 0000:89:00.0
2024-03-30 06:25:09.203419: I tensorflow/stream_executor/platform/default/dso_loader.cc:44] Successfully opened dynamic library libcudart.so.10.0
2024-03-30 06:25:09.205812: I tensorflow/stream_executor/platform/default/dso_loader.cc:44] Successfully opened dynamic library libcublas.so.10.0
2024-03-30 06:25:09.207925: I tensorflow/stream_executor/platform/default/dso_loader.cc:44] Successfully opened dynamic library libcufft.so.10.0
2024-03-30 06:25:09.208794: I tensorflow/stream_executor/platform/default/dso_loader.cc:44] Successfully opened dynamic library libcurand.so.10.0
2024-03-30 06:25:09.211556: I tensorflow/stream_executor/platform/default/dso_loader.cc:44] Successfully opened dynamic library libcusolver.so.10.0
2024-03-30 06:25:09.214065: I tensorflow/stream_executor/platform/default/dso_loader.cc:44] Successfully opened dynamic library libcusparse.so.10.0
2024-03-30 06:25:09.219855: I tensorflow/stream_executor/platform/default/dso_loader.cc:44] Successfully opened dynamic library libcudnn.so.7
2024-03-30 06:25:09.225123: I tensorflow/core/common_runtime/gpu/gpu_device.cc:1746] Adding visible gpu devices: 0
2024-03-30 06:25:09.225879: I tensorflow/core/platform/cpu_feature_guard.cc:142] Your CPU supports instructions that this TensorFlow binary was not compiled to use: AVX2 FMA
2024-03-30 06:25:09.241946: I tensorflow/core/platform/profile_utils/cpu_utils.cc:94] CPU Frequency: 2199835000 Hz
2024-03-30 06:25:09.245109: I tensorflow/compiler/xla/service/service.cc:168] XLA service 0x50eb7f0 initialized for platform Host (this does not guarantee that XLA will be used). Devices:
2024-03-30 06:25:09.245178: I tensorflow/compiler/xla/service/service.cc:176]   StreamExecutor device (0): Host, Default Version
2024-03-30 06:25:09.730792: I tensorflow/compiler/xla/service/service.cc:168] XLA service 0x4ab4bb0 initialized for platform CUDA (this does not guarantee that XLA will be used). Devices:
2024-03-30 06:25:09.730952: I tensorflow/compiler/xla/service/service.cc:176]   StreamExecutor device (0): Tesla V100-PCIE-32GB, Compute Capability 7.0
2024-03-30 06:25:09.742238: I tensorflow/core/common_runtime/gpu/gpu_device.cc:1618] Found device 0 with properties: 
name: Tesla V100-PCIE-32GB major: 7 minor: 0 memoryClockRate(GHz): 1.38
pciBusID: 0000:89:00.0
2024-03-30 06:25:09.742422: I tensorflow/stream_executor/platform/default/dso_loader.cc:44] Successfully opened dynamic library libcudart.so.10.0
2024-03-30 06:25:09.742452: I tensorflow/stream_executor/platform/default/dso_loader.cc:44] Successfully opened dynamic library libcublas.so.10.0
2024-03-30 06:25:09.742476: I tensorflow/stream_executor/platform/default/dso_loader.cc:44] Successfully opened dynamic library libcufft.so.10.0
2024-03-30 06:25:09.742500: I tensorflow/stream_executor/platform/default/dso_loader.cc:44] Successfully opened dynamic library libcurand.so.10.0
2024-03-30 06:25:09.742524: I tensorflow/stream_executor/platform/default/dso_loader.cc:44] Successfully opened dynamic library libcusolver.so.10.0
2024-03-30 06:25:09.742547: I tensorflow/stream_executor/platform/default/dso_loader.cc:44] Successfully opened dynamic library libcusparse.so.10.0
2024-03-30 06:25:09.742572: I tensorflow/stream_executor/platform/default/dso_loader.cc:44] Successfully opened dynamic library libcudnn.so.7
2024-03-30 06:25:09.755326: I tensorflow/core/common_runtime/gpu/gpu_device.cc:1746] Adding visible gpu devices: 0
2024-03-30 06:25:09.755985: I tensorflow/stream_executor/platform/default/dso_loader.cc:44] Successfully opened dynamic library libcudart.so.10.0
2024-03-30 06:25:09.761828: I tensorflow/core/common_runtime/gpu/gpu_device.cc:1159] Device interconnect StreamExecutor with strength 1 edge matrix:
2024-03-30 06:25:09.761914: I tensorflow/core/common_runtime/gpu/gpu_device.cc:1165]      0 
2024-03-30 06:25:09.761927: I tensorflow/core/common_runtime/gpu/gpu_device.cc:1178] 0:   N 
2024-03-30 06:25:09.779531: I tensorflow/core/common_runtime/gpu/gpu_device.cc:1304] Created TensorFlow device (/job:localhost/replica:0/task:0/device:GPU:0 with 30593 MB memory) -> physical GPU (device: 0, name: Tesla V100-PCIE-32GB, pci bus id: 0000:89:00.0, compute capability: 7.0)
WARNING:tensorflow:Output bob missing from loss dictionary. We assume this was done on purpose. The fit and evaluate APIs will not be expecting any data to be passed to bob.
WARNING:tensorflow:Output eve missing from loss dictionary. We assume this was done on purpose. The fit and evaluate APIs will not be expecting any data to be passed to eve.
2024-03-30 06:25:15.961008: I tensorflow/stream_executor/platform/default/dso_loader.cc:44] Successfully opened dynamic library libcublas.so.10.0
Train on 1024 samples, validate on 1024 samples
Epoch 1/2000
1024/1024 - 1s - loss: 90.0482 - val_loss: 0.0925
Epoch 2/2000
1024/1024 - 0s - loss: 0.1561 - val_loss: 0.0578
Epoch 3/2000
1024/1024 - 0s - loss: 0.1166 - val_loss: 0.0620
Epoch 4/2000
1024/1024 - 0s - loss: 0.1114 - val_loss: 0.0655
Epoch 5/2000
1024/1024 - 0s - loss: 0.1091 - val_loss: 0.0647
Epoch 6/2000
1024/1024 - 0s - loss: 0.1064 - val_loss: 0.0623
Epoch 7/2000
1024/1024 - 0s - loss: 0.1036 - val_loss: 0.0604
Epoch 8/2000
1024/1024 - 0s - loss: 0.1007 - val_loss: 0.0593
Epoch 9/2000
1024/1024 - 0s - loss: 0.0977 - val_loss: 0.0591
Epoch 10/2000
1024/1024 - 0s - loss: 0.0946 - val_loss: 0.0601
Epoch 11/2000
1024/1024 - 0s - loss: 0.0912 - val_loss: 0.0629
Epoch 12/2000
1024/1024 - 0s - loss: 0.0873 - val_loss: 0.0680
Epoch 13/2000
1024/1024 - 0s - loss: 0.0828 - val_loss: 0.0762
Epoch 14/2000
1024/1024 - 0s - loss: 0.0773 - val_loss: 0.0869
Epoch 15/2000
1024/1024 - 0s - loss: 0.0709 - val_loss: 0.0988
Epoch 16/2000
1024/1024 - 0s - loss: 0.0638 - val_loss: 0.1107
Epoch 17/2000
1024/1024 - 0s - loss: 0.0569 - val_loss: 0.1212
Epoch 18/2000
1024/1024 - 0s - loss: 0.0516 - val_loss: 0.1285
