WARNING:tensorflow:From /home/stud/minawoi/miniconda3/envs/conda-venv/lib/python3.7/site-packages/tensorflow_core/python/ops/resource_variable_ops.py:1630: calling BaseResourceVariable.__init__ (from tensorflow.python.ops.resource_variable_ops) with constraint is deprecated and will be removed in a future version.
Instructions for updating:
If using Keras pass *_constraint arguments to layers.
2024-04-12 17:16:32.484823: I tensorflow/stream_executor/platform/default/dso_loader.cc:44] Successfully opened dynamic library libcuda.so.1
2024-04-12 17:16:32.583510: I tensorflow/core/common_runtime/gpu/gpu_device.cc:1618] Found device 0 with properties: 
name: Tesla V100-PCIE-32GB major: 7 minor: 0 memoryClockRate(GHz): 1.38
pciBusID: 0000:89:00.0
2024-04-12 17:16:32.584388: I tensorflow/stream_executor/platform/default/dso_loader.cc:44] Successfully opened dynamic library libcudart.so.10.0
2024-04-12 17:16:32.586819: I tensorflow/stream_executor/platform/default/dso_loader.cc:44] Successfully opened dynamic library libcublas.so.10.0
2024-04-12 17:16:32.588819: I tensorflow/stream_executor/platform/default/dso_loader.cc:44] Successfully opened dynamic library libcufft.so.10.0
2024-04-12 17:16:32.589758: I tensorflow/stream_executor/platform/default/dso_loader.cc:44] Successfully opened dynamic library libcurand.so.10.0
2024-04-12 17:16:32.596176: I tensorflow/stream_executor/platform/default/dso_loader.cc:44] Successfully opened dynamic library libcusolver.so.10.0
2024-04-12 17:16:32.602458: I tensorflow/stream_executor/platform/default/dso_loader.cc:44] Successfully opened dynamic library libcusparse.so.10.0
2024-04-12 17:16:32.617321: I tensorflow/stream_executor/platform/default/dso_loader.cc:44] Successfully opened dynamic library libcudnn.so.7
2024-04-12 17:16:32.629875: I tensorflow/core/common_runtime/gpu/gpu_device.cc:1746] Adding visible gpu devices: 0
2024-04-12 17:16:32.630666: I tensorflow/core/platform/cpu_feature_guard.cc:142] Your CPU supports instructions that this TensorFlow binary was not compiled to use: AVX2 FMA
2024-04-12 17:16:32.641562: I tensorflow/core/platform/profile_utils/cpu_utils.cc:94] CPU Frequency: 2199835000 Hz
2024-04-12 17:16:32.644217: I tensorflow/compiler/xla/service/service.cc:168] XLA service 0x46cf610 initialized for platform Host (this does not guarantee that XLA will be used). Devices:
2024-04-12 17:16:32.644247: I tensorflow/compiler/xla/service/service.cc:176]   StreamExecutor device (0): Host, Default Version
2024-04-12 17:16:32.953914: I tensorflow/compiler/xla/service/service.cc:168] XLA service 0x46138c0 initialized for platform CUDA (this does not guarantee that XLA will be used). Devices:
2024-04-12 17:16:32.953984: I tensorflow/compiler/xla/service/service.cc:176]   StreamExecutor device (0): Tesla V100-PCIE-32GB, Compute Capability 7.0
2024-04-12 17:16:32.955483: I tensorflow/core/common_runtime/gpu/gpu_device.cc:1618] Found device 0 with properties: 
name: Tesla V100-PCIE-32GB major: 7 minor: 0 memoryClockRate(GHz): 1.38
pciBusID: 0000:89:00.0
2024-04-12 17:16:32.955659: I tensorflow/stream_executor/platform/default/dso_loader.cc:44] Successfully opened dynamic library libcudart.so.10.0
2024-04-12 17:16:32.955691: I tensorflow/stream_executor/platform/default/dso_loader.cc:44] Successfully opened dynamic library libcublas.so.10.0
2024-04-12 17:16:32.955717: I tensorflow/stream_executor/platform/default/dso_loader.cc:44] Successfully opened dynamic library libcufft.so.10.0
2024-04-12 17:16:32.955743: I tensorflow/stream_executor/platform/default/dso_loader.cc:44] Successfully opened dynamic library libcurand.so.10.0
2024-04-12 17:16:32.955768: I tensorflow/stream_executor/platform/default/dso_loader.cc:44] Successfully opened dynamic library libcusolver.so.10.0
2024-04-12 17:16:32.955793: I tensorflow/stream_executor/platform/default/dso_loader.cc:44] Successfully opened dynamic library libcusparse.so.10.0
2024-04-12 17:16:32.955819: I tensorflow/stream_executor/platform/default/dso_loader.cc:44] Successfully opened dynamic library libcudnn.so.7
2024-04-12 17:16:32.958455: I tensorflow/core/common_runtime/gpu/gpu_device.cc:1746] Adding visible gpu devices: 0
2024-04-12 17:16:32.958538: I tensorflow/stream_executor/platform/default/dso_loader.cc:44] Successfully opened dynamic library libcudart.so.10.0
2024-04-12 17:16:32.961121: I tensorflow/core/common_runtime/gpu/gpu_device.cc:1159] Device interconnect StreamExecutor with strength 1 edge matrix:
2024-04-12 17:16:32.961151: I tensorflow/core/common_runtime/gpu/gpu_device.cc:1165]      0 
2024-04-12 17:16:32.961164: I tensorflow/core/common_runtime/gpu/gpu_device.cc:1178] 0:   N 
2024-04-12 17:16:32.963253: I tensorflow/core/common_runtime/gpu/gpu_device.cc:1304] Created TensorFlow device (/job:localhost/replica:0/task:0/device:GPU:0 with 555 MB memory) -> physical GPU (device: 0, name: Tesla V100-PCIE-32GB, pci bus id: 0000:89:00.0, compute capability: 7.0)
WARNING:tensorflow:Output bob missing from loss dictionary. We assume this was done on purpose. The fit and evaluate APIs will not be expecting any data to be passed to bob.
WARNING:tensorflow:Output bob_1 missing from loss dictionary. We assume this was done on purpose. The fit and evaluate APIs will not be expecting any data to be passed to bob_1.
WARNING:tensorflow:Output eve missing from loss dictionary. We assume this was done on purpose. The fit and evaluate APIs will not be expecting any data to be passed to eve.
WARNING:tensorflow:Output eve_1 missing from loss dictionary. We assume this was done on purpose. The fit and evaluate APIs will not be expecting any data to be passed to eve_1.
2024-04-12 17:16:38.549615: I tensorflow/stream_executor/platform/default/dso_loader.cc:44] Successfully opened dynamic library libcublas.so.10.0
Train on 512 samples, validate on 512 samples
Epoch 1/512
512/512 - 1s - loss: 0.8258 - val_loss: 0.0039
Epoch 2/512
512/512 - 0s - loss: 0.2220 - val_loss: 4.6560e-04
Epoch 3/512
512/512 - 0s - loss: 0.0235 - val_loss: 5.5490e-05
Epoch 4/512
512/512 - 0s - loss: 0.0040 - val_loss: 2.6906e-05
Epoch 5/512
512/512 - 0s - loss: 0.0024 - val_loss: 1.8435e-05
Epoch 6/512
512/512 - 0s - loss: 0.0016 - val_loss: 1.1754e-05
Epoch 7/512
512/512 - 0s - loss: 9.7345e-04 - val_loss: 6.7252e-06
Epoch 8/512
512/512 - 0s - loss: 5.3386e-04 - val_loss: 3.3573e-06
Epoch 9/512
512/512 - 0s - loss: 2.5305e-04 - val_loss: 1.4101e-06
Epoch 10/512
512/512 - 0s - loss: 9.9802e-05 - val_loss: 4.7514e-07
Epoch 11/512
512/512 - 0s - loss: 3.1183e-05 - val_loss: 1.2083e-07
Epoch 12/512
512/512 - 0s - loss: 7.2541e-06 - val_loss: 2.1565e-08
Epoch 13/512
512/512 - 0s - loss: 1.2481e-06 - val_loss: 1.1054e-08
Epoch 14/512
512/512 - 0s - loss: 3.1521e-05 - val_loss: 6.7169e-06
Epoch 15/512
512/512 - 0s - loss: 0.0077 - val_loss: 3.0452e-05
Epoch 16/512
512/512 - 0s - loss: 0.0013 - val_loss: 2.0749e-06
Epoch 17/512
512/512 - 0s - loss: 1.9605e-04 - val_loss: 3.1853e-06
Epoch 18/512
512/512 - 0s - loss: 0.0010 - val_loss: 3.7810e-05
Epoch 19/512
512/512 - 0s - loss: 0.0048 - val_loss: 2.2597e-05
Epoch 20/512
512/512 - 0s - loss: 0.0015 - val_loss: 7.9459e-06
Epoch 21/512
512/512 - 0s - loss: 9.9102e-04 - val_loss: 1.6673e-05
Epoch 22/512
512/512 - 0s - loss: 0.0026 - val_loss: 3.0400e-05
Epoch 23/512
512/512 - 0s - loss: 0.0026 - val_loss: 1.4398e-05
Epoch 24/512
512/512 - 0s - loss: 0.0014 - val_loss: 1.3902e-05
Epoch 25/512
512/512 - 0s - loss: 0.0018 - val_loss: 2.3279e-05
Epoch 26/512
512/512 - 0s - loss: 0.0024 - val_loss: 1.8910e-05
Epoch 27/512
512/512 - 0s - loss: 0.0018 - val_loss: 1.4825e-05
Epoch 28/512
512/512 - 0s - loss: 0.0017 - val_loss: 1.8644e-05
Epoch 29/512
512/512 - 0s - loss: 0.0021 - val_loss: 1.9211e-05
Epoch 30/512
512/512 - 0s - loss: 0.0019 - val_loss: 1.5981e-05
Epoch 31/512
512/512 - 0s - loss: 0.0017 - val_loss: 1.6777e-05
Epoch 32/512
512/512 - 0s - loss: 0.0018 - val_loss: 1.8065e-05
Epoch 33/512
512/512 - 0s - loss: 0.0018 - val_loss: 1.6365e-05
Epoch 34/512
512/512 - 0s - loss: 0.0017 - val_loss: 1.5802e-05
Epoch 35/512
512/512 - 0s - loss: 0.0017 - val_loss: 1.6663e-05
Epoch 36/512
512/512 - 0s - loss: 0.0018 - val_loss: 1.6141e-05
Epoch 37/512
512/512 - 0s - loss: 0.0017 - val_loss: 1.5396e-05
Epoch 38/512
512/512 - 0s - loss: 0.0016 - val_loss: 1.6031e-05
Epoch 39/512
512/512 - 0s - loss: 0.0017 - val_loss: 1.5363e-05
Epoch 40/512
512/512 - 0s - loss: 0.0016 - val_loss: 1.4919e-05
Epoch 41/512
512/512 - 0s - loss: 0.0016 - val_loss: 1.5178e-05
Epoch 42/512
512/512 - 0s - loss: 0.0016 - val_loss: 1.5082e-05
Epoch 43/512
512/512 - 0s - loss: 0.0016 - val_loss: 1.4506e-05
Epoch 44/512
512/512 - 0s - loss: 0.0015 - val_loss: 1.4364e-05
Epoch 45/512
512/512 - 0s - loss: 0.0015 - val_loss: 1.4370e-05
Epoch 46/512
512/512 - 0s - loss: 0.0015 - val_loss: 1.4001e-05
Epoch 47/512
512/512 - 0s - loss: 0.0014 - val_loss: 1.3816e-05
Epoch 48/512
512/512 - 0s - loss: 0.0014 - val_loss: 1.3834e-05
Epoch 49/512
512/512 - 0s - loss: 0.0014 - val_loss: 1.3428e-05
Epoch 50/512
512/512 - 0s - loss: 0.0014 - val_loss: 1.3262e-05
Epoch 51/512
512/512 - 0s - loss: 0.0014 - val_loss: 1.3535e-05
Epoch 52/512
512/512 - 0s - loss: 0.0014 - val_loss: 1.3041e-05
Epoch 53/512
512/512 - 0s - loss: 0.0013 - val_loss: 1.2651e-05
Epoch 54/512
512/512 - 0s - loss: 0.0013 - val_loss: 1.2682e-05
Epoch 55/512
512/512 - 0s - loss: 0.0013 - val_loss: 1.2795e-05
Epoch 56/512
512/512 - 0s - loss: 0.0013 - val_loss: 1.2503e-05
Epoch 57/512
512/512 - 0s - loss: 0.0013 - val_loss: 1.1964e-05
Epoch 58/512
512/512 - 0s - loss: 0.0012 - val_loss: 1.2065e-05
Epoch 59/512
512/512 - 0s - loss: 0.0013 - val_loss: 1.1921e-05
Epoch 60/512
512/512 - 0s - loss: 0.0012 - val_loss: 1.1671e-05
Epoch 61/512
512/512 - 0s - loss: 0.0012 - val_loss: 1.1572e-05
Epoch 62/512
512/512 - 0s - loss: 0.0012 - val_loss: 1.1338e-05
Epoch 63/512
512/512 - 0s - loss: 0.0012 - val_loss: 1.1199e-05
Epoch 64/512
512/512 - 0s - loss: 0.0012 - val_loss: 1.1008e-05
Epoch 65/512
512/512 - 0s - loss: 0.0011 - val_loss: 1.0930e-05
Epoch 66/512
512/512 - 0s - loss: 0.0011 - val_loss: 1.0903e-05
Epoch 67/512
512/512 - 0s - loss: 0.0011 - val_loss: 1.0639e-05
Epoch 68/512
512/512 - 0s - loss: 0.0011 - val_loss: 1.0393e-05
Epoch 69/512
512/512 - 0s - loss: 0.0011 - val_loss: 1.0355e-05
Epoch 70/512
512/512 - 0s - loss: 0.0011 - val_loss: 1.0289e-05
Epoch 71/512
512/512 - 0s - loss: 0.0011 - val_loss: 9.9361e-06
Epoch 72/512
512/512 - 0s - loss: 0.0010 - val_loss: 9.8810e-06
Epoch 73/512
512/512 - 0s - loss: 0.0010 - val_loss: 1.0029e-05
Epoch 74/512
512/512 - 0s - loss: 0.0010 - val_loss: 9.4750e-06
Epoch 75/512
512/512 - 0s - loss: 9.6062e-04 - val_loss: 9.3425e-06
Epoch 76/512
512/512 - 0s - loss: 9.6373e-04 - val_loss: 9.6274e-06
Epoch 77/512
512/512 - 0s - loss: 9.7764e-04 - val_loss: 9.3784e-06
Epoch 78/512
512/512 - 0s - loss: 9.4769e-04 - val_loss: 8.8646e-06
Epoch 79/512
512/512 - 0s - loss: 9.0932e-04 - val_loss: 8.9268e-06
Epoch 80/512
512/512 - 0s - loss: 9.1742e-04 - val_loss: 9.2797e-06
Epoch 81/512
512/512 - 0s - loss: 9.3039e-04 - val_loss: 8.8600e-06
Epoch 82/512
512/512 - 0s - loss: 8.8203e-04 - val_loss: 8.4861e-06
Epoch 83/512
512/512 - 0s - loss: 8.7045e-04 - val_loss: 8.5939e-06
Epoch 84/512
512/512 - 0s - loss: 8.7269e-04 - val_loss: 8.6536e-06
Epoch 85/512
512/512 - 0s - loss: 8.7090e-04 - val_loss: 8.3012e-06
Epoch 86/512
512/512 - 0s - loss: 8.3368e-04 - val_loss: 8.1098e-06
Epoch 87/512
512/512 - 0s - loss: 8.2917e-04 - val_loss: 8.2259e-06
Epoch 88/512
512/512 - 0s - loss: 8.3270e-04 - val_loss: 8.0633e-06
Epoch 89/512
512/512 - 0s - loss: 8.0322e-04 - val_loss: 7.9505e-06
Epoch 90/512
512/512 - 0s - loss: 7.9964e-04 - val_loss: 7.9434e-06
Epoch 91/512
512/512 - 0s - loss: 7.9605e-04 - val_loss: 7.7657e-06
Epoch 92/512
512/512 - 0s - loss: 7.7796e-04 - val_loss: 7.5192e-06
Epoch 93/512
512/512 - 0s - loss: 7.6508e-04 - val_loss: 7.4316e-06
Epoch 94/512
512/512 - 0s - loss: 7.5053e-04 - val_loss: 7.4678e-06
Epoch 95/512
512/512 - 0s - loss: 7.5701e-04 - val_loss: 7.3211e-06
Epoch 96/512
512/512 - 0s - loss: 7.3702e-04 - val_loss: 7.0595e-06
Epoch 97/512
512/512 - 0s - loss: 7.0917e-04 - val_loss: 7.2487e-06
Epoch 98/512
512/512 - 0s - loss: 7.3347e-04 - val_loss: 7.1776e-06
Epoch 99/512
512/512 - 0s - loss: 7.1079e-04 - val_loss: 6.7799e-06
Epoch 100/512
512/512 - 0s - loss: 6.8371e-04 - val_loss: 6.7680e-06
Epoch 101/512
512/512 - 0s - loss: 6.9062e-04 - val_loss: 6.7954e-06
Epoch 102/512
512/512 - 0s - loss: 6.7912e-04 - val_loss: 6.7050e-06
Epoch 103/512
512/512 - 0s - loss: 6.6442e-04 - val_loss: 6.6994e-06
Epoch 104/512
512/512 - 0s - loss: 6.6641e-04 - val_loss: 6.5571e-06
Epoch 105/512
512/512 - 0s - loss: 6.5417e-04 - val_loss: 6.3305e-06
Epoch 106/512
512/512 - 0s - loss: 6.3007e-04 - val_loss: 6.3720e-06
Epoch 107/512
512/512 - 0s - loss: 6.3903e-04 - val_loss: 6.3503e-06
Epoch 108/512
512/512 - 0s - loss: 6.3524e-04 - val_loss: 5.9707e-06
Epoch 109/512
512/512 - 0s - loss: 5.9328e-04 - val_loss: 6.0855e-06
Epoch 110/512
512/512 - 0s - loss: 6.1736e-04 - val_loss: 6.1879e-06
Epoch 111/512
512/512 - 0s - loss: 6.1117e-04 - val_loss: 5.7762e-06
Epoch 112/512
512/512 - 0s - loss: 5.7881e-04 - val_loss: 5.5801e-06
Epoch 113/512
512/512 - 0s - loss: 5.7304e-04 - val_loss: 5.7690e-06
Epoch 114/512
512/512 - 0s - loss: 5.8685e-04 - val_loss: 5.6864e-06
Epoch 115/512
512/512 - 0s - loss: 5.6212e-04 - val_loss: 5.4732e-06
Epoch 116/512
512/512 - 0s - loss: 5.4975e-04 - val_loss: 5.5300e-06
Epoch 117/512
512/512 - 0s - loss: 5.5390e-04 - val_loss: 5.5128e-06
Epoch 118/512
512/512 - 0s - loss: 5.4612e-04 - val_loss: 5.3508e-06
Epoch 119/512
512/512 - 0s - loss: 5.2850e-04 - val_loss: 5.2498e-06
Epoch 120/512
512/512 - 0s - loss: 5.2615e-04 - val_loss: 5.2275e-06
Epoch 121/512
512/512 - 0s - loss: 5.2057e-04 - val_loss: 5.1242e-06
Epoch 122/512
512/512 - 0s - loss: 5.1273e-04 - val_loss: 4.9845e-06
Epoch 123/512
512/512 - 0s - loss: 4.9615e-04 - val_loss: 4.9819e-06
Epoch 124/512
512/512 - 0s - loss: 4.9832e-04 - val_loss: 4.9690e-06
Epoch 125/512
512/512 - 0s - loss: 4.9381e-04 - val_loss: 4.7581e-06
Epoch 126/512
512/512 - 0s - loss: 4.7336e-04 - val_loss: 4.7085e-06
Epoch 127/512
512/512 - 0s - loss: 4.7030e-04 - val_loss: 4.8223e-06
Epoch 128/512
512/512 - 0s - loss: 4.7870e-04 - val_loss: 4.6465e-06
Epoch 129/512
512/512 - 0s - loss: 4.5386e-04 - val_loss: 4.4498e-06
Epoch 130/512
512/512 - 0s - loss: 4.4638e-04 - val_loss: 4.5141e-06
Epoch 131/512
512/512 - 0s - loss: 4.5081e-04 - val_loss: 4.4420e-06
Epoch 132/512
512/512 - 0s - loss: 4.3622e-04 - val_loss: 4.3260e-06
Epoch 133/512
512/512 - 0s - loss: 4.3053e-04 - val_loss: 4.2918e-06
Epoch 134/512
512/512 - 0s - loss: 4.2419e-04 - val_loss: 4.2347e-06
Epoch 135/512
512/512 - 0s - loss: 4.1812e-04 - val_loss: 4.1551e-06
Epoch 136/512
512/512 - 0s - loss: 4.1040e-04 - val_loss: 4.0718e-06
Epoch 137/512
512/512 - 0s - loss: 4.0418e-04 - val_loss: 3.9708e-06
Epoch 138/512
512/512 - 0s - loss: 3.9439e-04 - val_loss: 3.9487e-06
Epoch 139/512
512/512 - 0s - loss: 3.9178e-04 - val_loss: 3.9241e-06
Epoch 140/512
512/512 - 0s - loss: 3.8381e-04 - val_loss: 3.8478e-06
Epoch 141/512
512/512 - 0s - loss: 3.7861e-04 - val_loss: 3.7425e-06
Epoch 142/512
512/512 - 0s - loss: 3.7093e-04 - val_loss: 3.6250e-06
Epoch 143/512
512/512 - 0s - loss: 3.6011e-04 - val_loss: 3.6339e-06
Epoch 144/512
512/512 - 0s - loss: 3.6112e-04 - val_loss: 3.6096e-06
Epoch 145/512
512/512 - 0s - loss: 3.5278e-04 - val_loss: 3.4852e-06
Epoch 146/512
512/512 - 0s - loss: 3.4368e-04 - val_loss: 3.3977e-06
Epoch 147/512
512/512 - 0s - loss: 3.3654e-04 - val_loss: 3.4078e-06
Epoch 148/512
512/512 - 0s - loss: 3.3511e-04 - val_loss: 3.3918e-06
Epoch 149/512
512/512 - 0s - loss: 3.3152e-04 - val_loss: 3.2284e-06
Epoch 150/512
512/512 - 0s - loss: 3.1478e-04 - val_loss: 3.1688e-06
Epoch 151/512
512/512 - 0s - loss: 3.1640e-04 - val_loss: 3.1551e-06
Epoch 152/512
512/512 - 0s - loss: 3.1018e-04 - val_loss: 3.0667e-06
Epoch 153/512
512/512 - 0s - loss: 3.0108e-04 - val_loss: 3.0036e-06
Epoch 154/512
512/512 - 0s - loss: 2.9676e-04 - val_loss: 2.9688e-06
Epoch 155/512
512/512 - 0s - loss: 2.9117e-04 - val_loss: 2.9461e-06
Epoch 156/512
512/512 - 0s - loss: 2.8888e-04 - val_loss: 2.8248e-06
Epoch 157/512
512/512 - 0s - loss: 2.7643e-04 - val_loss: 2.7378e-06
Epoch 158/512
512/512 - 0s - loss: 2.7170e-04 - val_loss: 2.7672e-06
Epoch 159/512
512/512 - 0s - loss: 2.7219e-04 - val_loss: 2.7278e-06
Epoch 160/512
512/512 - 0s - loss: 2.6564e-04 - val_loss: 2.5578e-06
Epoch 161/512
512/512 - 0s - loss: 2.5115e-04 - val_loss: 2.5439e-06
Epoch 162/512
512/512 - 0s - loss: 2.5459e-04 - val_loss: 2.5459e-06
Epoch 163/512
512/512 - 0s - loss: 2.4827e-04 - val_loss: 2.4591e-06
Epoch 164/512
512/512 - 0s - loss: 2.3812e-04 - val_loss: 2.4269e-06
Epoch 165/512
512/512 - 0s - loss: 2.3890e-04 - val_loss: 2.3621e-06
Epoch 166/512
512/512 - 0s - loss: 2.3121e-04 - val_loss: 2.2748e-06
Epoch 167/512
512/512 - 0s - loss: 2.2318e-04 - val_loss: 2.2598e-06
Epoch 168/512
512/512 - 0s - loss: 2.2115e-04 - val_loss: 2.2647e-06
Epoch 169/512
512/512 - 0s - loss: 2.1679e-04 - val_loss: 2.2055e-06
Epoch 170/512
512/512 - 0s - loss: 2.1321e-04 - val_loss: 2.0901e-06
Epoch 171/512
512/512 - 0s - loss: 2.0284e-04 - val_loss: 2.0441e-06
Epoch 172/512
512/512 - 0s - loss: 2.0159e-04 - val_loss: 2.0304e-06
Epoch 173/512
512/512 - 0s - loss: 1.9803e-04 - val_loss: 1.9657e-06
Epoch 174/512
512/512 - 0s - loss: 1.9121e-04 - val_loss: 1.9038e-06
Epoch 175/512
512/512 - 0s - loss: 1.8675e-04 - val_loss: 1.8671e-06
Epoch 176/512
512/512 - 0s - loss: 1.8327e-04 - val_loss: 1.8197e-06
Epoch 177/512
512/512 - 0s - loss: 1.7614e-04 - val_loss: 1.8004e-06
Epoch 178/512
512/512 - 0s - loss: 1.7699e-04 - val_loss: 1.7334e-06
Epoch 179/512
512/512 - 0s - loss: 1.6719e-04 - val_loss: 1.6711e-06
Epoch 180/512
512/512 - 0s - loss: 1.6411e-04 - val_loss: 1.6789e-06
Epoch 181/512
512/512 - 0s - loss: 1.6235e-04 - val_loss: 1.6444e-06
Epoch 182/512
512/512 - 0s - loss: 1.5691e-04 - val_loss: 1.5884e-06
Epoch 183/512
512/512 - 0s - loss: 1.5296e-04 - val_loss: 1.5305e-06
Epoch 184/512
512/512 - 0s - loss: 1.4834e-04 - val_loss: 1.4893e-06
Epoch 185/512
512/512 - 0s - loss: 1.4464e-04 - val_loss: 1.4585e-06
Epoch 186/512
512/512 - 0s - loss: 1.4069e-04 - val_loss: 1.4264e-06
Epoch 187/512
512/512 - 0s - loss: 1.3825e-04 - val_loss: 1.3758e-06
Epoch 188/512
512/512 - 0s - loss: 1.3244e-04 - val_loss: 1.3306e-06
Epoch 189/512
512/512 - 0s - loss: 1.2924e-04 - val_loss: 1.3137e-06
Epoch 190/512
512/512 - 0s - loss: 1.2738e-04 - val_loss: 1.2687e-06
Epoch 191/512
512/512 - 0s - loss: 1.2222e-04 - val_loss: 1.2244e-06
Epoch 192/512
512/512 - 0s - loss: 1.1784e-04 - val_loss: 1.2160e-06
Epoch 193/512
512/512 - 0s - loss: 1.1709e-04 - val_loss: 1.1848e-06
Epoch 194/512
512/512 - 0s - loss: 1.1324e-04 - val_loss: 1.1164e-06
Epoch 195/512
512/512 - 0s - loss: 1.0793e-04 - val_loss: 1.0825e-06
Epoch 196/512
512/512 - 0s - loss: 1.0561e-04 - val_loss: 1.0802e-06
Epoch 197/512
512/512 - 0s - loss: 1.0334e-04 - val_loss: 1.0533e-06
Epoch 198/512
512/512 - 0s - loss: 1.0101e-04 - val_loss: 9.9387e-07
Epoch 199/512
512/512 - 0s - loss: 9.6132e-05 - val_loss: 9.5157e-07
Epoch 200/512
512/512 - 0s - loss: 9.3288e-05 - val_loss: 9.3596e-07
Epoch 201/512
512/512 - 0s - loss: 9.0559e-05 - val_loss: 9.3440e-07
Epoch 202/512
512/512 - 0s - loss: 8.9729e-05 - val_loss: 8.9598e-07
Epoch 203/512
512/512 - 0s - loss: 8.5440e-05 - val_loss: 8.4455e-07
Epoch 204/512
512/512 - 0s - loss: 8.1444e-05 - val_loss: 8.4130e-07
Epoch 205/512
512/512 - 0s - loss: 8.1753e-05 - val_loss: 8.1590e-07
Epoch 206/512
512/512 - 0s - loss: 7.7484e-05 - val_loss: 7.6980e-07
Epoch 207/512
512/512 - 0s - loss: 7.4111e-05 - val_loss: 7.6486e-07
Epoch 208/512
512/512 - 0s - loss: 7.3923e-05 - val_loss: 7.4362e-07
Epoch 209/512
512/512 - 0s - loss: 7.0064e-05 - val_loss: 7.1630e-07
Epoch 210/512
512/512 - 0s - loss: 6.8695e-05 - val_loss: 6.8577e-07
Epoch 211/512
512/512 - 0s - loss: 6.5649e-05 - val_loss: 6.5916e-07
Epoch 212/512
512/512 - 0s - loss: 6.3217e-05 - val_loss: 6.5243e-07
Epoch 213/512
512/512 - 0s - loss: 6.2608e-05 - val_loss: 6.2917e-07
Epoch 214/512
512/512 - 0s - loss: 5.9783e-05 - val_loss: 5.9102e-07
Epoch 215/512
512/512 - 0s - loss: 5.6773e-05 - val_loss: 5.7582e-07
Epoch 216/512
512/512 - 0s - loss: 5.5410e-05 - val_loss: 5.7676e-07
Epoch 217/512
512/512 - 0s - loss: 5.4810e-05 - val_loss: 5.4752e-07
Epoch 218/512
512/512 - 0s - loss: 5.1270e-05 - val_loss: 5.1694e-07
Epoch 219/512
512/512 - 0s - loss: 4.9920e-05 - val_loss: 5.0533e-07
Epoch 220/512
512/512 - 0s - loss: 4.8038e-05 - val_loss: 5.0204e-07
Epoch 221/512
512/512 - 0s - loss: 4.7410e-05 - val_loss: 4.7928e-07
Epoch 222/512
512/512 - 0s - loss: 4.4809e-05 - val_loss: 4.5179e-07
Epoch 223/512
512/512 - 0s - loss: 4.2911e-05 - val_loss: 4.4337e-07
Epoch 224/512
512/512 - 0s - loss: 4.2394e-05 - val_loss: 4.2731e-07
Epoch 225/512
512/512 - 0s - loss: 4.0475e-05 - val_loss: 3.9995e-07
Epoch 226/512
512/512 - 0s - loss: 3.8125e-05 - val_loss: 3.9469e-07
Epoch 227/512
512/512 - 0s - loss: 3.7935e-05 - val_loss: 3.8223e-07
Epoch 228/512
512/512 - 0s - loss: 3.6229e-05 - val_loss: 3.5957e-07
Epoch 229/512
512/512 - 0s - loss: 3.4202e-05 - val_loss: 3.5573e-07
Epoch 230/512
512/512 - 0s - loss: 3.3695e-05 - val_loss: 3.4879e-07
Epoch 231/512
512/512 - 0s - loss: 3.2835e-05 - val_loss: 3.2322e-07
Epoch 232/512
512/512 - 0s - loss: 3.0405e-05 - val_loss: 3.0832e-07
Epoch 233/512
512/512 - 0s - loss: 2.9806e-05 - val_loss: 3.0572e-07
Epoch 234/512
512/512 - 0s - loss: 2.8910e-05 - val_loss: 2.9528e-07
Epoch 235/512
512/512 - 0s - loss: 2.7708e-05 - val_loss: 2.7934e-07
Epoch 236/512
512/512 - 0s - loss: 2.6462e-05 - val_loss: 2.6687e-07
Epoch 237/512
512/512 - 0s - loss: 2.5418e-05 - val_loss: 2.6181e-07
Epoch 238/512
512/512 - 0s - loss: 2.4776e-05 - val_loss: 2.5170e-07
Epoch 239/512
512/512 - 0s - loss: 2.3640e-05 - val_loss: 2.3790e-07
Epoch 240/512
512/512 - 0s - loss: 2.2472e-05 - val_loss: 2.3059e-07
Epoch 241/512
512/512 - 0s - loss: 2.1842e-05 - val_loss: 2.2513e-07
Epoch 242/512
512/512 - 0s - loss: 2.1075e-05 - val_loss: 2.1325e-07
Epoch 243/512
512/512 - 0s - loss: 2.0049e-05 - val_loss: 2.0207e-07
Epoch 244/512
512/512 - 0s - loss: 1.9153e-05 - val_loss: 1.9727e-07
Epoch 245/512
512/512 - 0s - loss: 1.8633e-05 - val_loss: 1.9107e-07
Epoch 246/512
512/512 - 0s - loss: 1.7909e-05 - val_loss: 1.8056e-07
Epoch 247/512
512/512 - 0s - loss: 1.6872e-05 - val_loss: 1.7424e-07
Epoch 248/512
512/512 - 0s - loss: 1.6318e-05 - val_loss: 1.7101e-07
Epoch 249/512
512/512 - 0s - loss: 1.6058e-05 - val_loss: 1.6026e-07
Epoch 250/512
512/512 - 0s - loss: 1.4817e-05 - val_loss: 1.5188e-07
Epoch 251/512
512/512 - 0s - loss: 1.4511e-05 - val_loss: 1.4680e-07
Epoch 252/512
512/512 - 0s - loss: 1.3780e-05 - val_loss: 1.4188e-07
Epoch 253/512
512/512 - 0s - loss: 1.3440e-05 - val_loss: 1.3486e-07
Epoch 254/512
512/512 - 0s - loss: 1.2492e-05 - val_loss: 1.3042e-07
Epoch 255/512
512/512 - 0s - loss: 1.2332e-05 - val_loss: 1.2713e-07
Epoch 256/512
512/512 - 0s - loss: 1.1823e-05 - val_loss: 1.1739e-07
Epoch 257/512
512/512 - 0s - loss: 1.1026e-05 - val_loss: 1.1174e-07
Epoch 258/512
512/512 - 0s - loss: 1.0550e-05 - val_loss: 1.1289e-07
Epoch 259/512
512/512 - 0s - loss: 1.0594e-05 - val_loss: 1.0770e-07
Epoch 260/512
512/512 - 0s - loss: 9.7538e-06 - val_loss: 9.8950e-08
Epoch 261/512
512/512 - 0s - loss: 9.2904e-06 - val_loss: 9.6331e-08
Epoch 262/512
512/512 - 0s - loss: 9.1273e-06 - val_loss: 9.2898e-08
Epoch 263/512
512/512 - 0s - loss: 8.6084e-06 - val_loss: 8.7478e-08
Epoch 264/512
512/512 - 0s - loss: 8.2868e-06 - val_loss: 8.1666e-08
Epoch 265/512
512/512 - 0s - loss: 7.6822e-06 - val_loss: 8.1128e-08
Epoch 266/512
512/512 - 0s - loss: 7.6294e-06 - val_loss: 8.1085e-08
Epoch 267/512
512/512 - 0s - loss: 7.4660e-06 - val_loss: 7.2470e-08
Epoch 268/512
512/512 - 0s - loss: 6.6554e-06 - val_loss: 6.7730e-08
Epoch 269/512
512/512 - 0s - loss: 6.5181e-06 - val_loss: 6.9995e-08
Epoch 270/512
512/512 - 0s - loss: 6.5041e-06 - val_loss: 6.6304e-08
Epoch 271/512
512/512 - 0s - loss: 6.0158e-06 - val_loss: 6.0430e-08
Epoch 272/512
512/512 - 0s - loss: 5.6588e-06 - val_loss: 5.8820e-08
Epoch 273/512
512/512 - 0s - loss: 5.5344e-06 - val_loss: 5.7430e-08
Epoch 274/512
512/512 - 0s - loss: 5.3235e-06 - val_loss: 5.3995e-08
Epoch 275/512
512/512 - 0s - loss: 5.0091e-06 - val_loss: 5.0340e-08
Epoch 276/512
512/512 - 0s - loss: 4.6918e-06 - val_loss: 4.9992e-08
Epoch 277/512
512/512 - 0s - loss: 4.6755e-06 - val_loss: 4.8271e-08
Epoch 278/512
512/512 - 0s - loss: 4.3925e-06 - val_loss: 4.4961e-08
Epoch 279/512
512/512 - 0s - loss: 4.1700e-06 - val_loss: 4.2382e-08
Epoch 280/512
512/512 - 0s - loss: 3.9435e-06 - val_loss: 4.1037e-08
Epoch 281/512
512/512 - 0s - loss: 3.8173e-06 - val_loss: 4.0099e-08
Epoch 282/512
512/512 - 0s - loss: 3.7115e-06 - val_loss: 3.6744e-08
Epoch 283/512
512/512 - 0s - loss: 3.3856e-06 - val_loss: 3.5054e-08
Epoch 284/512
512/512 - 0s - loss: 3.2976e-06 - val_loss: 3.4851e-08
Epoch 285/512
512/512 - 0s - loss: 3.1962e-06 - val_loss: 3.3145e-08
Epoch 286/512
512/512 - 0s - loss: 3.0227e-06 - val_loss: 3.0990e-08
Epoch 287/512
512/512 - 0s - loss: 2.8355e-06 - val_loss: 2.9598e-08
Epoch 288/512
512/512 - 0s - loss: 2.7625e-06 - val_loss: 2.8099e-08
Epoch 289/512
512/512 - 0s - loss: 2.6113e-06 - val_loss: 2.6482e-08
Epoch 290/512
512/512 - 0s - loss: 2.4784e-06 - val_loss: 2.5295e-08
Epoch 291/512
512/512 - 0s - loss: 2.3631e-06 - val_loss: 2.4586e-08
Epoch 292/512
512/512 - 0s - loss: 2.2821e-06 - val_loss: 2.3500e-08
Epoch 293/512
512/512 - 0s - loss: 2.1680e-06 - val_loss: 2.1699e-08
Epoch 294/512
512/512 - 0s - loss: 2.0258e-06 - val_loss: 2.0895e-08
Epoch 295/512
512/512 - 0s - loss: 1.9622e-06 - val_loss: 2.0272e-08
Epoch 296/512
512/512 - 0s - loss: 1.8778e-06 - val_loss: 1.9304e-08
Epoch 297/512
512/512 - 0s - loss: 1.7784e-06 - val_loss: 1.8107e-08
Epoch 298/512
512/512 - 0s - loss: 1.6731e-06 - val_loss: 1.7541e-08
Epoch 299/512
512/512 - 0s - loss: 1.6155e-06 - val_loss: 1.7033e-08
Epoch 300/512
512/512 - 0s - loss: 1.5529e-06 - val_loss: 1.6058e-08
Epoch 301/512
512/512 - 0s - loss: 1.4593e-06 - val_loss: 1.5030e-08
Epoch 302/512
512/512 - 0s - loss: 1.3849e-06 - val_loss: 1.4454e-08
Epoch 303/512
512/512 - 0s - loss: 1.3271e-06 - val_loss: 1.3833e-08
Epoch 304/512
512/512 - 0s - loss: 1.2718e-06 - val_loss: 1.3093e-08
Epoch 305/512
512/512 - 0s - loss: 1.1910e-06 - val_loss: 1.2449e-08
Epoch 306/512
512/512 - 0s - loss: 1.1440e-06 - val_loss: 1.2109e-08
Epoch 307/512
512/512 - 0s - loss: 1.1085e-06 - val_loss: 1.1212e-08
Epoch 308/512
512/512 - 0s - loss: 1.0279e-06 - val_loss: 1.0397e-08
Epoch 309/512
512/512 - 0s - loss: 9.6185e-07 - val_loss: 1.0387e-08
Epoch 310/512
512/512 - 0s - loss: 9.6510e-07 - val_loss: 9.9309e-09
Epoch 311/512
512/512 - 0s - loss: 9.0456e-07 - val_loss: 8.7688e-09
Epoch 312/512
512/512 - 0s - loss: 8.1509e-07 - val_loss: 8.6070e-09
Epoch 313/512
512/512 - 0s - loss: 8.1368e-07 - val_loss: 8.6920e-09
Epoch 314/512
512/512 - 0s - loss: 8.0055e-07 - val_loss: 7.7754e-09
Epoch 315/512
512/512 - 0s - loss: 7.0471e-07 - val_loss: 7.2572e-09
Epoch 316/512
512/512 - 0s - loss: 6.8320e-07 - val_loss: 7.4497e-09
Epoch 317/512
512/512 - 0s - loss: 6.8972e-07 - val_loss: 7.0125e-09
Epoch 318/512
512/512 - 0s - loss: 6.3094e-07 - val_loss: 6.1377e-09
Epoch 319/512
512/512 - 0s - loss: 5.6691e-07 - val_loss: 6.1696e-09
Epoch 320/512
512/512 - 0s - loss: 5.8321e-07 - val_loss: 6.2208e-09
Epoch 321/512
512/512 - 0s - loss: 5.5501e-07 - val_loss: 5.5317e-09
Epoch 322/512
512/512 - 0s - loss: 4.9535e-07 - val_loss: 5.2367e-09
Epoch 323/512
512/512 - 0s - loss: 4.9027e-07 - val_loss: 5.2245e-09
Epoch 324/512
512/512 - 0s - loss: 4.7670e-07 - val_loss: 4.8220e-09
Epoch 325/512
512/512 - 0s - loss: 4.3631e-07 - val_loss: 4.4130e-09
Epoch 326/512
512/512 - 0s - loss: 4.1294e-07 - val_loss: 4.3481e-09
Epoch 327/512
512/512 - 0s - loss: 4.0106e-07 - val_loss: 4.2550e-09
Epoch 328/512
512/512 - 0s - loss: 3.8512e-07 - val_loss: 3.9297e-09
Epoch 329/512
512/512 - 0s - loss: 3.5760e-07 - val_loss: 3.6448e-09
Epoch 330/512
512/512 - 0s - loss: 3.3883e-07 - val_loss: 3.5526e-09
Epoch 331/512
512/512 - 0s - loss: 3.2721e-07 - val_loss: 3.4184e-09
Epoch 332/512
512/512 - 0s - loss: 3.1096e-07 - val_loss: 3.1890e-09
Epoch 333/512
512/512 - 0s - loss: 2.9126e-07 - val_loss: 3.0101e-09
Epoch 334/512
512/512 - 0s - loss: 2.7824e-07 - val_loss: 2.9054e-09
Epoch 335/512
512/512 - 0s - loss: 2.6863e-07 - val_loss: 2.7125e-09
Epoch 336/512
512/512 - 0s - loss: 2.4708e-07 - val_loss: 2.6055e-09
Epoch 337/512
512/512 - 0s - loss: 2.4201e-07 - val_loss: 2.5025e-09
Epoch 338/512
512/512 - 0s - loss: 2.2578e-07 - val_loss: 2.3707e-09
Epoch 339/512
512/512 - 0s - loss: 2.1669e-07 - val_loss: 2.2500e-09
Epoch 340/512
512/512 - 0s - loss: 2.0654e-07 - val_loss: 2.1006e-09
Epoch 341/512
512/512 - 0s - loss: 1.9218e-07 - val_loss: 2.0025e-09
Epoch 342/512
512/512 - 0s - loss: 1.8458e-07 - val_loss: 1.9481e-09
Epoch 343/512
512/512 - 0s - loss: 1.7806e-07 - val_loss: 1.8414e-09
Epoch 344/512
512/512 - 0s - loss: 1.6539e-07 - val_loss: 1.7348e-09
Epoch 345/512
512/512 - 0s - loss: 1.5920e-07 - val_loss: 1.6635e-09
Epoch 346/512
512/512 - 0s - loss: 1.5149e-07 - val_loss: 1.5478e-09
Epoch 347/512
512/512 - 0s - loss: 1.4068e-07 - val_loss: 1.4773e-09
Epoch 348/512
512/512 - 0s - loss: 1.3693e-07 - val_loss: 1.4277e-09
Epoch 349/512
512/512 - 0s - loss: 1.3031e-07 - val_loss: 1.3264e-09
Epoch 350/512
512/512 - 0s - loss: 1.2006e-07 - val_loss: 1.2650e-09
Epoch 351/512
512/512 - 0s - loss: 1.1635e-07 - val_loss: 1.2478e-09
Epoch 352/512
512/512 - 0s - loss: 1.1350e-07 - val_loss: 1.1487e-09
Epoch 353/512
512/512 - 0s - loss: 1.0306e-07 - val_loss: 1.0741e-09
Epoch 354/512
512/512 - 0s - loss: 9.8660e-08 - val_loss: 1.0613e-09
Epoch 355/512
512/512 - 0s - loss: 9.6580e-08 - val_loss: 9.9726e-10
Epoch 356/512
512/512 - 0s - loss: 9.0178e-08 - val_loss: 9.1729e-10
Epoch 357/512
512/512 - 0s - loss: 8.3865e-08 - val_loss: 8.9114e-10
Epoch 358/512
512/512 - 0s - loss: 8.1813e-08 - val_loss: 8.6651e-10
Epoch 359/512
512/512 - 0s - loss: 7.8302e-08 - val_loss: 8.0697e-10
Epoch 360/512
512/512 - 0s - loss: 7.2831e-08 - val_loss: 7.4906e-10
Epoch 361/512
512/512 - 0s - loss: 6.9006e-08 - val_loss: 7.2810e-10
Epoch 362/512
512/512 - 0s - loss: 6.6563e-08 - val_loss: 6.9630e-10
Epoch 363/512
512/512 - 0s - loss: 6.2680e-08 - val_loss: 6.6270e-10
Epoch 364/512
512/512 - 0s - loss: 6.0373e-08 - val_loss: 6.2711e-10
Epoch 365/512
512/512 - 0s - loss: 5.6751e-08 - val_loss: 5.8515e-10
Epoch 366/512
512/512 - 0s - loss: 5.3880e-08 - val_loss: 5.5318e-10
Epoch 367/512
512/512 - 0s - loss: 5.0607e-08 - val_loss: 5.3884e-10
Epoch 368/512
512/512 - 0s - loss: 4.9471e-08 - val_loss: 5.2003e-10
Epoch 369/512
512/512 - 0s - loss: 4.6798e-08 - val_loss: 4.8431e-10
Epoch 370/512
512/512 - 0s - loss: 4.3808e-08 - val_loss: 4.5482e-10
Epoch 371/512
512/512 - 0s - loss: 4.2165e-08 - val_loss: 4.3083e-10
Epoch 372/512
512/512 - 0s - loss: 3.9233e-08 - val_loss: 4.1936e-10
Epoch 373/512
512/512 - 0s - loss: 3.8225e-08 - val_loss: 4.1013e-10
Epoch 374/512
512/512 - 0s - loss: 3.6978e-08 - val_loss: 3.7710e-10
Epoch 375/512
512/512 - 0s - loss: 3.4058e-08 - val_loss: 3.4948e-10
Epoch 376/512
512/512 - 0s - loss: 3.2274e-08 - val_loss: 3.3989e-10
Epoch 377/512
512/512 - 0s - loss: 3.1375e-08 - val_loss: 3.3055e-10
Epoch 378/512
512/512 - 0s - loss: 2.9811e-08 - val_loss: 3.1272e-10
Epoch 379/512
512/512 - 0s - loss: 2.8464e-08 - val_loss: 2.8953e-10
Epoch 380/512
512/512 - 0s - loss: 2.6468e-08 - val_loss: 2.7770e-10
Epoch 381/512
512/512 - 0s - loss: 2.5668e-08 - val_loss: 2.6903e-10
Epoch 382/512
512/512 - 0s - loss: 2.4722e-08 - val_loss: 2.5567e-10
Epoch 383/512
512/512 - 0s - loss: 2.3214e-08 - val_loss: 2.3907e-10
Epoch 384/512
512/512 - 0s - loss: 2.2275e-08 - val_loss: 2.2767e-10
Epoch 385/512
512/512 - 0s - loss: 2.0890e-08 - val_loss: 2.1774e-10
Epoch 386/512
512/512 - 0s - loss: 2.0126e-08 - val_loss: 2.1196e-10
Epoch 387/512
512/512 - 0s - loss: 1.9523e-08 - val_loss: 2.0452e-10
Epoch 388/512
512/512 - 0s - loss: 1.8553e-08 - val_loss: 1.9117e-10
Epoch 389/512
512/512 - 0s - loss: 1.7500e-08 - val_loss: 1.8004e-10
Epoch 390/512
512/512 - 0s - loss: 1.6482e-08 - val_loss: 1.7319e-10
Epoch 391/512
512/512 - 0s - loss: 1.6058e-08 - val_loss: 1.6813e-10
Epoch 392/512
512/512 - 0s - loss: 1.5432e-08 - val_loss: 1.6157e-10
Epoch 393/512
512/512 - 0s - loss: 1.4672e-08 - val_loss: 1.5082e-10
Epoch 394/512
512/512 - 0s - loss: 1.3838e-08 - val_loss: 1.4337e-10
Epoch 395/512
512/512 - 0s - loss: 1.3237e-08 - val_loss: 1.3878e-10
Epoch 396/512
512/512 - 0s - loss: 1.2916e-08 - val_loss: 1.3314e-10
Epoch 397/512
512/512 - 0s - loss: 1.2192e-08 - val_loss: 1.2712e-10
Epoch 398/512
512/512 - 0s - loss: 1.1740e-08 - val_loss: 1.2124e-10
Epoch 399/512
512/512 - 0s - loss: 1.1202e-08 - val_loss: 1.1502e-10
Epoch 400/512
512/512 - 0s - loss: 1.0593e-08 - val_loss: 1.1155e-10
Epoch 401/512
512/512 - 0s - loss: 1.0320e-08 - val_loss: 1.0812e-10
Epoch 402/512
512/512 - 0s - loss: 9.9349e-09 - val_loss: 1.0288e-10
Epoch 403/512
512/512 - 0s - loss: 9.4300e-09 - val_loss: 9.7524e-11
Epoch 404/512
512/512 - 0s - loss: 8.9764e-09 - val_loss: 9.3899e-11
Epoch 405/512
512/512 - 0s - loss: 8.7440e-09 - val_loss: 8.9426e-11
Epoch 406/512
512/512 - 0s - loss: 8.3109e-09 - val_loss: 8.6086e-11
Epoch 407/512
512/512 - 0s - loss: 7.9049e-09 - val_loss: 8.3534e-11
Epoch 408/512
512/512 - 0s - loss: 7.7333e-09 - val_loss: 8.0807e-11
Epoch 409/512
512/512 - 0s - loss: 7.4973e-09 - val_loss: 7.6699e-11
Epoch 410/512
512/512 - 0s - loss: 7.0377e-09 - val_loss: 7.2696e-11
Epoch 411/512
512/512 - 0s - loss: 6.7244e-09 - val_loss: 7.0984e-11
Epoch 412/512
512/512 - 0s - loss: 6.5427e-09 - val_loss: 6.9265e-11
Epoch 413/512
512/512 - 0s - loss: 6.4067e-09 - val_loss: 6.5961e-11
Epoch 414/512
512/512 - 0s - loss: 6.0907e-09 - val_loss: 6.2617e-11
Epoch 415/512
512/512 - 0s - loss: 5.8445e-09 - val_loss: 6.0084e-11
Epoch 416/512
512/512 - 0s - loss: 5.6060e-09 - val_loss: 5.7937e-11
Epoch 417/512
512/512 - 0s - loss: 5.3375e-09 - val_loss: 5.7193e-11
Epoch 418/512
512/512 - 0s - loss: 5.3202e-09 - val_loss: 5.5498e-11
Epoch 419/512
512/512 - 0s - loss: 5.1449e-09 - val_loss: 5.1801e-11
Epoch 420/512
512/512 - 0s - loss: 4.7880e-09 - val_loss: 4.9162e-11
Epoch 421/512
512/512 - 0s - loss: 4.5784e-09 - val_loss: 4.8441e-11
Epoch 422/512
512/512 - 0s - loss: 4.5097e-09 - val_loss: 4.7940e-11
Epoch 423/512
512/512 - 0s - loss: 4.4359e-09 - val_loss: 4.6331e-11
Epoch 424/512
512/512 - 0s - loss: 4.2923e-09 - val_loss: 4.3703e-11
Epoch 425/512
512/512 - 0s - loss: 4.0228e-09 - val_loss: 4.1536e-11
Epoch 426/512
512/512 - 0s - loss: 3.8992e-09 - val_loss: 4.0678e-11
Epoch 427/512
512/512 - 0s - loss: 3.8288e-09 - val_loss: 3.9259e-11
Epoch 428/512
512/512 - 0s - loss: 3.6280e-09 - val_loss: 3.8054e-11
Epoch 429/512
512/512 - 0s - loss: 3.6213e-09 - val_loss: 3.6780e-11
Epoch 430/512
512/512 - 0s - loss: 3.4319e-09 - val_loss: 3.4943e-11
Epoch 431/512
512/512 - 0s - loss: 3.2907e-09 - val_loss: 3.4086e-11
Epoch 432/512
512/512 - 0s - loss: 3.1926e-09 - val_loss: 3.3302e-11
Epoch 433/512
512/512 - 0s - loss: 3.1820e-09 - val_loss: 3.2941e-11
Epoch 434/512
512/512 - 0s - loss: 3.0982e-09 - val_loss: 3.1427e-11
Epoch 435/512
512/512 - 0s - loss: 2.8974e-09 - val_loss: 3.0000e-11
Epoch 436/512
512/512 - 0s - loss: 2.8075e-09 - val_loss: 2.9372e-11
Epoch 437/512
512/512 - 0s - loss: 2.7582e-09 - val_loss: 2.8839e-11
Epoch 438/512
512/512 - 0s - loss: 2.6691e-09 - val_loss: 2.8049e-11
Epoch 439/512
512/512 - 0s - loss: 2.6146e-09 - val_loss: 2.7251e-11
Epoch 440/512
512/512 - 0s - loss: 2.5732e-09 - val_loss: 2.6328e-11
Epoch 441/512
512/512 - 0s - loss: 2.4631e-09 - val_loss: 2.4996e-11
Epoch 442/512
512/512 - 0s - loss: 2.3504e-09 - val_loss: 2.4195e-11
Epoch 443/512
512/512 - 0s - loss: 2.2887e-09 - val_loss: 2.3812e-11
Epoch 444/512
512/512 - 0s - loss: 2.2540e-09 - val_loss: 2.3425e-11
Epoch 445/512
512/512 - 0s - loss: 2.2435e-09 - val_loss: 2.2758e-11
Epoch 446/512
512/512 - 0s - loss: 2.1346e-09 - val_loss: 2.1473e-11
Epoch 447/512
512/512 - 0s - loss: 2.0242e-09 - val_loss: 2.0912e-11
Epoch 448/512
512/512 - 0s - loss: 1.9849e-09 - val_loss: 2.0793e-11
Epoch 449/512
512/512 - 0s - loss: 1.9762e-09 - val_loss: 2.0537e-11
Epoch 450/512
512/512 - 0s - loss: 1.9498e-09 - val_loss: 1.9877e-11
Epoch 451/512
512/512 - 0s - loss: 1.8756e-09 - val_loss: 1.8790e-11
Epoch 452/512
512/512 - 0s - loss: 1.7522e-09 - val_loss: 1.7975e-11
Epoch 453/512
512/512 - 0s - loss: 1.7055e-09 - val_loss: 1.7896e-11
Epoch 454/512
512/512 - 0s - loss: 1.7051e-09 - val_loss: 1.8074e-11
Epoch 455/512
512/512 - 0s - loss: 1.7238e-09 - val_loss: 1.7893e-11
Epoch 456/512
512/512 - 0s - loss: 1.6899e-09 - val_loss: 1.6817e-11
Epoch 457/512
512/512 - 0s - loss: 1.5848e-09 - val_loss: 1.5932e-11
Epoch 458/512
512/512 - 0s - loss: 1.5251e-09 - val_loss: 1.5522e-11
Epoch 459/512
512/512 - 0s - loss: 1.4859e-09 - val_loss: 1.5320e-11
Epoch 460/512
512/512 - 0s - loss: 1.4575e-09 - val_loss: 1.5145e-11
Epoch 461/512
512/512 - 0s - loss: 1.4389e-09 - val_loss: 1.4881e-11
Epoch 462/512
512/512 - 0s - loss: 1.4193e-09 - val_loss: 1.4562e-11
Epoch 463/512
512/512 - 0s - loss: 1.3623e-09 - val_loss: 1.4112e-11
Epoch 464/512
512/512 - 0s - loss: 1.3540e-09 - val_loss: 1.3777e-11
Epoch 465/512
512/512 - 0s - loss: 1.3069e-09 - val_loss: 1.3371e-11
Epoch 466/512
512/512 - 0s - loss: 1.2812e-09 - val_loss: 1.2746e-11
Epoch 467/512
512/512 - 0s - loss: 1.2140e-09 - val_loss: 1.2387e-11
Epoch 468/512
512/512 - 0s - loss: 1.1881e-09 - val_loss: 1.2459e-11
Epoch 469/512
512/512 - 0s - loss: 1.1964e-09 - val_loss: 1.2598e-11
Epoch 470/512
512/512 - 0s - loss: 1.1918e-09 - val_loss: 1.2196e-11
Epoch 471/512
512/512 - 0s - loss: 1.1635e-09 - val_loss: 1.1603e-11
Epoch 472/512
512/512 - 0s - loss: 1.1032e-09 - val_loss: 1.1245e-11
Epoch 473/512
512/512 - 0s - loss: 1.0667e-09 - val_loss: 1.1011e-11
Epoch 474/512
512/512 - 0s - loss: 1.0532e-09 - val_loss: 1.1015e-11
Epoch 475/512
512/512 - 0s - loss: 1.0605e-09 - val_loss: 1.0821e-11
Epoch 476/512
512/512 - 0s - loss: 1.0313e-09 - val_loss: 1.0626e-11
Epoch 477/512
512/512 - 0s - loss: 1.0179e-09 - val_loss: 1.0348e-11
Epoch 478/512
512/512 - 0s - loss: 9.9222e-10 - val_loss: 1.0166e-11
Epoch 479/512
512/512 - 0s - loss: 9.6031e-10 - val_loss: 9.7489e-12
Epoch 480/512
512/512 - 0s - loss: 9.3612e-10 - val_loss: 9.5035e-12
Epoch 481/512
512/512 - 0s - loss: 9.1104e-10 - val_loss: 9.5495e-12
Epoch 482/512
512/512 - 0s - loss: 9.1682e-10 - val_loss: 9.2976e-12
Epoch 483/512
512/512 - 0s - loss: 8.7434e-10 - val_loss: 8.9832e-12
Epoch 484/512
512/512 - 0s - loss: 8.6231e-10 - val_loss: 8.9800e-12
Epoch 485/512
512/512 - 0s - loss: 8.6854e-10 - val_loss: 8.8967e-12
Epoch 486/512
512/512 - 0s - loss: 8.3998e-10 - val_loss: 8.6029e-12
Epoch 487/512
512/512 - 0s - loss: 8.2153e-10 - val_loss: 8.3574e-12
Epoch 488/512
512/512 - 0s - loss: 8.0062e-10 - val_loss: 8.0235e-12
Epoch 489/512
512/512 - 0s - loss: 7.6738e-10 - val_loss: 7.9876e-12
Epoch 490/512
512/512 - 0s - loss: 7.6941e-10 - val_loss: 7.9049e-12
Epoch 491/512
512/512 - 0s - loss: 7.6241e-10 - val_loss: 7.7248e-12
Epoch 492/512
512/512 - 0s - loss: 7.5333e-10 - val_loss: 7.6467e-12
Epoch 493/512
512/512 - 0s - loss: 7.2519e-10 - val_loss: 7.4105e-12
Epoch 494/512
512/512 - 0s - loss: 7.2183e-10 - val_loss: 7.2579e-12
Epoch 495/512
512/512 - 0s - loss: 6.9434e-10 - val_loss: 7.1179e-12
Epoch 496/512
512/512 - 0s - loss: 6.8888e-10 - val_loss: 7.1052e-12
Epoch 497/512
512/512 - 0s - loss: 6.8996e-10 - val_loss: 7.0311e-12
Epoch 498/512
512/512 - 0s - loss: 6.7489e-10 - val_loss: 6.8150e-12
Epoch 499/512
512/512 - 0s - loss: 6.5621e-10 - val_loss: 6.7157e-12
Epoch 500/512
512/512 - 0s - loss: 6.4430e-10 - val_loss: 6.5268e-12
Epoch 501/512
512/512 - 0s - loss: 6.3827e-10 - val_loss: 6.4202e-12
Epoch 502/512
512/512 - 0s - loss: 6.2531e-10 - val_loss: 6.2752e-12
Epoch 503/512
512/512 - 0s - loss: 6.0388e-10 - val_loss: 6.0799e-12
Epoch 504/512
512/512 - 0s - loss: 5.9118e-10 - val_loss: 5.9972e-12
Epoch 505/512
512/512 - 0s - loss: 5.8249e-10 - val_loss: 6.0641e-12
Epoch 506/512
512/512 - 0s - loss: 5.7955e-10 - val_loss: 6.0282e-12
Epoch 507/512
512/512 - 0s - loss: 5.8125e-10 - val_loss: 5.8602e-12
Epoch 508/512
512/512 - 0s - loss: 5.6092e-10 - val_loss: 5.6338e-12
Epoch 509/512
512/512 - 0s - loss: 5.4019e-10 - val_loss: 5.4984e-12
Epoch 510/512
512/512 - 0s - loss: 5.2982e-10 - val_loss: 5.4776e-12
Epoch 511/512
512/512 - 0s - loss: 5.3459e-10 - val_loss: 5.4240e-12
Epoch 512/512
512/512 - 0s - loss: 5.2758e-10 - val_loss: 5.3047e-12
2024-04-12 17:17:01.298486: I tensorflow/stream_executor/platform/default/dso_loader.cc:44] Successfully opened dynamic library libcudnn.so.7
2024-04-12 17:17:01.319576: E tensorflow/stream_executor/cuda/cuda_dnn.cc:329] Could not create cudnn handle: CUDNN_STATUS_INTERNAL_ERROR
2024-04-12 17:17:01.331604: E tensorflow/stream_executor/cuda/cuda_dnn.cc:329] Could not create cudnn handle: CUDNN_STATUS_INTERNAL_ERROR
2024-04-12 17:17:01.348186: E tensorflow/stream_executor/cuda/cuda_dnn.cc:329] Could not create cudnn handle: CUDNN_STATUS_INTERNAL_ERROR
2024-04-12 17:17:01.360596: E tensorflow/stream_executor/cuda/cuda_dnn.cc:329] Could not create cudnn handle: CUDNN_STATUS_INTERNAL_ERROR
Traceback (most recent call last):
  File "training_nn.py", line 84, in <module>
    X1_cipher_train_a, X2_cipher_train_a, y_cipher_train_a = generate_cipher_dataset(p1_bits, p2_bits, batch_size, public_arr, alice, task_a, nonce_bits, 0)
  File "/mnt/beegfs/home/minawoi/master-thesis/data_utils/dataset_generator.py", line 88, in generate_cipher_dataset
    cipher1, cipher2 = alice.predict([public_arr, p1_batch, p2_batch, nonce])
  File "/home/stud/minawoi/miniconda3/envs/conda-venv/lib/python3.7/site-packages/tensorflow_core/python/keras/engine/training.py", line 908, in predict
    use_multiprocessing=use_multiprocessing)
  File "/home/stud/minawoi/miniconda3/envs/conda-venv/lib/python3.7/site-packages/tensorflow_core/python/keras/engine/training_arrays.py", line 723, in predict
    callbacks=callbacks)
  File "/home/stud/minawoi/miniconda3/envs/conda-venv/lib/python3.7/site-packages/tensorflow_core/python/keras/engine/training_arrays.py", line 394, in model_iteration
    batch_outs = f(ins_batch)
  File "/home/stud/minawoi/miniconda3/envs/conda-venv/lib/python3.7/site-packages/tensorflow_core/python/keras/backend.py", line 3476, in __call__
    run_metadata=self.run_metadata)
  File "/home/stud/minawoi/miniconda3/envs/conda-venv/lib/python3.7/site-packages/tensorflow_core/python/client/session.py", line 1472, in __call__
    run_metadata_ptr)
tensorflow.python.framework.errors_impl.UnknownError: 2 root error(s) found.
  (0) Unknown: Failed to get convolution algorithm. This is probably because cuDNN failed to initialize, so try looking to see if a warning log message was printed above.
	 [[{{node conv1d_4/conv1d}}]]
	 [[flatten/Reshape/_203]]
  (1) Unknown: Failed to get convolution algorithm. This is probably because cuDNN failed to initialize, so try looking to see if a warning log message was printed above.
	 [[{{node conv1d_4/conv1d}}]]
0 successful operations.
0 derived errors ignored.
