WARNING:tensorflow:From /home/stud/minawoi/miniconda3/envs/conda-venv/lib/python3.7/site-packages/tensorflow_core/python/ops/resource_variable_ops.py:1630: calling BaseResourceVariable.__init__ (from tensorflow.python.ops.resource_variable_ops) with constraint is deprecated and will be removed in a future version.
Instructions for updating:
If using Keras pass *_constraint arguments to layers.
2024-04-04 14:13:18.926992: I tensorflow/stream_executor/platform/default/dso_loader.cc:44] Successfully opened dynamic library libcuda.so.1
2024-04-04 14:13:19.165593: I tensorflow/core/common_runtime/gpu/gpu_device.cc:1618] Found device 0 with properties: 
name: Tesla V100-PCIE-32GB major: 7 minor: 0 memoryClockRate(GHz): 1.38
pciBusID: 0000:89:00.0
2024-04-04 14:13:19.166536: I tensorflow/stream_executor/platform/default/dso_loader.cc:44] Successfully opened dynamic library libcudart.so.10.0
2024-04-04 14:13:19.170059: I tensorflow/stream_executor/platform/default/dso_loader.cc:44] Successfully opened dynamic library libcublas.so.10.0
2024-04-04 14:13:19.172955: I tensorflow/stream_executor/platform/default/dso_loader.cc:44] Successfully opened dynamic library libcufft.so.10.0
2024-04-04 14:13:19.173988: I tensorflow/stream_executor/platform/default/dso_loader.cc:44] Successfully opened dynamic library libcurand.so.10.0
2024-04-04 14:13:19.229189: I tensorflow/stream_executor/platform/default/dso_loader.cc:44] Successfully opened dynamic library libcusolver.so.10.0
2024-04-04 14:13:19.232572: I tensorflow/stream_executor/platform/default/dso_loader.cc:44] Successfully opened dynamic library libcusparse.so.10.0
2024-04-04 14:13:19.240646: I tensorflow/stream_executor/platform/default/dso_loader.cc:44] Successfully opened dynamic library libcudnn.so.7
2024-04-04 14:13:19.253553: I tensorflow/core/common_runtime/gpu/gpu_device.cc:1746] Adding visible gpu devices: 0
2024-04-04 14:13:19.254113: I tensorflow/core/platform/cpu_feature_guard.cc:142] Your CPU supports instructions that this TensorFlow binary was not compiled to use: AVX2 FMA
2024-04-04 14:13:19.271904: I tensorflow/core/platform/profile_utils/cpu_utils.cc:94] CPU Frequency: 2199835000 Hz
2024-04-04 14:13:19.275469: I tensorflow/compiler/xla/service/service.cc:168] XLA service 0x5b1a370 initialized for platform Host (this does not guarantee that XLA will be used). Devices:
2024-04-04 14:13:19.275547: I tensorflow/compiler/xla/service/service.cc:176]   StreamExecutor device (0): Host, Default Version
2024-04-04 14:13:19.584695: I tensorflow/compiler/xla/service/service.cc:168] XLA service 0x4c62b20 initialized for platform CUDA (this does not guarantee that XLA will be used). Devices:
2024-04-04 14:13:19.584780: I tensorflow/compiler/xla/service/service.cc:176]   StreamExecutor device (0): Tesla V100-PCIE-32GB, Compute Capability 7.0
2024-04-04 14:13:19.589574: I tensorflow/core/common_runtime/gpu/gpu_device.cc:1618] Found device 0 with properties: 
name: Tesla V100-PCIE-32GB major: 7 minor: 0 memoryClockRate(GHz): 1.38
pciBusID: 0000:89:00.0
2024-04-04 14:13:19.589716: I tensorflow/stream_executor/platform/default/dso_loader.cc:44] Successfully opened dynamic library libcudart.so.10.0
2024-04-04 14:13:19.589754: I tensorflow/stream_executor/platform/default/dso_loader.cc:44] Successfully opened dynamic library libcublas.so.10.0
2024-04-04 14:13:19.589789: I tensorflow/stream_executor/platform/default/dso_loader.cc:44] Successfully opened dynamic library libcufft.so.10.0
2024-04-04 14:13:19.589822: I tensorflow/stream_executor/platform/default/dso_loader.cc:44] Successfully opened dynamic library libcurand.so.10.0
2024-04-04 14:13:19.589856: I tensorflow/stream_executor/platform/default/dso_loader.cc:44] Successfully opened dynamic library libcusolver.so.10.0
2024-04-04 14:13:19.589889: I tensorflow/stream_executor/platform/default/dso_loader.cc:44] Successfully opened dynamic library libcusparse.so.10.0
2024-04-04 14:13:19.589923: I tensorflow/stream_executor/platform/default/dso_loader.cc:44] Successfully opened dynamic library libcudnn.so.7
2024-04-04 14:13:19.600426: I tensorflow/core/common_runtime/gpu/gpu_device.cc:1746] Adding visible gpu devices: 0
2024-04-04 14:13:19.600498: I tensorflow/stream_executor/platform/default/dso_loader.cc:44] Successfully opened dynamic library libcudart.so.10.0
2024-04-04 14:13:19.606071: I tensorflow/core/common_runtime/gpu/gpu_device.cc:1159] Device interconnect StreamExecutor with strength 1 edge matrix:
2024-04-04 14:13:19.606097: I tensorflow/core/common_runtime/gpu/gpu_device.cc:1165]      0 
2024-04-04 14:13:19.606122: I tensorflow/core/common_runtime/gpu/gpu_device.cc:1178] 0:   N 
2024-04-04 14:13:19.610757: I tensorflow/core/common_runtime/gpu/gpu_device.cc:1304] Created TensorFlow device (/job:localhost/replica:0/task:0/device:GPU:0 with 30593 MB memory) -> physical GPU (device: 0, name: Tesla V100-PCIE-32GB, pci bus id: 0000:89:00.0, compute capability: 7.0)
WARNING:tensorflow:Output bob missing from loss dictionary. We assume this was done on purpose. The fit and evaluate APIs will not be expecting any data to be passed to bob.
WARNING:tensorflow:Output eve missing from loss dictionary. We assume this was done on purpose. The fit and evaluate APIs will not be expecting any data to be passed to eve.
2024-04-04 14:13:23.058773: I tensorflow/stream_executor/platform/default/dso_loader.cc:44] Successfully opened dynamic library libcublas.so.10.0
Train on 1024 samples, validate on 1024 samples
Epoch 1/2000
1024/1024 - 1s - loss: 101.1286 - val_loss: 0.2570
Epoch 2/2000
1024/1024 - 0s - loss: 0.4367 - val_loss: 0.1191
Epoch 3/2000
1024/1024 - 0s - loss: 0.3521 - val_loss: 0.0641
Epoch 4/2000
1024/1024 - 0s - loss: 0.3219 - val_loss: 0.0438
Epoch 5/2000
1024/1024 - 0s - loss: 0.3075 - val_loss: 0.0346
Epoch 6/2000
1024/1024 - 0s - loss: 0.2985 - val_loss: 0.0302
Epoch 7/2000
1024/1024 - 0s - loss: 0.2918 - val_loss: 0.0275
Epoch 8/2000
1024/1024 - 0s - loss: 0.2865 - val_loss: 0.0259
Epoch 9/2000
1024/1024 - 0s - loss: 0.2820 - val_loss: 0.0248
Epoch 10/2000
1024/1024 - 0s - loss: 0.2782 - val_loss: 0.0240
Epoch 11/2000
1024/1024 - 0s - loss: 0.2747 - val_loss: 0.0234
Epoch 12/2000
1024/1024 - 0s - loss: 0.2716 - val_loss: 0.0229
Epoch 13/2000
1024/1024 - 0s - loss: 0.2687 - val_loss: 0.0226
Epoch 14/2000
1024/1024 - 0s - loss: 0.2657 - val_loss: 0.0223
Epoch 15/2000
1024/1024 - 0s - loss: 0.2617 - val_loss: 0.0221
Epoch 16/2000
1024/1024 - 0s - loss: 0.2521 - val_loss: 0.0218
Epoch 17/2000
1024/1024 - 0s - loss: 0.2403 - val_loss: 0.0215
Epoch 18/2000
1024/1024 - 0s - loss: 0.2315 - val_loss: 0.0212
Epoch 19/2000
1024/1024 - 0s - loss: 0.2254 - val_loss: 0.0211
Epoch 20/2000
1024/1024 - 0s - loss: 0.2204 - val_loss: 0.0210
Epoch 21/2000
1024/1024 - 0s - loss: 0.2158 - val_loss: 0.0209
Epoch 22/2000
1024/1024 - 0s - loss: 0.2111 - val_loss: 0.0210
Epoch 23/2000
1024/1024 - 0s - loss: 0.2059 - val_loss: 0.0211
Epoch 24/2000
1024/1024 - 0s - loss: 0.2002 - val_loss: 0.0213
Epoch 25/2000
1024/1024 - 0s - loss: 0.1933 - val_loss: 0.0214
Epoch 26/2000
1024/1024 - 0s - loss: 0.1847 - val_loss: 0.0216
Epoch 27/2000
1024/1024 - 0s - loss: 0.1740 - val_loss: 0.0218
Epoch 28/2000
1024/1024 - 0s - loss: 0.1597 - val_loss: 0.0222
Epoch 29/2000
1024/1024 - 0s - loss: 0.1413 - val_loss: 0.0230
Epoch 30/2000
1024/1024 - 0s - loss: 0.1168 - val_loss: 0.0248
Epoch 31/2000
1024/1024 - 0s - loss: 0.0880 - val_loss: 0.0286
Epoch 32/2000
1024/1024 - 0s - loss: 0.0591 - val_loss: 0.0351
Epoch 33/2000
1024/1024 - 0s - loss: 0.0400 - val_loss: 0.0425
Epoch 34/2000
1024/1024 - 0s - loss: 0.0340 - val_loss: 0.0469
Epoch 35/2000
1024/1024 - 0s - loss: 0.0331 - val_loss: 0.0474
Epoch 36/2000
1024/1024 - 0s - loss: 0.0327 - val_loss: 0.0464
Epoch 37/2000
1024/1024 - 0s - loss: 0.0323 - val_loss: 0.0455
Epoch 38/2000
1024/1024 - 0s - loss: 0.0319 - val_loss: 0.0449
Epoch 39/2000
1024/1024 - 0s - loss: 0.0315 - val_loss: 0.0444
Epoch 40/2000
1024/1024 - 0s - loss: 0.0311 - val_loss: 0.0439
Epoch 41/2000
1024/1024 - 0s - loss: 0.0307 - val_loss: 0.0434
Epoch 42/2000
1024/1024 - 0s - loss: 0.0303 - val_loss: 0.0428
Epoch 43/2000
1024/1024 - 0s - loss: 0.0299 - val_loss: 0.0422
Epoch 44/2000
1024/1024 - 0s - loss: 0.0294 - val_loss: 0.0416
Epoch 45/2000
1024/1024 - 0s - loss: 0.0288 - val_loss: 0.0411
Epoch 46/2000
1024/1024 - 0s - loss: 0.0283 - val_loss: 0.0405
Epoch 47/2000
1024/1024 - 0s - loss: 0.0276 - val_loss: 0.0400
Epoch 48/2000
1024/1024 - 0s - loss: 0.0270 - val_loss: 0.0396
Epoch 49/2000
1024/1024 - 0s - loss: 0.0264 - val_loss: 0.0393
Epoch 50/2000
1024/1024 - 0s - loss: 0.0258 - val_loss: 0.0393
Epoch 51/2000
1024/1024 - 0s - loss: 0.0254 - val_loss: 0.0393
Epoch 52/2000
1024/1024 - 0s - loss: 0.0250 - val_loss: 0.0392
Epoch 53/2000
1024/1024 - 0s - loss: 0.0247 - val_loss: 0.0389
Epoch 54/2000
1024/1024 - 0s - loss: 0.0245 - val_loss: 0.0386
Epoch 55/2000
1024/1024 - 0s - loss: 0.0242 - val_loss: 0.0382
Epoch 56/2000
1024/1024 - 0s - loss: 0.0239 - val_loss: 0.0379
Epoch 57/2000
1024/1024 - 0s - loss: 0.0237 - val_loss: 0.0375
Epoch 58/2000
1024/1024 - 0s - loss: 0.0235 - val_loss: 0.0371
Epoch 59/2000
1024/1024 - 0s - loss: 0.0233 - val_loss: 0.0368
Epoch 60/2000
1024/1024 - 0s - loss: 0.0230 - val_loss: 0.0364
Epoch 61/2000
1024/1024 - 0s - loss: 0.0228 - val_loss: 0.0360
Epoch 62/2000
1024/1024 - 0s - loss: 0.0226 - val_loss: 0.0357
Epoch 63/2000
1024/1024 - 0s - loss: 0.0224 - val_loss: 0.0353
Epoch 64/2000
1024/1024 - 0s - loss: 0.0222 - val_loss: 0.0350
Epoch 65/2000
1024/1024 - 0s - loss: 0.0220 - val_loss: 0.0347
Epoch 66/2000
1024/1024 - 0s - loss: 0.0218 - val_loss: 0.0343
Epoch 67/2000
1024/1024 - 0s - loss: 0.0216 - val_loss: 0.0340
Epoch 68/2000
1024/1024 - 0s - loss: 0.0215 - val_loss: 0.0337
Epoch 69/2000
1024/1024 - 0s - loss: 0.0213 - val_loss: 0.0334
Epoch 70/2000
1024/1024 - 0s - loss: 0.0211 - val_loss: 0.0331
Epoch 71/2000
1024/1024 - 0s - loss: 0.0209 - val_loss: 0.0328
Epoch 72/2000
1024/1024 - 0s - loss: 0.0207 - val_loss: 0.0325
Epoch 73/2000
1024/1024 - 0s - loss: 0.0205 - val_loss: 0.0322
Epoch 74/2000
1024/1024 - 0s - loss: 0.0203 - val_loss: 0.0320
Epoch 75/2000
1024/1024 - 0s - loss: 0.0201 - val_loss: 0.0318
Epoch 76/2000
1024/1024 - 0s - loss: 0.0200 - val_loss: 0.0316
Epoch 77/2000
1024/1024 - 0s - loss: 0.0198 - val_loss: 0.0314
Epoch 78/2000
1024/1024 - 0s - loss: 0.0196 - val_loss: 0.0313
Epoch 79/2000
1024/1024 - 0s - loss: 0.0194 - val_loss: 0.0312
Epoch 80/2000
1024/1024 - 0s - loss: 0.0192 - val_loss: 0.0311
Epoch 81/2000
1024/1024 - 0s - loss: 0.0190 - val_loss: 0.0311
Epoch 82/2000
1024/1024 - 0s - loss: 0.0188 - val_loss: 0.0311
Epoch 83/2000
1024/1024 - 0s - loss: 0.0186 - val_loss: 0.0312
Epoch 84/2000
1024/1024 - 0s - loss: 0.0184 - val_loss: 0.0314
Epoch 85/2000
1024/1024 - 0s - loss: 0.0182 - val_loss: 0.0316
Epoch 86/2000
1024/1024 - 0s - loss: 0.0180 - val_loss: 0.0320
Epoch 87/2000
1024/1024 - 0s - loss: 0.0178 - val_loss: 0.0325
Epoch 88/2000
1024/1024 - 0s - loss: 0.0176 - val_loss: 0.0330
Epoch 89/2000
1024/1024 - 0s - loss: 0.0174 - val_loss: 0.0338
Epoch 90/2000
1024/1024 - 0s - loss: 0.0172 - val_loss: 0.0347
Epoch 91/2000
1024/1024 - 0s - loss: 0.0170 - val_loss: 0.0358
Epoch 92/2000
1024/1024 - 0s - loss: 0.0168 - val_loss: 0.0372
Epoch 93/2000
1024/1024 - 0s - loss: 0.0165 - val_loss: 0.0387
Epoch 94/2000
1024/1024 - 0s - loss: 0.0163 - val_loss: 0.0404
Epoch 95/2000
1024/1024 - 0s - loss: 0.0161 - val_loss: 0.0423
Epoch 96/2000
1024/1024 - 0s - loss: 0.0158 - val_loss: 0.0444
Epoch 97/2000
1024/1024 - 0s - loss: 0.0156 - val_loss: 0.0467
Epoch 98/2000
1024/1024 - 0s - loss: 0.0154 - val_loss: 0.0492
Epoch 99/2000
1024/1024 - 0s - loss: 0.0151 - val_loss: 0.0520
Epoch 100/2000
1024/1024 - 0s - loss: 0.0149 - val_loss: 0.0548
Epoch 101/2000
1024/1024 - 0s - loss: 0.0146 - val_loss: 0.0576
Epoch 102/2000
1024/1024 - 0s - loss: 0.0144 - val_loss: 0.0607
Epoch 103/2000
1024/1024 - 0s - loss: 0.0142 - val_loss: 0.0634
Epoch 104/2000
1024/1024 - 0s - loss: 0.0139 - val_loss: 0.0666
Epoch 105/2000
1024/1024 - 0s - loss: 0.0137 - val_loss: 0.0696
Epoch 106/2000
1024/1024 - 0s - loss: 0.0135 - val_loss: 0.0725
Epoch 107/2000
1024/1024 - 0s - loss: 0.0133 - val_loss: 0.0748
Epoch 108/2000
1024/1024 - 0s - loss: 0.0131 - val_loss: 0.0789
Epoch 109/2000
1024/1024 - 0s - loss: 0.0129 - val_loss: 0.0807
Epoch 110/2000
1024/1024 - 0s - loss: 0.0127 - val_loss: 0.0825
Epoch 111/2000
1024/1024 - 0s - loss: 0.0126 - val_loss: 0.0845
Epoch 112/2000
1024/1024 - 0s - loss: 0.0125 - val_loss: 0.0864
Epoch 113/2000
1024/1024 - 0s - loss: 0.0123 - val_loss: 0.0888
Epoch 114/2000
1024/1024 - 0s - loss: 0.0122 - val_loss: 0.0896
Epoch 115/2000
1024/1024 - 0s - loss: 0.0121 - val_loss: 0.0894
Epoch 116/2000
1024/1024 - 0s - loss: 0.0121 - val_loss: 0.0892
Epoch 117/2000
1024/1024 - 0s - loss: 0.0120 - val_loss: 0.0918
Epoch 118/2000
1024/1024 - 0s - loss: 0.0119 - val_loss: 0.0927
Epoch 119/2000
1024/1024 - 0s - loss: 0.0118 - val_loss: 0.0924
Epoch 120/2000
1024/1024 - 0s - loss: 0.0117 - val_loss: 0.0945
Epoch 121/2000
1024/1024 - 0s - loss: 0.0116 - val_loss: 0.0954
Epoch 122/2000
1024/1024 - 0s - loss: 0.0116 - val_loss: 0.0950
Epoch 123/2000
1024/1024 - 0s - loss: 0.0115 - val_loss: 0.0938
Epoch 124/2000
1024/1024 - 0s - loss: 0.0114 - val_loss: 0.0928
Epoch 125/2000
1024/1024 - 0s - loss: 0.0114 - val_loss: 0.0922
Epoch 126/2000
1024/1024 - 0s - loss: 0.0113 - val_loss: 0.0934
Epoch 127/2000
1024/1024 - 0s - loss: 0.0112 - val_loss: 0.0932
Epoch 128/2000
1024/1024 - 0s - loss: 0.0112 - val_loss: 0.0924
Epoch 129/2000
1024/1024 - 0s - loss: 0.0111 - val_loss: 0.0942
Epoch 130/2000
1024/1024 - 0s - loss: 0.0111 - val_loss: 0.0919
Epoch 131/2000
1024/1024 - 0s - loss: 0.0110 - val_loss: 0.0908
Epoch 132/2000
1024/1024 - 0s - loss: 0.0109 - val_loss: 0.0900
Epoch 133/2000
1024/1024 - 0s - loss: 0.0109 - val_loss: 0.0906
Epoch 134/2000
1024/1024 - 0s - loss: 0.0108 - val_loss: 0.0905
Epoch 135/2000
1024/1024 - 0s - loss: 0.0107 - val_loss: 0.0906
Epoch 136/2000
1024/1024 - 0s - loss: 0.0107 - val_loss: 0.0916
Epoch 137/2000
1024/1024 - 0s - loss: 0.0106 - val_loss: 0.0901
Epoch 138/2000
1024/1024 - 0s - loss: 0.0106 - val_loss: 0.0915
Epoch 139/2000
1024/1024 - 0s - loss: 0.0105 - val_loss: 0.0888
Epoch 140/2000
1024/1024 - 0s - loss: 0.0105 - val_loss: 0.0880
Epoch 141/2000
1024/1024 - 0s - loss: 0.0104 - val_loss: 0.0882
Epoch 142/2000
1024/1024 - 0s - loss: 0.0103 - val_loss: 0.0880
Epoch 143/2000
1024/1024 - 0s - loss: 0.0103 - val_loss: 0.0870
Epoch 144/2000
1024/1024 - 0s - loss: 0.0102 - val_loss: 0.0866
Epoch 145/2000
1024/1024 - 0s - loss: 0.0102 - val_loss: 0.0858
Epoch 146/2000
1024/1024 - 0s - loss: 0.0101 - val_loss: 0.0879
Epoch 147/2000
1024/1024 - 0s - loss: 0.0101 - val_loss: 0.0876
Epoch 148/2000
1024/1024 - 0s - loss: 0.0100 - val_loss: 0.0845
Epoch 149/2000
1024/1024 - 0s - loss: 0.0100 - val_loss: 0.0837
Epoch 150/2000
1024/1024 - 0s - loss: 0.0099 - val_loss: 0.0836
Epoch 151/2000
1024/1024 - 0s - loss: 0.0099 - val_loss: 0.0827
Epoch 152/2000
1024/1024 - 0s - loss: 0.0098 - val_loss: 0.0823
Epoch 153/2000
1024/1024 - 0s - loss: 0.0098 - val_loss: 0.0824
Epoch 154/2000
1024/1024 - 0s - loss: 0.0097 - val_loss: 0.0825
Epoch 155/2000
1024/1024 - 0s - loss: 0.0097 - val_loss: 0.0841
Epoch 156/2000
1024/1024 - 0s - loss: 0.0096 - val_loss: 0.0836
Epoch 157/2000
1024/1024 - 0s - loss: 0.0095 - val_loss: 0.0836
Epoch 158/2000
1024/1024 - 0s - loss: 0.0095 - val_loss: 0.0832
Epoch 159/2000
1024/1024 - 0s - loss: 0.0095 - val_loss: 0.0790
Epoch 160/2000
1024/1024 - 0s - loss: 0.0094 - val_loss: 0.0806
Epoch 161/2000
1024/1024 - 0s - loss: 0.0094 - val_loss: 0.0806
Epoch 162/2000
1024/1024 - 0s - loss: 0.0093 - val_loss: 0.0789
Epoch 163/2000
1024/1024 - 0s - loss: 0.0093 - val_loss: 0.0828
Epoch 164/2000
1024/1024 - 0s - loss: 0.0092 - val_loss: 0.0805
Epoch 165/2000
1024/1024 - 0s - loss: 0.0092 - val_loss: 0.0797
Epoch 166/2000
1024/1024 - 0s - loss: 0.0091 - val_loss: 0.0805
Epoch 167/2000
1024/1024 - 0s - loss: 0.0091 - val_loss: 0.0794
Epoch 168/2000
1024/1024 - 0s - loss: 0.0090 - val_loss: 0.0774
Epoch 169/2000
1024/1024 - 0s - loss: 0.0090 - val_loss: 0.0782
Epoch 170/2000
1024/1024 - 0s - loss: 0.0089 - val_loss: 0.0801
Epoch 171/2000
1024/1024 - 0s - loss: 0.0089 - val_loss: 0.0777
Epoch 172/2000
1024/1024 - 0s - loss: 0.0088 - val_loss: 0.0771
Epoch 173/2000
1024/1024 - 0s - loss: 0.0088 - val_loss: 0.0770
Epoch 174/2000
1024/1024 - 0s - loss: 0.0087 - val_loss: 0.0786
Epoch 175/2000
1024/1024 - 0s - loss: 0.0087 - val_loss: 0.0778
Epoch 176/2000
1024/1024 - 0s - loss: 0.0087 - val_loss: 0.0767
Epoch 177/2000
1024/1024 - 0s - loss: 0.0086 - val_loss: 0.0757
Epoch 178/2000
1024/1024 - 0s - loss: 0.0086 - val_loss: 0.0734
Epoch 179/2000
1024/1024 - 0s - loss: 0.0085 - val_loss: 0.0735
Epoch 180/2000
1024/1024 - 0s - loss: 0.0085 - val_loss: 0.0738
Epoch 181/2000
1024/1024 - 0s - loss: 0.0084 - val_loss: 0.0755
Epoch 182/2000
1024/1024 - 0s - loss: 0.0084 - val_loss: 0.0750
Epoch 183/2000
1024/1024 - 0s - loss: 0.0084 - val_loss: 0.0764
Epoch 184/2000
1024/1024 - 0s - loss: 0.0083 - val_loss: 0.0732
Epoch 185/2000
1024/1024 - 0s - loss: 0.0083 - val_loss: 0.0739
Epoch 186/2000
1024/1024 - 0s - loss: 0.0083 - val_loss: 0.0753
Epoch 187/2000
1024/1024 - 0s - loss: 0.0082 - val_loss: 0.0742
Epoch 188/2000
1024/1024 - 0s - loss: 0.0082 - val_loss: 0.0716
Epoch 189/2000
1024/1024 - 0s - loss: 0.0081 - val_loss: 0.0710
Epoch 190/2000
1024/1024 - 0s - loss: 0.0081 - val_loss: 0.0751
Epoch 191/2000
1024/1024 - 0s - loss: 0.0081 - val_loss: 0.0724
Epoch 192/2000
1024/1024 - 0s - loss: 0.0080 - val_loss: 0.0706
Epoch 193/2000
1024/1024 - 0s - loss: 0.0080 - val_loss: 0.0698
Epoch 194/2000
1024/1024 - 0s - loss: 0.0079 - val_loss: 0.0720
Epoch 195/2000
1024/1024 - 0s - loss: 0.0079 - val_loss: 0.0705
Epoch 196/2000
1024/1024 - 0s - loss: 0.0079 - val_loss: 0.0727
Epoch 197/2000
1024/1024 - 0s - loss: 0.0078 - val_loss: 0.0684
Epoch 198/2000
1024/1024 - 0s - loss: 0.0078 - val_loss: 0.0683
Epoch 199/2000
1024/1024 - 0s - loss: 0.0078 - val_loss: 0.0679
Epoch 200/2000
1024/1024 - 0s - loss: 0.0077 - val_loss: 0.0692
Epoch 201/2000
1024/1024 - 0s - loss: 0.0077 - val_loss: 0.0713
Epoch 202/2000
1024/1024 - 0s - loss: 0.0077 - val_loss: 0.0700
Epoch 203/2000
1024/1024 - 0s - loss: 0.0076 - val_loss: 0.0670
Epoch 204/2000
1024/1024 - 0s - loss: 0.0076 - val_loss: 0.0687
Epoch 205/2000
1024/1024 - 0s - loss: 0.0076 - val_loss: 0.0679
Epoch 206/2000
1024/1024 - 0s - loss: 0.0075 - val_loss: 0.0689
Epoch 207/2000
1024/1024 - 0s - loss: 0.0075 - val_loss: 0.0663
Epoch 208/2000
1024/1024 - 0s - loss: 0.0075 - val_loss: 0.0647
Epoch 209/2000
1024/1024 - 0s - loss: 0.0074 - val_loss: 0.0683
Epoch 210/2000
1024/1024 - 0s - loss: 0.0074 - val_loss: 0.0633
Epoch 211/2000
1024/1024 - 0s - loss: 0.0074 - val_loss: 0.0627
Epoch 212/2000
1024/1024 - 0s - loss: 0.0074 - val_loss: 0.0681
Epoch 213/2000
1024/1024 - 0s - loss: 0.0073 - val_loss: 0.0692
Epoch 214/2000
1024/1024 - 0s - loss: 0.0073 - val_loss: 0.0616
Epoch 215/2000
1024/1024 - 0s - loss: 0.0073 - val_loss: 0.0623
Epoch 216/2000
1024/1024 - 0s - loss: 0.0072 - val_loss: 0.0625
Epoch 217/2000
1024/1024 - 0s - loss: 0.0072 - val_loss: 0.0607
Epoch 218/2000
1024/1024 - 0s - loss: 0.0072 - val_loss: 0.0624
Epoch 219/2000
1024/1024 - 0s - loss: 0.0072 - val_loss: 0.0664
Epoch 220/2000
1024/1024 - 0s - loss: 0.0071 - val_loss: 0.0627
Epoch 221/2000
1024/1024 - 0s - loss: 0.0071 - val_loss: 0.0643
Epoch 222/2000
1024/1024 - 0s - loss: 0.0071 - val_loss: 0.0663
Epoch 223/2000
1024/1024 - 0s - loss: 0.0071 - val_loss: 0.0598
Epoch 224/2000
1024/1024 - 0s - loss: 0.0071 - val_loss: 0.0594
Epoch 225/2000
1024/1024 - 0s - loss: 0.0070 - val_loss: 0.0618
Epoch 226/2000
1024/1024 - 0s - loss: 0.0070 - val_loss: 0.0639
Epoch 227/2000
1024/1024 - 0s - loss: 0.0070 - val_loss: 0.0628
Epoch 228/2000
1024/1024 - 0s - loss: 0.0070 - val_loss: 0.0606
Epoch 229/2000
1024/1024 - 0s - loss: 0.0069 - val_loss: 0.0637
Epoch 230/2000
1024/1024 - 0s - loss: 0.0069 - val_loss: 0.0623
Epoch 231/2000
1024/1024 - 0s - loss: 0.0069 - val_loss: 0.0601
Epoch 232/2000
1024/1024 - 0s - loss: 0.0069 - val_loss: 0.0555
Epoch 233/2000
1024/1024 - 0s - loss: 0.0069 - val_loss: 0.0572
Epoch 234/2000
1024/1024 - 0s - loss: 0.0068 - val_loss: 0.0579
Epoch 235/2000
1024/1024 - 0s - loss: 0.0068 - val_loss: 0.0562
Epoch 236/2000
1024/1024 - 0s - loss: 0.0068 - val_loss: 0.0622
Epoch 237/2000
1024/1024 - 0s - loss: 0.0068 - val_loss: 0.0625
Epoch 238/2000
1024/1024 - 0s - loss: 0.0068 - val_loss: 0.0596
Epoch 239/2000
1024/1024 - 0s - loss: 0.0067 - val_loss: 0.0576
Epoch 240/2000
1024/1024 - 0s - loss: 0.0067 - val_loss: 0.0581
Epoch 241/2000
1024/1024 - 0s - loss: 0.0067 - val_loss: 0.0611
Epoch 242/2000
1024/1024 - 0s - loss: 0.0067 - val_loss: 0.0581
Epoch 243/2000
1024/1024 - 0s - loss: 0.0067 - val_loss: 0.0560
Epoch 244/2000
1024/1024 - 0s - loss: 0.0066 - val_loss: 0.0562
Epoch 245/2000
1024/1024 - 0s - loss: 0.0066 - val_loss: 0.0572
Epoch 246/2000
1024/1024 - 0s - loss: 0.0066 - val_loss: 0.0561
Epoch 247/2000
1024/1024 - 0s - loss: 0.0066 - val_loss: 0.0565
Epoch 248/2000
1024/1024 - 0s - loss: 0.0066 - val_loss: 0.0582
Epoch 249/2000
1024/1024 - 0s - loss: 0.0066 - val_loss: 0.0600
Epoch 250/2000
1024/1024 - 0s - loss: 0.0065 - val_loss: 0.0539
Epoch 251/2000
1024/1024 - 0s - loss: 0.0065 - val_loss: 0.0547
Epoch 252/2000
1024/1024 - 0s - loss: 0.0065 - val_loss: 0.0538
Epoch 253/2000
1024/1024 - 0s - loss: 0.0065 - val_loss: 0.0576
Epoch 254/2000
1024/1024 - 0s - loss: 0.0065 - val_loss: 0.0538
Epoch 255/2000
1024/1024 - 0s - loss: 0.0065 - val_loss: 0.0562
Epoch 256/2000
1024/1024 - 0s - loss: 0.0064 - val_loss: 0.0556
Epoch 257/2000
1024/1024 - 0s - loss: 0.0064 - val_loss: 0.0518
Epoch 258/2000
1024/1024 - 0s - loss: 0.0064 - val_loss: 0.0555
Epoch 259/2000
1024/1024 - 0s - loss: 0.0064 - val_loss: 0.0555
Epoch 260/2000
1024/1024 - 0s - loss: 0.0064 - val_loss: 0.0528
Epoch 261/2000
1024/1024 - 0s - loss: 0.0064 - val_loss: 0.0550
Epoch 262/2000
1024/1024 - 0s - loss: 0.0064 - val_loss: 0.0501
Epoch 263/2000
1024/1024 - 0s - loss: 0.0063 - val_loss: 0.0505
Epoch 264/2000
1024/1024 - 0s - loss: 0.0063 - val_loss: 0.0526
Epoch 265/2000
1024/1024 - 0s - loss: 0.0063 - val_loss: 0.0504
Epoch 266/2000
1024/1024 - 0s - loss: 0.0063 - val_loss: 0.0506
Epoch 267/2000
1024/1024 - 0s - loss: 0.0063 - val_loss: 0.0484
Epoch 268/2000
1024/1024 - 0s - loss: 0.0063 - val_loss: 0.0513
Epoch 269/2000
1024/1024 - 0s - loss: 0.0063 - val_loss: 0.0480
Epoch 270/2000
1024/1024 - 0s - loss: 0.0062 - val_loss: 0.0507
Epoch 271/2000
1024/1024 - 0s - loss: 0.0062 - val_loss: 0.0502
Epoch 272/2000
1024/1024 - 0s - loss: 0.0062 - val_loss: 0.0515
Epoch 273/2000
1024/1024 - 0s - loss: 0.0062 - val_loss: 0.0512
Epoch 274/2000
1024/1024 - 0s - loss: 0.0062 - val_loss: 0.0488
Epoch 275/2000
1024/1024 - 0s - loss: 0.0062 - val_loss: 0.0479
Epoch 276/2000
1024/1024 - 0s - loss: 0.0062 - val_loss: 0.0494
Epoch 277/2000
1024/1024 - 0s - loss: 0.0062 - val_loss: 0.0527
Epoch 278/2000
1024/1024 - 0s - loss: 0.0062 - val_loss: 0.0479
Epoch 279/2000
1024/1024 - 0s - loss: 0.0061 - val_loss: 0.0491
Epoch 280/2000
1024/1024 - 0s - loss: 0.0061 - val_loss: 0.0484
Epoch 281/2000
1024/1024 - 0s - loss: 0.0061 - val_loss: 0.0479
Epoch 282/2000
1024/1024 - 0s - loss: 0.0061 - val_loss: 0.0510
Epoch 283/2000
1024/1024 - 0s - loss: 0.0061 - val_loss: 0.0476
Epoch 284/2000
1024/1024 - 0s - loss: 0.0061 - val_loss: 0.0484
Epoch 285/2000
1024/1024 - 0s - loss: 0.0061 - val_loss: 0.0457
Epoch 286/2000
1024/1024 - 0s - loss: 0.0061 - val_loss: 0.0443
Epoch 287/2000
1024/1024 - 0s - loss: 0.0061 - val_loss: 0.0468
Epoch 288/2000
1024/1024 - 0s - loss: 0.0060 - val_loss: 0.0450
Epoch 289/2000
1024/1024 - 0s - loss: 0.0060 - val_loss: 0.0462
Epoch 290/2000
1024/1024 - 0s - loss: 0.0060 - val_loss: 0.0437
Epoch 291/2000
1024/1024 - 0s - loss: 0.0060 - val_loss: 0.0476
Epoch 292/2000
1024/1024 - 0s - loss: 0.0060 - val_loss: 0.0472
Epoch 293/2000
1024/1024 - 0s - loss: 0.0060 - val_loss: 0.0455
Epoch 294/2000
1024/1024 - 0s - loss: 0.0060 - val_loss: 0.0478
Epoch 295/2000
1024/1024 - 0s - loss: 0.0060 - val_loss: 0.0426
Epoch 296/2000
1024/1024 - 0s - loss: 0.0060 - val_loss: 0.0472
Epoch 297/2000
1024/1024 - 0s - loss: 0.0060 - val_loss: 0.0461
Epoch 298/2000
1024/1024 - 0s - loss: 0.0060 - val_loss: 0.0462
Epoch 299/2000
1024/1024 - 0s - loss: 0.0059 - val_loss: 0.0439
Epoch 300/2000
1024/1024 - 0s - loss: 0.0059 - val_loss: 0.0446
Epoch 301/2000
1024/1024 - 0s - loss: 0.0059 - val_loss: 0.0444
Epoch 302/2000
1024/1024 - 0s - loss: 0.0059 - val_loss: 0.0439
Epoch 303/2000
1024/1024 - 0s - loss: 0.0059 - val_loss: 0.0449
Epoch 304/2000
1024/1024 - 0s - loss: 0.0059 - val_loss: 0.0432
Epoch 305/2000
1024/1024 - 0s - loss: 0.0059 - val_loss: 0.0452
Epoch 306/2000
1024/1024 - 0s - loss: 0.0059 - val_loss: 0.0430
Epoch 307/2000
1024/1024 - 0s - loss: 0.0059 - val_loss: 0.0421
Epoch 308/2000
1024/1024 - 0s - loss: 0.0059 - val_loss: 0.0402
Epoch 309/2000
1024/1024 - 0s - loss: 0.0059 - val_loss: 0.0430
Epoch 310/2000
1024/1024 - 0s - loss: 0.0059 - val_loss: 0.0425
Epoch 311/2000
1024/1024 - 0s - loss: 0.0059 - val_loss: 0.0405
Epoch 312/2000
1024/1024 - 0s - loss: 0.0058 - val_loss: 0.0430
Epoch 313/2000
1024/1024 - 0s - loss: 0.0058 - val_loss: 0.0422
Epoch 314/2000
1024/1024 - 0s - loss: 0.0058 - val_loss: 0.0452
Epoch 315/2000
1024/1024 - 0s - loss: 0.0058 - val_loss: 0.0365
Epoch 316/2000
1024/1024 - 0s - loss: 0.0058 - val_loss: 0.0434
Epoch 317/2000
1024/1024 - 0s - loss: 0.0058 - val_loss: 0.0424
Epoch 318/2000
1024/1024 - 0s - loss: 0.0058 - val_loss: 0.0416
Epoch 319/2000
1024/1024 - 0s - loss: 0.0058 - val_loss: 0.0413
Epoch 320/2000
1024/1024 - 0s - loss: 0.0058 - val_loss: 0.0441
Epoch 321/2000
1024/1024 - 0s - loss: 0.0058 - val_loss: 0.0422
Epoch 322/2000
1024/1024 - 0s - loss: 0.0058 - val_loss: 0.0401
Epoch 323/2000
1024/1024 - 0s - loss: 0.0058 - val_loss: 0.0382
Epoch 324/2000
1024/1024 - 0s - loss: 0.0058 - val_loss: 0.0416
Epoch 325/2000
1024/1024 - 0s - loss: 0.0058 - val_loss: 0.0399
Epoch 326/2000
1024/1024 - 0s - loss: 0.0058 - val_loss: 0.0382
Epoch 327/2000
1024/1024 - 0s - loss: 0.0058 - val_loss: 0.0389
Epoch 328/2000
1024/1024 - 0s - loss: 0.0058 - val_loss: 0.0392
Epoch 329/2000
1024/1024 - 0s - loss: 0.0057 - val_loss: 0.0400
Epoch 330/2000
1024/1024 - 0s - loss: 0.0057 - val_loss: 0.0412
Epoch 331/2000
1024/1024 - 0s - loss: 0.0057 - val_loss: 0.0378
Epoch 332/2000
1024/1024 - 0s - loss: 0.0057 - val_loss: 0.0409
Epoch 333/2000
1024/1024 - 0s - loss: 0.0057 - val_loss: 0.0394
Epoch 334/2000
1024/1024 - 0s - loss: 0.0057 - val_loss: 0.0348
Epoch 335/2000
1024/1024 - 0s - loss: 0.0057 - val_loss: 0.0400
Epoch 336/2000
1024/1024 - 0s - loss: 0.0057 - val_loss: 0.0382
Epoch 337/2000
1024/1024 - 0s - loss: 0.0057 - val_loss: 0.0381
Epoch 338/2000
1024/1024 - 0s - loss: 0.0057 - val_loss: 0.0378
Epoch 339/2000
1024/1024 - 0s - loss: 0.0057 - val_loss: 0.0404
Epoch 340/2000
1024/1024 - 0s - loss: 0.0057 - val_loss: 0.0366
Epoch 341/2000
1024/1024 - 0s - loss: 0.0057 - val_loss: 0.0386
Epoch 342/2000
1024/1024 - 0s - loss: 0.0056 - val_loss: 0.0367
Epoch 343/2000
1024/1024 - 0s - loss: 0.0057 - val_loss: 0.0378
Epoch 344/2000
1024/1024 - 0s - loss: 0.0058 - val_loss: 0.0368
Epoch 345/2000
1024/1024 - 0s - loss: 0.0059 - val_loss: 0.0351
Epoch 346/2000
1024/1024 - 0s - loss: 0.0058 - val_loss: 0.0390
Epoch 347/2000
1024/1024 - 0s - loss: 0.0056 - val_loss: 0.0350
Epoch 348/2000
1024/1024 - 0s - loss: 0.0056 - val_loss: 0.0386
Epoch 349/2000
1024/1024 - 0s - loss: 0.0056 - val_loss: 0.0394
Epoch 350/2000
1024/1024 - 0s - loss: 0.0056 - val_loss: 0.0397
Epoch 351/2000
1024/1024 - 0s - loss: 0.0057 - val_loss: 0.0363
Epoch 352/2000
1024/1024 - 0s - loss: 0.0057 - val_loss: 0.0399
Epoch 353/2000
1024/1024 - 0s - loss: 0.0057 - val_loss: 0.0344
Epoch 354/2000
1024/1024 - 0s - loss: 0.0056 - val_loss: 0.0386
Epoch 355/2000
1024/1024 - 0s - loss: 0.0056 - val_loss: 0.0360
Epoch 356/2000
1024/1024 - 0s - loss: 0.0056 - val_loss: 0.0381
Epoch 357/2000
1024/1024 - 0s - loss: 0.0056 - val_loss: 0.0371
Epoch 358/2000
1024/1024 - 0s - loss: 0.0056 - val_loss: 0.0386
Epoch 359/2000
1024/1024 - 0s - loss: 0.0055 - val_loss: 0.0364
Epoch 360/2000
1024/1024 - 0s - loss: 0.0055 - val_loss: 0.0381
Epoch 361/2000
1024/1024 - 0s - loss: 0.0055 - val_loss: 0.0380
Epoch 362/2000
1024/1024 - 0s - loss: 0.0056 - val_loss: 0.0343
