WARNING:tensorflow:From /home/stud/minawoi/miniconda3/envs/conda-venv/lib/python3.7/site-packages/tensorflow_core/python/ops/resource_variable_ops.py:1630: calling BaseResourceVariable.__init__ (from tensorflow.python.ops.resource_variable_ops) with constraint is deprecated and will be removed in a future version.
Instructions for updating:
If using Keras pass *_constraint arguments to layers.
2024-04-13 10:24:05.502326: I tensorflow/stream_executor/platform/default/dso_loader.cc:44] Successfully opened dynamic library libcuda.so.1
2024-04-13 10:24:05.809939: I tensorflow/core/common_runtime/gpu/gpu_device.cc:1618] Found device 0 with properties: 
name: Tesla V100-PCIE-32GB major: 7 minor: 0 memoryClockRate(GHz): 1.38
pciBusID: 0000:89:00.0
2024-04-13 10:24:05.810928: I tensorflow/stream_executor/platform/default/dso_loader.cc:44] Successfully opened dynamic library libcudart.so.10.0
2024-04-13 10:24:05.814225: I tensorflow/stream_executor/platform/default/dso_loader.cc:44] Successfully opened dynamic library libcublas.so.10.0
2024-04-13 10:24:05.816781: I tensorflow/stream_executor/platform/default/dso_loader.cc:44] Successfully opened dynamic library libcufft.so.10.0
2024-04-13 10:24:05.817779: I tensorflow/stream_executor/platform/default/dso_loader.cc:44] Successfully opened dynamic library libcurand.so.10.0
2024-04-13 10:24:05.821627: I tensorflow/stream_executor/platform/default/dso_loader.cc:44] Successfully opened dynamic library libcusolver.so.10.0
2024-04-13 10:24:05.823685: I tensorflow/stream_executor/platform/default/dso_loader.cc:44] Successfully opened dynamic library libcusparse.so.10.0
2024-04-13 10:24:05.831981: I tensorflow/stream_executor/platform/default/dso_loader.cc:44] Successfully opened dynamic library libcudnn.so.7
2024-04-13 10:24:05.835611: I tensorflow/core/common_runtime/gpu/gpu_device.cc:1746] Adding visible gpu devices: 0
2024-04-13 10:24:05.836205: I tensorflow/core/platform/cpu_feature_guard.cc:142] Your CPU supports instructions that this TensorFlow binary was not compiled to use: AVX2 FMA
2024-04-13 10:24:05.853776: I tensorflow/core/platform/profile_utils/cpu_utils.cc:94] CPU Frequency: 2199835000 Hz
2024-04-13 10:24:05.857200: I tensorflow/compiler/xla/service/service.cc:168] XLA service 0x41925e0 initialized for platform Host (this does not guarantee that XLA will be used). Devices:
2024-04-13 10:24:05.857259: I tensorflow/compiler/xla/service/service.cc:176]   StreamExecutor device (0): Host, Default Version
2024-04-13 10:24:06.180543: I tensorflow/compiler/xla/service/service.cc:168] XLA service 0x3b5ba50 initialized for platform CUDA (this does not guarantee that XLA will be used). Devices:
2024-04-13 10:24:06.180678: I tensorflow/compiler/xla/service/service.cc:176]   StreamExecutor device (0): Tesla V100-PCIE-32GB, Compute Capability 7.0
2024-04-13 10:24:06.182681: I tensorflow/core/common_runtime/gpu/gpu_device.cc:1618] Found device 0 with properties: 
name: Tesla V100-PCIE-32GB major: 7 minor: 0 memoryClockRate(GHz): 1.38
pciBusID: 0000:89:00.0
2024-04-13 10:24:06.182798: I tensorflow/stream_executor/platform/default/dso_loader.cc:44] Successfully opened dynamic library libcudart.so.10.0
2024-04-13 10:24:06.182834: I tensorflow/stream_executor/platform/default/dso_loader.cc:44] Successfully opened dynamic library libcublas.so.10.0
2024-04-13 10:24:06.182864: I tensorflow/stream_executor/platform/default/dso_loader.cc:44] Successfully opened dynamic library libcufft.so.10.0
2024-04-13 10:24:06.182892: I tensorflow/stream_executor/platform/default/dso_loader.cc:44] Successfully opened dynamic library libcurand.so.10.0
2024-04-13 10:24:06.183091: I tensorflow/stream_executor/platform/default/dso_loader.cc:44] Successfully opened dynamic library libcusolver.so.10.0
2024-04-13 10:24:06.183129: I tensorflow/stream_executor/platform/default/dso_loader.cc:44] Successfully opened dynamic library libcusparse.so.10.0
2024-04-13 10:24:06.183159: I tensorflow/stream_executor/platform/default/dso_loader.cc:44] Successfully opened dynamic library libcudnn.so.7
2024-04-13 10:24:06.187721: I tensorflow/core/common_runtime/gpu/gpu_device.cc:1746] Adding visible gpu devices: 0
2024-04-13 10:24:06.187928: I tensorflow/stream_executor/platform/default/dso_loader.cc:44] Successfully opened dynamic library libcudart.so.10.0
2024-04-13 10:24:06.192215: I tensorflow/core/common_runtime/gpu/gpu_device.cc:1159] Device interconnect StreamExecutor with strength 1 edge matrix:
2024-04-13 10:24:06.192325: I tensorflow/core/common_runtime/gpu/gpu_device.cc:1165]      0 
2024-04-13 10:24:06.192342: I tensorflow/core/common_runtime/gpu/gpu_device.cc:1178] 0:   N 
2024-04-13 10:24:06.202158: I tensorflow/core/common_runtime/gpu/gpu_device.cc:1304] Created TensorFlow device (/job:localhost/replica:0/task:0/device:GPU:0 with 555 MB memory) -> physical GPU (device: 0, name: Tesla V100-PCIE-32GB, pci bus id: 0000:89:00.0, compute capability: 7.0)
WARNING:tensorflow:Output bob missing from loss dictionary. We assume this was done on purpose. The fit and evaluate APIs will not be expecting any data to be passed to bob.
WARNING:tensorflow:Output bob_1 missing from loss dictionary. We assume this was done on purpose. The fit and evaluate APIs will not be expecting any data to be passed to bob_1.
WARNING:tensorflow:Output eve missing from loss dictionary. We assume this was done on purpose. The fit and evaluate APIs will not be expecting any data to be passed to eve.
WARNING:tensorflow:Output eve_1 missing from loss dictionary. We assume this was done on purpose. The fit and evaluate APIs will not be expecting any data to be passed to eve_1.
2024-04-13 10:24:09.819408: I tensorflow/stream_executor/platform/default/dso_loader.cc:44] Successfully opened dynamic library libcublas.so.10.0
Train on 512 samples, validate on 512 samples
Epoch 1/512
512/512 - 1s - loss: 0.4111 - val_loss: 9.3642e-04
Epoch 2/512
512/512 - 0s - loss: 0.0464 - val_loss: 7.4191e-05
Epoch 3/512
512/512 - 0s - loss: 0.0038 - val_loss: 1.0760e-05
Epoch 4/512
512/512 - 0s - loss: 8.6026e-04 - val_loss: 6.5115e-06
Epoch 5/512
512/512 - 0s - loss: 5.7951e-04 - val_loss: 4.6675e-06
Epoch 6/512
512/512 - 0s - loss: 4.0590e-04 - val_loss: 3.1067e-06
Epoch 7/512
512/512 - 0s - loss: 2.6170e-04 - val_loss: 1.8743e-06
Epoch 8/512
512/512 - 0s - loss: 1.5185e-04 - val_loss: 9.9939e-07
Epoch 9/512
512/512 - 0s - loss: 7.7215e-05 - val_loss: 4.5628e-07
Epoch 10/512
512/512 - 0s - loss: 3.3281e-05 - val_loss: 1.7113e-07
Epoch 11/512
512/512 - 0s - loss: 1.1648e-05 - val_loss: 5.0002e-08
Epoch 12/512
512/512 - 0s - loss: 3.1363e-06 - val_loss: 1.0741e-08
Epoch 13/512
512/512 - 0s - loss: 7.0888e-07 - val_loss: 1.3867e-08
Epoch 14/512
512/512 - 0s - loss: 6.4214e-05 - val_loss: 1.4606e-05
Epoch 15/512
512/512 - 0s - loss: 0.0044 - val_loss: 1.0237e-05
Epoch 16/512
512/512 - 0s - loss: 4.3726e-04 - val_loss: 1.0164e-06
Epoch 17/512
512/512 - 0s - loss: 1.1365e-04 - val_loss: 2.4619e-06
Epoch 18/512
512/512 - 0s - loss: 8.3854e-04 - val_loss: 2.9232e-05
Epoch 19/512
512/512 - 0s - loss: 0.0025 - val_loss: 9.9177e-06
Epoch 20/512
512/512 - 0s - loss: 6.2074e-04 - val_loss: 4.1431e-06
Epoch 21/512
512/512 - 0s - loss: 5.5631e-04 - val_loss: 1.1352e-05
Epoch 22/512
512/512 - 0s - loss: 0.0016 - val_loss: 1.7759e-05
Epoch 23/512
512/512 - 0s - loss: 0.0013 - val_loss: 7.3557e-06
Epoch 24/512
512/512 - 0s - loss: 6.8633e-04 - val_loss: 8.2312e-06
Epoch 25/512
512/512 - 0s - loss: 0.0010 - val_loss: 1.4626e-05
Epoch 26/512
512/512 - 0s - loss: 0.0013 - val_loss: 1.0470e-05
Epoch 27/512
512/512 - 0s - loss: 8.9010e-04 - val_loss: 8.2703e-06
Epoch 28/512
512/512 - 0s - loss: 8.9307e-04 - val_loss: 1.1360e-05
Epoch 29/512
512/512 - 0s - loss: 0.0012 - val_loss: 1.1353e-05
Epoch 30/512
512/512 - 0s - loss: 9.9899e-04 - val_loss: 9.0139e-06
Epoch 31/512
512/512 - 0s - loss: 8.8429e-04 - val_loss: 9.8875e-06
Epoch 32/512
512/512 - 0s - loss: 0.0010 - val_loss: 1.0873e-05
Epoch 33/512
512/512 - 0s - loss: 0.0010 - val_loss: 9.5177e-06
Epoch 34/512
512/512 - 0s - loss: 9.0198e-04 - val_loss: 9.1731e-06
Epoch 35/512
512/512 - 0s - loss: 9.2968e-04 - val_loss: 9.9922e-06
Epoch 36/512
512/512 - 0s - loss: 9.7480e-04 - val_loss: 9.5827e-06
Epoch 37/512
512/512 - 0s - loss: 9.1193e-04 - val_loss: 9.0298e-06
Epoch 38/512
512/512 - 0s - loss: 8.8392e-04 - val_loss: 9.5335e-06
Epoch 39/512
512/512 - 0s - loss: 9.4677e-04 - val_loss: 9.2584e-06
Epoch 40/512
512/512 - 0s - loss: 8.8148e-04 - val_loss: 8.8253e-06
Epoch 41/512
512/512 - 0s - loss: 8.7440e-04 - val_loss: 9.0590e-06
Epoch 42/512
512/512 - 0s - loss: 8.8866e-04 - val_loss: 9.1682e-06
Epoch 43/512
512/512 - 0s - loss: 8.8164e-04 - val_loss: 8.7532e-06
Epoch 44/512
512/512 - 0s - loss: 8.4754e-04 - val_loss: 8.6494e-06
Epoch 45/512
512/512 - 0s - loss: 8.5299e-04 - val_loss: 8.7583e-06
Epoch 46/512
512/512 - 0s - loss: 8.5974e-04 - val_loss: 8.5391e-06
Epoch 47/512
512/512 - 0s - loss: 8.2805e-04 - val_loss: 8.4004e-06
Epoch 48/512
512/512 - 0s - loss: 8.2834e-04 - val_loss: 8.5389e-06
Epoch 49/512
512/512 - 0s - loss: 8.3706e-04 - val_loss: 8.3214e-06
Epoch 50/512
512/512 - 0s - loss: 8.0495e-04 - val_loss: 8.1778e-06
Epoch 51/512
512/512 - 0s - loss: 8.0410e-04 - val_loss: 8.4181e-06
Epoch 52/512
512/512 - 0s - loss: 8.1934e-04 - val_loss: 8.1808e-06
Epoch 53/512
512/512 - 0s - loss: 7.9119e-04 - val_loss: 7.9658e-06
Epoch 54/512
512/512 - 0s - loss: 7.8247e-04 - val_loss: 7.9921e-06
Epoch 55/512
512/512 - 0s - loss: 7.7991e-04 - val_loss: 8.1563e-06
Epoch 56/512
512/512 - 0s - loss: 7.8871e-04 - val_loss: 7.9716e-06
Epoch 57/512
512/512 - 0s - loss: 7.7112e-04 - val_loss: 7.6714e-06
Epoch 58/512
512/512 - 0s - loss: 7.5249e-04 - val_loss: 7.7720e-06
Epoch 59/512
512/512 - 0s - loss: 7.6829e-04 - val_loss: 7.7459e-06
Epoch 60/512
512/512 - 0s - loss: 7.5074e-04 - val_loss: 7.6058e-06
Epoch 61/512
512/512 - 0s - loss: 7.4499e-04 - val_loss: 7.6163e-06
Epoch 62/512
512/512 - 0s - loss: 7.4550e-04 - val_loss: 7.4740e-06
Epoch 63/512
512/512 - 0s - loss: 7.3423e-04 - val_loss: 7.4117e-06
Epoch 64/512
512/512 - 0s - loss: 7.3112e-04 - val_loss: 7.3684e-06
Epoch 65/512
512/512 - 0s - loss: 7.2480e-04 - val_loss: 7.3558e-06
Epoch 66/512
512/512 - 0s - loss: 7.1902e-04 - val_loss: 7.3520e-06
Epoch 67/512
512/512 - 0s - loss: 7.2060e-04 - val_loss: 7.2457e-06
Epoch 68/512
512/512 - 0s - loss: 7.1035e-04 - val_loss: 7.1183e-06
Epoch 69/512
512/512 - 0s - loss: 7.0221e-04 - val_loss: 7.1193e-06
Epoch 70/512
512/512 - 0s - loss: 7.0180e-04 - val_loss: 7.1629e-06
Epoch 71/512
512/512 - 0s - loss: 7.0441e-04 - val_loss: 6.9419e-06
Epoch 72/512
512/512 - 0s - loss: 6.8225e-04 - val_loss: 6.9333e-06
Epoch 73/512
512/512 - 0s - loss: 6.8378e-04 - val_loss: 7.0841e-06
Epoch 74/512
512/512 - 0s - loss: 7.0177e-04 - val_loss: 6.7584e-06
Epoch 75/512
512/512 - 0s - loss: 6.6269e-04 - val_loss: 6.7089e-06
Epoch 76/512
512/512 - 0s - loss: 6.6950e-04 - val_loss: 6.9430e-06
Epoch 77/512
512/512 - 0s - loss: 6.8338e-04 - val_loss: 6.8285e-06
Epoch 78/512
512/512 - 0s - loss: 6.6926e-04 - val_loss: 6.4966e-06
Epoch 79/512
512/512 - 0s - loss: 6.4659e-04 - val_loss: 6.5706e-06
Epoch 80/512
512/512 - 0s - loss: 6.5641e-04 - val_loss: 6.8858e-06
Epoch 81/512
512/512 - 0s - loss: 6.7149e-04 - val_loss: 6.6295e-06
Epoch 82/512
512/512 - 0s - loss: 6.4252e-04 - val_loss: 6.3928e-06
Epoch 83/512
512/512 - 0s - loss: 6.3835e-04 - val_loss: 6.5113e-06
Epoch 84/512
512/512 - 0s - loss: 6.4468e-04 - val_loss: 6.6051e-06
Epoch 85/512
512/512 - 0s - loss: 6.4908e-04 - val_loss: 6.3784e-06
Epoch 86/512
512/512 - 0s - loss: 6.2551e-04 - val_loss: 6.2890e-06
Epoch 87/512
512/512 - 0s - loss: 6.2819e-04 - val_loss: 6.4347e-06
Epoch 88/512
512/512 - 0s - loss: 6.3561e-04 - val_loss: 6.3371e-06
Epoch 89/512
512/512 - 0s - loss: 6.1759e-04 - val_loss: 6.2951e-06
Epoch 90/512
512/512 - 0s - loss: 6.1995e-04 - val_loss: 6.3298e-06
Epoch 91/512
512/512 - 0s - loss: 6.2128e-04 - val_loss: 6.2350e-06
Epoch 92/512
512/512 - 0s - loss: 6.1272e-04 - val_loss: 6.0977e-06
Epoch 93/512
512/512 - 0s - loss: 6.0844e-04 - val_loss: 6.0678e-06
Epoch 94/512
512/512 - 0s - loss: 6.0085e-04 - val_loss: 6.1215e-06
Epoch 95/512
512/512 - 0s - loss: 6.0949e-04 - val_loss: 6.0542e-06
Epoch 96/512
512/512 - 0s - loss: 5.9978e-04 - val_loss: 5.8942e-06
Epoch 97/512
512/512 - 0s - loss: 5.8212e-04 - val_loss: 6.0864e-06
Epoch 98/512
512/512 - 0s - loss: 6.0558e-04 - val_loss: 6.0655e-06
Epoch 99/512
512/512 - 0s - loss: 5.9164e-04 - val_loss: 5.7819e-06
Epoch 100/512
512/512 - 0s - loss: 5.7461e-04 - val_loss: 5.8067e-06
Epoch 101/512
512/512 - 0s - loss: 5.8381e-04 - val_loss: 5.8682e-06
Epoch 102/512
512/512 - 0s - loss: 5.7936e-04 - val_loss: 5.8407e-06
Epoch 103/512
512/512 - 0s - loss: 5.7110e-04 - val_loss: 5.8804e-06
Epoch 104/512
512/512 - 0s - loss: 5.7804e-04 - val_loss: 5.7887e-06
Epoch 105/512
512/512 - 0s - loss: 5.7067e-04 - val_loss: 5.6358e-06
Epoch 106/512
512/512 - 0s - loss: 5.5516e-04 - val_loss: 5.7226e-06
Epoch 107/512
512/512 - 0s - loss: 5.6742e-04 - val_loss: 5.7350e-06
Epoch 108/512
512/512 - 0s - loss: 5.6773e-04 - val_loss: 5.4324e-06
Epoch 109/512
512/512 - 0s - loss: 5.3507e-04 - val_loss: 5.5849e-06
Epoch 110/512
512/512 - 0s - loss: 5.6131e-04 - val_loss: 5.7148e-06
Epoch 111/512
512/512 - 0s - loss: 5.5952e-04 - val_loss: 5.3738e-06
Epoch 112/512
512/512 - 0s - loss: 5.3496e-04 - val_loss: 5.2400e-06
Epoch 113/512
512/512 - 0s - loss: 5.3395e-04 - val_loss: 5.4428e-06
Epoch 114/512
512/512 - 0s - loss: 5.4955e-04 - val_loss: 5.4057e-06
Epoch 115/512
512/512 - 0s - loss: 5.3168e-04 - val_loss: 5.2589e-06
Epoch 116/512
512/512 - 0s - loss: 5.2513e-04 - val_loss: 5.3423e-06
Epoch 117/512
512/512 - 0s - loss: 5.3182e-04 - val_loss: 5.3510e-06
Epoch 118/512
512/512 - 0s - loss: 5.2782e-04 - val_loss: 5.2541e-06
Epoch 119/512
512/512 - 0s - loss: 5.1743e-04 - val_loss: 5.1998e-06
Epoch 120/512
512/512 - 0s - loss: 5.1830e-04 - val_loss: 5.1886e-06
Epoch 121/512
512/512 - 0s - loss: 5.1515e-04 - val_loss: 5.1359e-06
Epoch 122/512
512/512 - 0s - loss: 5.1347e-04 - val_loss: 5.0465e-06
Epoch 123/512
512/512 - 0s - loss: 5.0104e-04 - val_loss: 5.0704e-06
Epoch 124/512
512/512 - 0s - loss: 5.0598e-04 - val_loss: 5.0851e-06
Epoch 125/512
512/512 - 0s - loss: 5.0518e-04 - val_loss: 4.9299e-06
Epoch 126/512
512/512 - 0s - loss: 4.9067e-04 - val_loss: 4.9120e-06
Epoch 127/512
512/512 - 0s - loss: 4.8972e-04 - val_loss: 5.0496e-06
Epoch 128/512
512/512 - 0s - loss: 5.0156e-04 - val_loss: 4.9131e-06
Epoch 129/512
512/512 - 0s - loss: 4.8110e-04 - val_loss: 4.7612e-06
Epoch 130/512
512/512 - 0s - loss: 4.7782e-04 - val_loss: 4.8475e-06
Epoch 131/512
512/512 - 0s - loss: 4.8419e-04 - val_loss: 4.8020e-06
Epoch 132/512
512/512 - 0s - loss: 4.7346e-04 - val_loss: 4.7314e-06
Epoch 133/512
512/512 - 0s - loss: 4.7211e-04 - val_loss: 4.7224e-06
Epoch 134/512
512/512 - 0s - loss: 4.6787e-04 - val_loss: 4.6888e-06
Epoch 135/512
512/512 - 0s - loss: 4.6510e-04 - val_loss: 4.6486e-06
Epoch 136/512
512/512 - 0s - loss: 4.6139e-04 - val_loss: 4.5968e-06
Epoch 137/512
512/512 - 0s - loss: 4.5788e-04 - val_loss: 4.5073e-06
Epoch 138/512
512/512 - 0s - loss: 4.4997e-04 - val_loss: 4.5230e-06
Epoch 139/512
512/512 - 0s - loss: 4.5154e-04 - val_loss: 4.5345e-06
Epoch 140/512
512/512 - 0s - loss: 4.4630e-04 - val_loss: 4.4800e-06
Epoch 141/512
512/512 - 0s - loss: 4.4387e-04 - val_loss: 4.3868e-06
Epoch 142/512
512/512 - 0s - loss: 4.3827e-04 - val_loss: 4.2899e-06
Epoch 143/512
512/512 - 0s - loss: 4.3000e-04 - val_loss: 4.3428e-06
Epoch 144/512
512/512 - 0s - loss: 4.3475e-04 - val_loss: 4.3447e-06
Epoch 145/512
512/512 - 0s - loss: 4.2851e-04 - val_loss: 4.2327e-06
Epoch 146/512
512/512 - 0s - loss: 4.2121e-04 - val_loss: 4.1647e-06
Epoch 147/512
512/512 - 0s - loss: 4.1666e-04 - val_loss: 4.2089e-06
Epoch 148/512
512/512 - 0s - loss: 4.1809e-04 - val_loss: 4.2203e-06
Epoch 149/512
512/512 - 0s - loss: 4.1707e-04 - val_loss: 4.0647e-06
Epoch 150/512
512/512 - 0s - loss: 4.0137e-04 - val_loss: 4.0281e-06
Epoch 151/512
512/512 - 0s - loss: 4.0619e-04 - val_loss: 4.0260e-06
Epoch 152/512
512/512 - 0s - loss: 4.0097e-04 - val_loss: 3.9594e-06
Epoch 153/512
512/512 - 0s - loss: 3.9419e-04 - val_loss: 3.9232e-06
Epoch 154/512
512/512 - 0s - loss: 3.9246e-04 - val_loss: 3.9073e-06
Epoch 155/512
512/512 - 0s - loss: 3.8832e-04 - val_loss: 3.9047e-06
Epoch 156/512
512/512 - 0s - loss: 3.8852e-04 - val_loss: 3.7834e-06
Epoch 157/512
512/512 - 0s - loss: 3.7613e-04 - val_loss: 3.7121e-06
Epoch 158/512
512/512 - 0s - loss: 3.7373e-04 - val_loss: 3.7767e-06
Epoch 159/512
512/512 - 0s - loss: 3.7717e-04 - val_loss: 3.7515e-06
Epoch 160/512
512/512 - 0s - loss: 3.7176e-04 - val_loss: 3.5667e-06
Epoch 161/512
512/512 - 0s - loss: 3.5628e-04 - val_loss: 3.5840e-06
Epoch 162/512
512/512 - 0s - loss: 3.6402e-04 - val_loss: 3.6058e-06
Epoch 163/512
512/512 - 0s - loss: 3.5829e-04 - val_loss: 3.5258e-06
Epoch 164/512
512/512 - 0s - loss: 3.4803e-04 - val_loss: 3.5200e-06
Epoch 165/512
512/512 - 0s - loss: 3.5256e-04 - val_loss: 3.4461e-06
Epoch 166/512
512/512 - 0s - loss: 3.4427e-04 - val_loss: 3.3643e-06
Epoch 167/512
512/512 - 0s - loss: 3.3672e-04 - val_loss: 3.3746e-06
Epoch 168/512
512/512 - 0s - loss: 3.3684e-04 - val_loss: 3.4122e-06
Epoch 169/512
512/512 - 0s - loss: 3.3359e-04 - val_loss: 3.3623e-06
Epoch 170/512
512/512 - 0s - loss: 3.3220e-04 - val_loss: 3.2194e-06
Epoch 171/512
512/512 - 0s - loss: 3.1922e-04 - val_loss: 3.1856e-06
Epoch 172/512
512/512 - 0s - loss: 3.2091e-04 - val_loss: 3.1941e-06
Epoch 173/512
512/512 - 0s - loss: 3.1872e-04 - val_loss: 3.1239e-06
Epoch 174/512
512/512 - 0s - loss: 3.1131e-04 - val_loss: 3.0607e-06
Epoch 175/512
512/512 - 0s - loss: 3.0739e-04 - val_loss: 3.0347e-06
Epoch 176/512
512/512 - 0s - loss: 3.0532e-04 - val_loss: 2.9869e-06
Epoch 177/512
512/512 - 0s - loss: 2.9665e-04 - val_loss: 2.9931e-06
Epoch 178/512
512/512 - 0s - loss: 3.0148e-04 - val_loss: 2.9086e-06
Epoch 179/512
512/512 - 0s - loss: 2.8794e-04 - val_loss: 2.8510e-06
Epoch 180/512
512/512 - 0s - loss: 2.8740e-04 - val_loss: 2.8908e-06
Epoch 181/512
512/512 - 0s - loss: 2.8649e-04 - val_loss: 2.8532e-06
Epoch 182/512
512/512 - 0s - loss: 2.7997e-04 - val_loss: 2.7926e-06
Epoch 183/512
512/512 - 0s - loss: 2.7690e-04 - val_loss: 2.7247e-06
Epoch 184/512
512/512 - 0s - loss: 2.7150e-04 - val_loss: 2.6828e-06
Epoch 185/512
512/512 - 0s - loss: 2.6836e-04 - val_loss: 2.6588e-06
Epoch 186/512
512/512 - 0s - loss: 2.6400e-04 - val_loss: 2.6296e-06
Epoch 187/512
512/512 - 0s - loss: 2.6263e-04 - val_loss: 2.5689e-06
Epoch 188/512
512/512 - 0s - loss: 2.5498e-04 - val_loss: 2.5170e-06
Epoch 189/512
512/512 - 0s - loss: 2.5194e-04 - val_loss: 2.5118e-06
Epoch 190/512
512/512 - 0s - loss: 2.5113e-04 - val_loss: 2.4552e-06
Epoch 191/512
512/512 - 0s - loss: 2.4447e-04 - val_loss: 2.4048e-06
Epoch 192/512
512/512 - 0s - loss: 2.3897e-04 - val_loss: 2.4071e-06
Epoch 193/512
512/512 - 0s - loss: 2.3947e-04 - val_loss: 2.3790e-06
Epoch 194/512
512/512 - 0s - loss: 2.3545e-04 - val_loss: 2.2823e-06
Epoch 195/512
512/512 - 0s - loss: 2.2794e-04 - val_loss: 2.2328e-06
Epoch 196/512
512/512 - 0s - loss: 2.2522e-04 - val_loss: 2.2499e-06
Epoch 197/512
512/512 - 0s - loss: 2.2313e-04 - val_loss: 2.2287e-06
Epoch 198/512
512/512 - 0s - loss: 2.2182e-04 - val_loss: 2.1311e-06
Epoch 199/512
512/512 - 0s - loss: 2.1323e-04 - val_loss: 2.0642e-06
Epoch 200/512
512/512 - 0s - loss: 2.1004e-04 - val_loss: 2.0655e-06
Epoch 201/512
512/512 - 0s - loss: 2.0727e-04 - val_loss: 2.0825e-06
Epoch 202/512
512/512 - 0s - loss: 2.0738e-04 - val_loss: 2.0183e-06
Epoch 203/512
512/512 - 0s - loss: 2.0017e-04 - val_loss: 1.9381e-06
Epoch 204/512
512/512 - 0s - loss: 1.9449e-04 - val_loss: 1.9577e-06
Epoch 205/512
512/512 - 0s - loss: 1.9724e-04 - val_loss: 1.9097e-06
Epoch 206/512
512/512 - 0s - loss: 1.8903e-04 - val_loss: 1.8382e-06
Epoch 207/512
512/512 - 0s - loss: 1.8447e-04 - val_loss: 1.8556e-06
Epoch 208/512
512/512 - 0s - loss: 1.8642e-04 - val_loss: 1.8205e-06
Epoch 209/512
512/512 - 0s - loss: 1.7862e-04 - val_loss: 1.7777e-06
Epoch 210/512
512/512 - 0s - loss: 1.7770e-04 - val_loss: 1.7289e-06
Epoch 211/512
512/512 - 0s - loss: 1.7278e-04 - val_loss: 1.6904e-06
Epoch 212/512
512/512 - 0s - loss: 1.6882e-04 - val_loss: 1.6907e-06
Epoch 213/512
512/512 - 0s - loss: 1.6924e-04 - val_loss: 1.6511e-06
Epoch 214/512
512/512 - 0s - loss: 1.6415e-04 - val_loss: 1.5792e-06
Epoch 215/512
512/512 - 0s - loss: 1.5854e-04 - val_loss: 1.5567e-06
Epoch 216/512
512/512 - 0s - loss: 1.5649e-04 - val_loss: 1.5793e-06
Epoch 217/512
512/512 - 0s - loss: 1.5739e-04 - val_loss: 1.5217e-06
Epoch 218/512
512/512 - 0s - loss: 1.4931e-04 - val_loss: 1.4671e-06
Epoch 219/512
512/512 - 0s - loss: 1.4800e-04 - val_loss: 1.4494e-06
Epoch 220/512
512/512 - 0s - loss: 1.4419e-04 - val_loss: 1.4547e-06
Epoch 221/512
512/512 - 0s - loss: 1.4438e-04 - val_loss: 1.4099e-06
Epoch 222/512
512/512 - 0s - loss: 1.3849e-04 - val_loss: 1.3555e-06
Epoch 223/512
512/512 - 0s - loss: 1.3534e-04 - val_loss: 1.3506e-06
Epoch 224/512
512/512 - 0s - loss: 1.3531e-04 - val_loss: 1.3115e-06
Epoch 225/512
512/512 - 0s - loss: 1.3044e-04 - val_loss: 1.2563e-06
Epoch 226/512
512/512 - 0s - loss: 1.2630e-04 - val_loss: 1.2619e-06
Epoch 227/512
512/512 - 0s - loss: 1.2688e-04 - val_loss: 1.2273e-06
Epoch 228/512
512/512 - 0s - loss: 1.2241e-04 - val_loss: 1.1779e-06
Epoch 229/512
512/512 - 0s - loss: 1.1825e-04 - val_loss: 1.1867e-06
Epoch 230/512
512/512 - 0s - loss: 1.1819e-04 - val_loss: 1.1773e-06
Epoch 231/512
512/512 - 0s - loss: 1.1665e-04 - val_loss: 1.1073e-06
Epoch 232/512
512/512 - 0s - loss: 1.0991e-04 - val_loss: 1.0753e-06
Epoch 233/512
512/512 - 0s - loss: 1.0950e-04 - val_loss: 1.0838e-06
Epoch 234/512
512/512 - 0s - loss: 1.0811e-04 - val_loss: 1.0610e-06
Epoch 235/512
512/512 - 0s - loss: 1.0493e-04 - val_loss: 1.0152e-06
Epoch 236/512
512/512 - 0s - loss: 1.0169e-04 - val_loss: 9.9279e-07
Epoch 237/512
512/512 - 0s - loss: 1.0001e-04 - val_loss: 9.8605e-07
Epoch 238/512
512/512 - 0s - loss: 9.8422e-05 - val_loss: 9.5606e-07
Epoch 239/512
512/512 - 0s - loss: 9.5233e-05 - val_loss: 9.2572e-07
Epoch 240/512
512/512 - 0s - loss: 9.2694e-05 - val_loss: 9.1329e-07
Epoch 241/512
512/512 - 0s - loss: 9.1204e-05 - val_loss: 8.9836e-07
Epoch 242/512
512/512 - 0s - loss: 8.9284e-05 - val_loss: 8.7085e-07
Epoch 243/512
512/512 - 0s - loss: 8.6869e-05 - val_loss: 8.3734e-07
Epoch 244/512
512/512 - 0s - loss: 8.3897e-05 - val_loss: 8.2507e-07
Epoch 245/512
512/512 - 0s - loss: 8.2801e-05 - val_loss: 8.1721e-07
Epoch 246/512
512/512 - 0s - loss: 8.1424e-05 - val_loss: 7.8411e-07
Epoch 247/512
512/512 - 0s - loss: 7.7708e-05 - val_loss: 7.6804e-07
Epoch 248/512
512/512 - 0s - loss: 7.6413e-05 - val_loss: 7.6706e-07
Epoch 249/512
512/512 - 0s - loss: 7.6567e-05 - val_loss: 7.2880e-07
Epoch 250/512
512/512 - 0s - loss: 7.1667e-05 - val_loss: 7.0449e-07
Epoch 251/512
512/512 - 0s - loss: 7.1553e-05 - val_loss: 6.9083e-07
Epoch 252/512
512/512 - 0s - loss: 6.8903e-05 - val_loss: 6.7823e-07
Epoch 253/512
512/512 - 0s - loss: 6.8419e-05 - val_loss: 6.5657e-07
Epoch 254/512
512/512 - 0s - loss: 6.4834e-05 - val_loss: 6.4687e-07
Epoch 255/512
512/512 - 0s - loss: 6.4915e-05 - val_loss: 6.3479e-07
Epoch 256/512
512/512 - 0s - loss: 6.2972e-05 - val_loss: 6.0057e-07
Epoch 257/512
512/512 - 0s - loss: 6.0249e-05 - val_loss: 5.8555e-07
Epoch 258/512
512/512 - 0s - loss: 5.8730e-05 - val_loss: 5.9274e-07
Epoch 259/512
512/512 - 0s - loss: 5.9220e-05 - val_loss: 5.7387e-07
Epoch 260/512
512/512 - 0s - loss: 5.5855e-05 - val_loss: 5.4545e-07
Epoch 261/512
512/512 - 0s - loss: 5.4523e-05 - val_loss: 5.3459e-07
Epoch 262/512
512/512 - 0s - loss: 5.3915e-05 - val_loss: 5.1991e-07
Epoch 263/512
512/512 - 0s - loss: 5.1724e-05 - val_loss: 5.0278e-07
Epoch 264/512
512/512 - 0s - loss: 5.0984e-05 - val_loss: 4.7934e-07
Epoch 265/512
512/512 - 0s - loss: 4.8117e-05 - val_loss: 4.8028e-07
Epoch 266/512
512/512 - 0s - loss: 4.8244e-05 - val_loss: 4.8477e-07
Epoch 267/512
512/512 - 0s - loss: 4.7956e-05 - val_loss: 4.4583e-07
Epoch 268/512
512/512 - 0s - loss: 4.4012e-05 - val_loss: 4.2739e-07
Epoch 269/512
512/512 - 0s - loss: 4.3801e-05 - val_loss: 4.3794e-07
Epoch 270/512
512/512 - 0s - loss: 4.3595e-05 - val_loss: 4.2589e-07
Epoch 271/512
512/512 - 0s - loss: 4.1802e-05 - val_loss: 4.0198e-07
Epoch 272/512
512/512 - 0s - loss: 4.0203e-05 - val_loss: 3.9146e-07
Epoch 273/512
512/512 - 0s - loss: 3.9325e-05 - val_loss: 3.8614e-07
Epoch 274/512
512/512 - 0s - loss: 3.8638e-05 - val_loss: 3.7488e-07
Epoch 275/512
512/512 - 0s - loss: 3.7345e-05 - val_loss: 3.5503e-07
Epoch 276/512
512/512 - 0s - loss: 3.5436e-05 - val_loss: 3.5480e-07
Epoch 277/512
512/512 - 0s - loss: 3.5688e-05 - val_loss: 3.5068e-07
Epoch 278/512
512/512 - 0s - loss: 3.4447e-05 - val_loss: 3.3290e-07
Epoch 279/512
512/512 - 0s - loss: 3.3108e-05 - val_loss: 3.1715e-07
Epoch 280/512
512/512 - 0s - loss: 3.1832e-05 - val_loss: 3.1400e-07
Epoch 281/512
512/512 - 0s - loss: 3.1485e-05 - val_loss: 3.1085e-07
Epoch 282/512
512/512 - 0s - loss: 3.0977e-05 - val_loss: 2.8939e-07
Epoch 283/512
512/512 - 0s - loss: 2.8812e-05 - val_loss: 2.8320e-07
Epoch 284/512
512/512 - 0s - loss: 2.8748e-05 - val_loss: 2.8489e-07
Epoch 285/512
512/512 - 0s - loss: 2.8087e-05 - val_loss: 2.7514e-07
Epoch 286/512
512/512 - 0s - loss: 2.7172e-05 - val_loss: 2.6242e-07
Epoch 287/512
512/512 - 0s - loss: 2.5957e-05 - val_loss: 2.5487e-07
Epoch 288/512
512/512 - 0s - loss: 2.5649e-05 - val_loss: 2.4618e-07
Epoch 289/512
512/512 - 0s - loss: 2.4706e-05 - val_loss: 2.3693e-07
Epoch 290/512
512/512 - 0s - loss: 2.3975e-05 - val_loss: 2.2960e-07
Epoch 291/512
512/512 - 0s - loss: 2.3082e-05 - val_loss: 2.2621e-07
Epoch 292/512
512/512 - 0s - loss: 2.2786e-05 - val_loss: 2.2081e-07
Epoch 293/512
512/512 - 0s - loss: 2.2007e-05 - val_loss: 2.0734e-07
Epoch 294/512
512/512 - 0s - loss: 2.0977e-05 - val_loss: 2.0342e-07
Epoch 295/512
512/512 - 0s - loss: 2.0656e-05 - val_loss: 2.0053e-07
Epoch 296/512
512/512 - 0s - loss: 2.0060e-05 - val_loss: 1.9334e-07
Epoch 297/512
512/512 - 0s - loss: 1.9373e-05 - val_loss: 1.8614e-07
Epoch 298/512
512/512 - 0s - loss: 1.8644e-05 - val_loss: 1.8290e-07
Epoch 299/512
512/512 - 0s - loss: 1.8219e-05 - val_loss: 1.8009e-07
Epoch 300/512
512/512 - 0s - loss: 1.7818e-05 - val_loss: 1.7308e-07
Epoch 301/512
512/512 - 0s - loss: 1.7089e-05 - val_loss: 1.6535e-07
Epoch 302/512
512/512 - 0s - loss: 1.6518e-05 - val_loss: 1.6084e-07
Epoch 303/512
512/512 - 0s - loss: 1.6032e-05 - val_loss: 1.5721e-07
Epoch 304/512
512/512 - 0s - loss: 1.5715e-05 - val_loss: 1.5089e-07
Epoch 305/512
512/512 - 0s - loss: 1.4914e-05 - val_loss: 1.4737e-07
Epoch 306/512
512/512 - 0s - loss: 1.4723e-05 - val_loss: 1.4461e-07
Epoch 307/512
512/512 - 0s - loss: 1.4355e-05 - val_loss: 1.3553e-07
Epoch 308/512
512/512 - 0s - loss: 1.3547e-05 - val_loss: 1.2932e-07
Epoch 309/512
512/512 - 0s - loss: 1.3066e-05 - val_loss: 1.3189e-07
Epoch 310/512
512/512 - 0s - loss: 1.3268e-05 - val_loss: 1.2645e-07
Epoch 311/512
512/512 - 0s - loss: 1.2508e-05 - val_loss: 1.1478e-07
Epoch 312/512
512/512 - 0s - loss: 1.1659e-05 - val_loss: 1.1525e-07
Epoch 313/512
512/512 - 0s - loss: 1.1827e-05 - val_loss: 1.1693e-07
Epoch 314/512
512/512 - 0s - loss: 1.1679e-05 - val_loss: 1.0673e-07
Epoch 315/512
512/512 - 0s - loss: 1.0604e-05 - val_loss: 1.0243e-07
Epoch 316/512
512/512 - 0s - loss: 1.0471e-05 - val_loss: 1.0604e-07
Epoch 317/512
512/512 - 0s - loss: 1.0674e-05 - val_loss: 1.0069e-07
Epoch 318/512
512/512 - 0s - loss: 9.9399e-06 - val_loss: 9.0872e-08
Epoch 319/512
512/512 - 0s - loss: 9.1600e-06 - val_loss: 9.2950e-08
Epoch 320/512
512/512 - 0s - loss: 9.5482e-06 - val_loss: 9.4690e-08
Epoch 321/512
512/512 - 0s - loss: 9.2489e-06 - val_loss: 8.6166e-08
Epoch 322/512
512/512 - 0s - loss: 8.4130e-06 - val_loss: 8.2986e-08
Epoch 323/512
512/512 - 0s - loss: 8.4589e-06 - val_loss: 8.3641e-08
Epoch 324/512
512/512 - 0s - loss: 8.3434e-06 - val_loss: 7.9015e-08
Epoch 325/512
512/512 - 0s - loss: 7.8223e-06 - val_loss: 7.4188e-08
Epoch 326/512
512/512 - 0s - loss: 7.5500e-06 - val_loss: 7.3657e-08
Epoch 327/512
512/512 - 0s - loss: 7.4008e-06 - val_loss: 7.2832e-08
Epoch 328/512
512/512 - 0s - loss: 7.2439e-06 - val_loss: 6.9292e-08
Epoch 329/512
512/512 - 0s - loss: 6.8849e-06 - val_loss: 6.5308e-08
Epoch 330/512
512/512 - 0s - loss: 6.6123e-06 - val_loss: 6.4075e-08
Epoch 331/512
512/512 - 0s - loss: 6.4696e-06 - val_loss: 6.3284e-08
Epoch 332/512
512/512 - 0s - loss: 6.3343e-06 - val_loss: 6.0233e-08
Epoch 333/512
512/512 - 0s - loss: 5.9917e-06 - val_loss: 5.7355e-08
Epoch 334/512
512/512 - 0s - loss: 5.7893e-06 - val_loss: 5.6470e-08
Epoch 335/512
512/512 - 0s - loss: 5.7375e-06 - val_loss: 5.4060e-08
Epoch 336/512
512/512 - 0s - loss: 5.3682e-06 - val_loss: 5.2353e-08
Epoch 337/512
512/512 - 0s - loss: 5.3188e-06 - val_loss: 5.1136e-08
Epoch 338/512
512/512 - 0s - loss: 5.0788e-06 - val_loss: 4.9783e-08
Epoch 339/512
512/512 - 0s - loss: 4.9745e-06 - val_loss: 4.7565e-08
Epoch 340/512
512/512 - 0s - loss: 4.7683e-06 - val_loss: 4.4823e-08
Epoch 341/512
512/512 - 0s - loss: 4.5174e-06 - val_loss: 4.4201e-08
Epoch 342/512
512/512 - 0s - loss: 4.4857e-06 - val_loss: 4.3659e-08
Epoch 343/512
512/512 - 0s - loss: 4.3441e-06 - val_loss: 4.1067e-08
Epoch 344/512
512/512 - 0s - loss: 4.0650e-06 - val_loss: 4.0144e-08
Epoch 345/512
512/512 - 0s - loss: 4.0704e-06 - val_loss: 3.9195e-08
Epoch 346/512
512/512 - 0s - loss: 3.9035e-06 - val_loss: 3.6561e-08
Epoch 347/512
512/512 - 0s - loss: 3.6420e-06 - val_loss: 3.5959e-08
Epoch 348/512
512/512 - 0s - loss: 3.6782e-06 - val_loss: 3.5362e-08
Epoch 349/512
512/512 - 0s - loss: 3.5249e-06 - val_loss: 3.2913e-08
Epoch 350/512
512/512 - 0s - loss: 3.2815e-06 - val_loss: 3.2370e-08
Epoch 351/512
512/512 - 0s - loss: 3.2761e-06 - val_loss: 3.2401e-08
Epoch 352/512
512/512 - 0s - loss: 3.2312e-06 - val_loss: 2.9967e-08
Epoch 353/512
512/512 - 0s - loss: 2.9608e-06 - val_loss: 2.8641e-08
Epoch 354/512
512/512 - 0s - loss: 2.9058e-06 - val_loss: 2.9008e-08
Epoch 355/512
512/512 - 0s - loss: 2.9005e-06 - val_loss: 2.7638e-08
Epoch 356/512
512/512 - 0s - loss: 2.7385e-06 - val_loss: 2.5511e-08
Epoch 357/512
512/512 - 0s - loss: 2.5665e-06 - val_loss: 2.5311e-08
Epoch 358/512
512/512 - 0s - loss: 2.5731e-06 - val_loss: 2.5267e-08
Epoch 359/512
512/512 - 0s - loss: 2.5048e-06 - val_loss: 2.3533e-08
Epoch 360/512
512/512 - 0s - loss: 2.3349e-06 - val_loss: 2.2294e-08
Epoch 361/512
512/512 - 0s - loss: 2.2693e-06 - val_loss: 2.2309e-08
Epoch 362/512
512/512 - 0s - loss: 2.2447e-06 - val_loss: 2.1575e-08
Epoch 363/512
512/512 - 0s - loss: 2.1244e-06 - val_loss: 2.0477e-08
Epoch 364/512
512/512 - 0s - loss: 2.0548e-06 - val_loss: 1.9806e-08
Epoch 365/512
512/512 - 0s - loss: 1.9897e-06 - val_loss: 1.9104e-08
Epoch 366/512
512/512 - 0s - loss: 1.9289e-06 - val_loss: 1.8197e-08
Epoch 367/512
512/512 - 0s - loss: 1.8168e-06 - val_loss: 1.7825e-08
Epoch 368/512
512/512 - 0s - loss: 1.8106e-06 - val_loss: 1.7427e-08
Epoch 369/512
512/512 - 0s - loss: 1.7254e-06 - val_loss: 1.6455e-08
Epoch 370/512
512/512 - 0s - loss: 1.6460e-06 - val_loss: 1.5893e-08
Epoch 371/512
512/512 - 0s - loss: 1.6181e-06 - val_loss: 1.5208e-08
Epoch 372/512
512/512 - 0s - loss: 1.5169e-06 - val_loss: 1.4908e-08
Epoch 373/512
512/512 - 0s - loss: 1.4976e-06 - val_loss: 1.4811e-08
Epoch 374/512
512/512 - 0s - loss: 1.4737e-06 - val_loss: 1.3771e-08
Epoch 375/512
512/512 - 0s - loss: 1.3672e-06 - val_loss: 1.2914e-08
Epoch 376/512
512/512 - 0s - loss: 1.3180e-06 - val_loss: 1.2870e-08
Epoch 377/512
512/512 - 0s - loss: 1.3102e-06 - val_loss: 1.2538e-08
Epoch 378/512
512/512 - 0s - loss: 1.2406e-06 - val_loss: 1.1908e-08
Epoch 379/512
512/512 - 0s - loss: 1.2016e-06 - val_loss: 1.1397e-08
Epoch 380/512
512/512 - 0s - loss: 1.1488e-06 - val_loss: 1.1107e-08
Epoch 381/512
512/512 - 0s - loss: 1.1203e-06 - val_loss: 1.0700e-08
Epoch 382/512
512/512 - 0s - loss: 1.0754e-06 - val_loss: 1.0242e-08
Epoch 383/512
512/512 - 0s - loss: 1.0330e-06 - val_loss: 9.9391e-09
Epoch 384/512
512/512 - 0s - loss: 1.0150e-06 - val_loss: 9.3410e-09
Epoch 385/512
512/512 - 0s - loss: 9.4046e-07 - val_loss: 9.0831e-09
Epoch 386/512
512/512 - 0s - loss: 9.2920e-07 - val_loss: 9.0976e-09
Epoch 387/512
512/512 - 0s - loss: 9.1330e-07 - val_loss: 8.5831e-09
Epoch 388/512
512/512 - 0s - loss: 8.5242e-07 - val_loss: 8.1413e-09
Epoch 389/512
512/512 - 0s - loss: 8.2853e-07 - val_loss: 7.9827e-09
Epoch 390/512
512/512 - 0s - loss: 8.0441e-07 - val_loss: 7.7524e-09
Epoch 391/512
512/512 - 0s - loss: 7.7771e-07 - val_loss: 7.3340e-09
Epoch 392/512
512/512 - 0s - loss: 7.3680e-07 - val_loss: 7.0596e-09
Epoch 393/512
512/512 - 0s - loss: 7.1584e-07 - val_loss: 6.9281e-09
Epoch 394/512
512/512 - 0s - loss: 6.9689e-07 - val_loss: 6.5813e-09
Epoch 395/512
512/512 - 0s - loss: 6.6058e-07 - val_loss: 6.3301e-09
Epoch 396/512
512/512 - 0s - loss: 6.4597e-07 - val_loss: 6.0844e-09
Epoch 397/512
512/512 - 0s - loss: 6.1298e-07 - val_loss: 5.9073e-09
Epoch 398/512
512/512 - 0s - loss: 5.9971e-07 - val_loss: 5.6771e-09
Epoch 399/512
512/512 - 0s - loss: 5.7341e-07 - val_loss: 5.3883e-09
Epoch 400/512
512/512 - 0s - loss: 5.4681e-07 - val_loss: 5.3005e-09
Epoch 401/512
512/512 - 0s - loss: 5.3537e-07 - val_loss: 5.1492e-09
Epoch 402/512
512/512 - 0s - loss: 5.1624e-07 - val_loss: 4.8783e-09
Epoch 403/512
512/512 - 0s - loss: 4.8860e-07 - val_loss: 4.6746e-09
Epoch 404/512
512/512 - 0s - loss: 4.7492e-07 - val_loss: 4.6050e-09
Epoch 405/512
512/512 - 0s - loss: 4.6652e-07 - val_loss: 4.3210e-09
Epoch 406/512
512/512 - 0s - loss: 4.3459e-07 - val_loss: 4.0995e-09
Epoch 407/512
512/512 - 0s - loss: 4.1658e-07 - val_loss: 4.1576e-09
Epoch 408/512
512/512 - 0s - loss: 4.2406e-07 - val_loss: 3.9679e-09
Epoch 409/512
512/512 - 0s - loss: 3.9310e-07 - val_loss: 3.6025e-09
Epoch 410/512
512/512 - 0s - loss: 3.6582e-07 - val_loss: 3.5933e-09
Epoch 411/512
512/512 - 0s - loss: 3.6991e-07 - val_loss: 3.6273e-09
Epoch 412/512
512/512 - 0s - loss: 3.5973e-07 - val_loss: 3.3732e-09
Epoch 413/512
512/512 - 0s - loss: 3.3477e-07 - val_loss: 3.1350e-09
Epoch 414/512
512/512 - 0s - loss: 3.2004e-07 - val_loss: 3.0901e-09
Epoch 415/512
512/512 - 0s - loss: 3.1700e-07 - val_loss: 3.0497e-09
Epoch 416/512
512/512 - 0s - loss: 3.0618e-07 - val_loss: 2.8483e-09
Epoch 417/512
512/512 - 0s - loss: 2.8346e-07 - val_loss: 2.7734e-09
Epoch 418/512
512/512 - 0s - loss: 2.8171e-07 - val_loss: 2.7340e-09
Epoch 419/512
512/512 - 0s - loss: 2.7553e-07 - val_loss: 2.5280e-09
Epoch 420/512
512/512 - 0s - loss: 2.5286e-07 - val_loss: 2.4120e-09
Epoch 421/512
512/512 - 0s - loss: 2.4778e-07 - val_loss: 2.4240e-09
Epoch 422/512
512/512 - 0s - loss: 2.4383e-07 - val_loss: 2.3507e-09
Epoch 423/512
512/512 - 0s - loss: 2.3201e-07 - val_loss: 2.1935e-09
Epoch 424/512
512/512 - 0s - loss: 2.2200e-07 - val_loss: 2.0833e-09
Epoch 425/512
512/512 - 0s - loss: 2.1076e-07 - val_loss: 2.0460e-09
Epoch 426/512
512/512 - 0s - loss: 2.0860e-07 - val_loss: 1.9923e-09
Epoch 427/512
512/512 - 0s - loss: 2.0055e-07 - val_loss: 1.8473e-09
Epoch 428/512
512/512 - 0s - loss: 1.8485e-07 - val_loss: 1.7990e-09
Epoch 429/512
512/512 - 0s - loss: 1.8743e-07 - val_loss: 1.7553e-09
Epoch 430/512
512/512 - 0s - loss: 1.7621e-07 - val_loss: 1.6495e-09
Epoch 431/512
512/512 - 0s - loss: 1.6811e-07 - val_loss: 1.6042e-09
Epoch 432/512
512/512 - 0s - loss: 1.6380e-07 - val_loss: 1.5737e-09
Epoch 433/512
512/512 - 0s - loss: 1.6025e-07 - val_loss: 1.4616e-09
Epoch 434/512
512/512 - 0s - loss: 1.4801e-07 - val_loss: 1.3990e-09
Epoch 435/512
512/512 - 0s - loss: 1.4271e-07 - val_loss: 1.4326e-09
Epoch 436/512
512/512 - 0s - loss: 1.4530e-07 - val_loss: 1.3619e-09
Epoch 437/512
512/512 - 0s - loss: 1.3410e-07 - val_loss: 1.2440e-09
Epoch 438/512
512/512 - 0s - loss: 1.2591e-07 - val_loss: 1.2405e-09
Epoch 439/512
512/512 - 0s - loss: 1.2628e-07 - val_loss: 1.2214e-09
Epoch 440/512
512/512 - 0s - loss: 1.2235e-07 - val_loss: 1.1248e-09
Epoch 441/512
512/512 - 0s - loss: 1.1314e-07 - val_loss: 1.0628e-09
Epoch 442/512
512/512 - 0s - loss: 1.0946e-07 - val_loss: 1.0614e-09
Epoch 443/512
512/512 - 0s - loss: 1.0834e-07 - val_loss: 1.0322e-09
Epoch 444/512
512/512 - 0s - loss: 1.0350e-07 - val_loss: 9.6175e-10
Epoch 445/512
512/512 - 0s - loss: 9.7755e-08 - val_loss: 9.1038e-10
Epoch 446/512
512/512 - 0s - loss: 9.3362e-08 - val_loss: 9.0252e-10
Epoch 447/512
512/512 - 0s - loss: 9.2181e-08 - val_loss: 8.8662e-10
Epoch 448/512
512/512 - 0s - loss: 8.9078e-08 - val_loss: 8.3236e-10
Epoch 449/512
512/512 - 0s - loss: 8.3337e-08 - val_loss: 7.9150e-10
Epoch 450/512
512/512 - 0s - loss: 8.1160e-08 - val_loss: 7.6936e-10
Epoch 451/512
512/512 - 0s - loss: 7.8772e-08 - val_loss: 7.3655e-10
Epoch 452/512
512/512 - 0s - loss: 7.4198e-08 - val_loss: 7.1787e-10
Epoch 453/512
512/512 - 0s - loss: 7.2803e-08 - val_loss: 6.9313e-10
Epoch 454/512
512/512 - 0s - loss: 6.9551e-08 - val_loss: 6.6223e-10
Epoch 455/512
512/512 - 0s - loss: 6.6880e-08 - val_loss: 6.3522e-10
Epoch 456/512
512/512 - 0s - loss: 6.4539e-08 - val_loss: 6.0042e-10
Epoch 457/512
512/512 - 0s - loss: 6.1358e-08 - val_loss: 5.7709e-10
Epoch 458/512
512/512 - 0s - loss: 5.9396e-08 - val_loss: 5.6468e-10
Epoch 459/512
512/512 - 0s - loss: 5.7630e-08 - val_loss: 5.4411e-10
Epoch 460/512
512/512 - 0s - loss: 5.4824e-08 - val_loss: 5.1952e-10
Epoch 461/512
512/512 - 0s - loss: 5.2721e-08 - val_loss: 5.0424e-10
Epoch 462/512
512/512 - 0s - loss: 5.1490e-08 - val_loss: 4.8214e-10
Epoch 463/512
512/512 - 0s - loss: 4.8468e-08 - val_loss: 4.6736e-10
Epoch 464/512
512/512 - 0s - loss: 4.7681e-08 - val_loss: 4.4484e-10
Epoch 465/512
512/512 - 0s - loss: 4.5013e-08 - val_loss: 4.2716e-10
Epoch 466/512
512/512 - 0s - loss: 4.3815e-08 - val_loss: 4.1015e-10
Epoch 467/512
512/512 - 0s - loss: 4.1689e-08 - val_loss: 3.9508e-10
Epoch 468/512
512/512 - 0s - loss: 4.0343e-08 - val_loss: 3.8595e-10
Epoch 469/512
512/512 - 0s - loss: 3.9236e-08 - val_loss: 3.7011e-10
Epoch 470/512
512/512 - 0s - loss: 3.7099e-08 - val_loss: 3.5662e-10
Epoch 471/512
512/512 - 0s - loss: 3.6674e-08 - val_loss: 3.3627e-10
Epoch 472/512
512/512 - 0s - loss: 3.4222e-08 - val_loss: 3.2397e-10
Epoch 473/512
512/512 - 0s - loss: 3.3074e-08 - val_loss: 3.1948e-10
Epoch 474/512
512/512 - 0s - loss: 3.2604e-08 - val_loss: 3.0872e-10
Epoch 475/512
512/512 - 0s - loss: 3.1223e-08 - val_loss: 2.8742e-10
Epoch 476/512
512/512 - 0s - loss: 2.9056e-08 - val_loss: 2.7819e-10
Epoch 477/512
512/512 - 0s - loss: 2.8780e-08 - val_loss: 2.7252e-10
Epoch 478/512
512/512 - 0s - loss: 2.7757e-08 - val_loss: 2.6095e-10
Epoch 479/512
512/512 - 0s - loss: 2.6515e-08 - val_loss: 2.5138e-10
Epoch 480/512
512/512 - 0s - loss: 2.5717e-08 - val_loss: 2.4012e-10
Epoch 481/512
512/512 - 0s - loss: 2.4372e-08 - val_loss: 2.3431e-10
Epoch 482/512
512/512 - 0s - loss: 2.3968e-08 - val_loss: 2.2710e-10
Epoch 483/512
512/512 - 0s - loss: 2.2965e-08 - val_loss: 2.1670e-10
Epoch 484/512
512/512 - 0s - loss: 2.2034e-08 - val_loss: 2.0697e-10
Epoch 485/512
512/512 - 0s - loss: 2.1176e-08 - val_loss: 1.9964e-10
Epoch 486/512
512/512 - 0s - loss: 2.0323e-08 - val_loss: 1.9621e-10
Epoch 487/512
512/512 - 0s - loss: 1.9948e-08 - val_loss: 1.8883e-10
Epoch 488/512
512/512 - 0s - loss: 1.9186e-08 - val_loss: 1.7871e-10
Epoch 489/512
512/512 - 0s - loss: 1.8058e-08 - val_loss: 1.7198e-10
Epoch 490/512
512/512 - 0s - loss: 1.7587e-08 - val_loss: 1.6998e-10
Epoch 491/512
512/512 - 0s - loss: 1.7448e-08 - val_loss: 1.6194e-10
Epoch 492/512
512/512 - 0s - loss: 1.6410e-08 - val_loss: 1.5249e-10
Epoch 493/512
512/512 - 0s - loss: 1.5538e-08 - val_loss: 1.4970e-10
Epoch 494/512
512/512 - 0s - loss: 1.5480e-08 - val_loss: 1.4586e-10
Epoch 495/512
512/512 - 0s - loss: 1.4871e-08 - val_loss: 1.4042e-10
Epoch 496/512
512/512 - 0s - loss: 1.4225e-08 - val_loss: 1.3391e-10
Epoch 497/512
512/512 - 0s - loss: 1.3722e-08 - val_loss: 1.2925e-10
Epoch 498/512
512/512 - 0s - loss: 1.3245e-08 - val_loss: 1.2651e-10
Epoch 499/512
512/512 - 0s - loss: 1.2987e-08 - val_loss: 1.2175e-10
Epoch 500/512
512/512 - 0s - loss: 1.2341e-08 - val_loss: 1.1651e-10
Epoch 501/512
512/512 - 0s - loss: 1.2000e-08 - val_loss: 1.1232e-10
Epoch 502/512
512/512 - 0s - loss: 1.1519e-08 - val_loss: 1.0749e-10
Epoch 503/512
512/512 - 0s - loss: 1.1053e-08 - val_loss: 1.0550e-10
Epoch 504/512
512/512 - 0s - loss: 1.0870e-08 - val_loss: 1.0249e-10
Epoch 505/512
512/512 - 0s - loss: 1.0447e-08 - val_loss: 9.8242e-11
Epoch 506/512
512/512 - 0s - loss: 1.0021e-08 - val_loss: 9.6579e-11
Epoch 507/512
512/512 - 0s - loss: 9.8727e-09 - val_loss: 9.2544e-11
Epoch 508/512
512/512 - 0s - loss: 9.4332e-09 - val_loss: 8.8459e-11
Epoch 509/512
512/512 - 0s - loss: 9.0323e-09 - val_loss: 8.6345e-11
Epoch 510/512
512/512 - 0s - loss: 8.8766e-09 - val_loss: 8.4479e-11
Epoch 511/512
512/512 - 0s - loss: 8.6717e-09 - val_loss: 8.0927e-11
Epoch 512/512
512/512 - 0s - loss: 8.2458e-09 - val_loss: 7.7221e-11
2024-04-13 10:24:27.966392: I tensorflow/stream_executor/platform/default/dso_loader.cc:44] Successfully opened dynamic library libcudnn.so.7
2024-04-13 10:24:27.981131: E tensorflow/stream_executor/cuda/cuda_dnn.cc:329] Could not create cudnn handle: CUDNN_STATUS_INTERNAL_ERROR
2024-04-13 10:24:27.988892: E tensorflow/stream_executor/cuda/cuda_dnn.cc:329] Could not create cudnn handle: CUDNN_STATUS_INTERNAL_ERROR
2024-04-13 10:24:28.001821: E tensorflow/stream_executor/cuda/cuda_dnn.cc:329] Could not create cudnn handle: CUDNN_STATUS_INTERNAL_ERROR
2024-04-13 10:24:28.008999: E tensorflow/stream_executor/cuda/cuda_dnn.cc:329] Could not create cudnn handle: CUDNN_STATUS_INTERNAL_ERROR
Traceback (most recent call last):
  File "training_nn.py", line 84, in <module>
    X1_cipher_train_a, X2_cipher_train_a, y_cipher_train_a = generate_cipher_dataset(p1_bits, p2_bits, batch_size, public_arr, alice, task_a, nonce_bits, 0)
  File "/mnt/beegfs/home/minawoi/master-thesis/data_utils/dataset_generator.py", line 88, in generate_cipher_dataset
    cipher1, cipher2 = alice.predict([public_arr, p1_batch, p2_batch, nonce])
  File "/home/stud/minawoi/miniconda3/envs/conda-venv/lib/python3.7/site-packages/tensorflow_core/python/keras/engine/training.py", line 908, in predict
    use_multiprocessing=use_multiprocessing)
  File "/home/stud/minawoi/miniconda3/envs/conda-venv/lib/python3.7/site-packages/tensorflow_core/python/keras/engine/training_arrays.py", line 723, in predict
    callbacks=callbacks)
  File "/home/stud/minawoi/miniconda3/envs/conda-venv/lib/python3.7/site-packages/tensorflow_core/python/keras/engine/training_arrays.py", line 394, in model_iteration
    batch_outs = f(ins_batch)
  File "/home/stud/minawoi/miniconda3/envs/conda-venv/lib/python3.7/site-packages/tensorflow_core/python/keras/backend.py", line 3476, in __call__
    run_metadata=self.run_metadata)
  File "/home/stud/minawoi/miniconda3/envs/conda-venv/lib/python3.7/site-packages/tensorflow_core/python/client/session.py", line 1472, in __call__
    run_metadata_ptr)
tensorflow.python.framework.errors_impl.UnknownError: 2 root error(s) found.
  (0) Unknown: Failed to get convolution algorithm. This is probably because cuDNN failed to initialize, so try looking to see if a warning log message was printed above.
	 [[{{node conv1d/conv1d}}]]
	 [[flatten/Reshape/_203]]
  (1) Unknown: Failed to get convolution algorithm. This is probably because cuDNN failed to initialize, so try looking to see if a warning log message was printed above.
	 [[{{node conv1d/conv1d}}]]
0 successful operations.
0 derived errors ignored.
